#
# There is insufficient memory for the Java Runtime Environment to continue.
# Native memory allocation (malloc) failed to allocate 808656 bytes for Chunk::new
# Possible reasons:
#   The system is out of physical RAM or swap space
#   The process is running with CompressedOops enabled, and the Java Heap may be blocking the growth of the native heap
# Possible solutions:
#   Reduce memory load on the system
#   Increase physical memory or swap space
#   Check if swap backing store is full
#   Decrease Java heap size (-Xmx/-Xms)
#   Decrease number of Java threads
#   Decrease Java thread stack sizes (-Xss)
#   Set larger code cache with -XX:ReservedCodeCacheSize=
#   JVM is running with Unscaled Compressed Oops mode in which the Java heap is
#     placed in the first 4GB address space. The Java Heap base address is the
#     maximum limit for the native heap growth. Please use -XX:HeapBaseMinAddress
#     to set the Java Heap base and to place the Java Heap above 4GB virtual address.
# This output file may be truncated or incomplete.
#
#  Out of Memory Error (arena.cpp:184), pid=7968, tid=16836
#
# JRE version: OpenJDK Runtime Environment (18.0.1.1+2) (build 18.0.1.1+2-6)
# Java VM: OpenJDK 64-Bit Server VM (18.0.1.1+2-6, mixed mode, sharing, tiered, compressed oops, compressed class ptrs, g1 gc, windows-amd64)
# No core dump will be written. Minidumps are not enabled by default on client versions of Windows
#

---------------  S U M M A R Y ------------

Command Line: -Dmaven.multiModuleProjectDirectory=D:\New OpenVidu\openvidu-call\openvidu-call-back-java -Djansi.passthrough=true -Dmaven.home=C:\Program Files\JetBrains\IntelliJ IDEA Community Edition 2022.3.1\plugins\maven\lib\maven3 -Dclassworlds.conf=C:\Program Files\JetBrains\IntelliJ IDEA Community Edition 2022.3.1\plugins\maven\lib\maven3\bin\m2.conf -Dmaven.ext.class.path=C:\Program Files\JetBrains\IntelliJ IDEA Community Edition 2022.3.1\plugins\maven\lib\maven-event-listener.jar -javaagent:C:\Program Files\JetBrains\IntelliJ IDEA Community Edition 2022.3.1\lib\idea_rt.jar=53830:C:\Program Files\JetBrains\IntelliJ IDEA Community Edition 2022.3.1\bin -Dfile.encoding=UTF-8 -Dsun.stdout.encoding=UTF-8 -Dsun.stderr.encoding=UTF-8 org.codehaus.classworlds.Launcher -Didea.version=2022.3.1 clean package

Host: Intel(R) Core(TM) i5-7300U CPU @ 2.60GHz, 4 cores, 7G,  Windows 10 , 64 bit Build 19041 (10.0.19041.2364)
Time: Sun Feb 12 14:00:49 2023 India Standard Time elapsed time: 13.659350 seconds (0d 0h 0m 13s)

---------------  T H R E A D  ---------------

Current thread (0x000002a71bf95030):  JavaThread "C2 CompilerThread1" daemon [_thread_in_native, id=16836, stack(0x000000e899500000,0x000000e899600000)]


Current CompileTask:
C2:  13659 7857       4       org.apache.maven.model.inheritance.DefaultInheritanceAssembler$InheritanceModelMerger::mergePluginContainer_Plugins (430 bytes)

Stack: [0x000000e899500000,0x000000e899600000]
Native frames: (J=compiled Java code, j=interpreted, Vv=VM code, C=native code)
V  [jvm.dll+0x69887a]
V  [jvm.dll+0x7f38bd]
V  [jvm.dll+0x7f51ce]
V  [jvm.dll+0x7f5883]
V  [jvm.dll+0x25ca3f]
V  [jvm.dll+0xb8c2f]
V  [jvm.dll+0xb8fa5]
V  [jvm.dll+0x2c794f]
V  [jvm.dll+0x5a05b0]
V  [jvm.dll+0x237f1e]
V  [jvm.dll+0x23122f]
V  [jvm.dll+0x22eeeb]
V  [jvm.dll+0x1b9cfc]
V  [jvm.dll+0x23e8ca]
V  [jvm.dll+0x23cbb5]
V  [jvm.dll+0x7a5fb1]
V  [jvm.dll+0x7a03ea]
V  [jvm.dll+0x697725]
C  [ucrtbase.dll+0x21bb2]
C  [KERNEL32.DLL+0x17614]
C  [ntdll.dll+0x526a1]


---------------  P R O C E S S  ---------------

Threads class SMR info:
_java_thread_list=0x000002a719f5c500, length=22, elements={
0x000002a7778e0ac0, 0x000002a71526b470, 0x000002a7152700e0, 0x000002a715289020,
0x000002a715289c80, 0x000002a71528b630, 0x000002a71528bfd0, 0x000002a71528cca0,
0x000002a7152f5150, 0x000002a7152fb260, 0x000002a71533e590, 0x000002a7196c0eb0,
0x000002a7196c1370, 0x000002a71d080f30, 0x000002a71d083a80, 0x000002a71d080a60,
0x000002a71bf95030, 0x000002a71d081400, 0x000002a71d0818d0, 0x000002a71d081da0,
0x000002a71d083f50, 0x000002a71d082270
}

Java Threads: ( => current thread )
  0x000002a7778e0ac0 JavaThread "main" [_thread_in_Java, id=13440, stack(0x000000e897900000,0x000000e897a00000)]
  0x000002a71526b470 JavaThread "Reference Handler" daemon [_thread_blocked, id=12048, stack(0x000000e898000000,0x000000e898100000)]
  0x000002a7152700e0 JavaThread "Finalizer" daemon [_thread_blocked, id=9536, stack(0x000000e898100000,0x000000e898200000)]
  0x000002a715289020 JavaThread "Signal Dispatcher" daemon [_thread_blocked, id=13212, stack(0x000000e898200000,0x000000e898300000)]
  0x000002a715289c80 JavaThread "Attach Listener" daemon [_thread_blocked, id=19808, stack(0x000000e898300000,0x000000e898400000)]
  0x000002a71528b630 JavaThread "Service Thread" daemon [_thread_blocked, id=14068, stack(0x000000e898400000,0x000000e898500000)]
  0x000002a71528bfd0 JavaThread "Monitor Deflation Thread" daemon [_thread_blocked, id=11420, stack(0x000000e898500000,0x000000e898600000)]
  0x000002a71528cca0 JavaThread "C2 CompilerThread0" daemon [_thread_blocked, id=16164, stack(0x000000e898600000,0x000000e898700000)]
  0x000002a7152f5150 JavaThread "C1 CompilerThread0" daemon [_thread_blocked, id=15628, stack(0x000000e898700000,0x000000e898800000)]
  0x000002a7152fb260 JavaThread "Sweeper thread" daemon [_thread_blocked, id=11708, stack(0x000000e898800000,0x000000e898900000)]
  0x000002a71533e590 JavaThread "Common-Cleaner" daemon [_thread_blocked, id=4404, stack(0x000000e898900000,0x000000e898a00000)]
  0x000002a7196c0eb0 JavaThread "Monitor Ctrl-Break" daemon [_thread_in_native, id=8852, stack(0x000000e898a00000,0x000000e898b00000)]
  0x000002a7196c1370 JavaThread "Notification Thread" daemon [_thread_blocked, id=12176, stack(0x000000e898b00000,0x000000e898c00000)]
  0x000002a71d080f30 JavaThread "resolver-1" daemon [_thread_blocked, id=13316, stack(0x000000e898d00000,0x000000e898e00000)]
  0x000002a71d083a80 JavaThread "resolver-2" daemon [_thread_blocked, id=9532, stack(0x000000e899300000,0x000000e899400000)]
  0x000002a71d080a60 JavaThread "resolver-3" daemon [_thread_blocked, id=12852, stack(0x000000e899400000,0x000000e899500000)]
=>0x000002a71bf95030 JavaThread "C2 CompilerThread1" daemon [_thread_in_native, id=16836, stack(0x000000e899500000,0x000000e899600000)]
  0x000002a71d081400 JavaThread "resolver-4" daemon [_thread_blocked, id=13352, stack(0x000000e899600000,0x000000e899700000)]
  0x000002a71d0818d0 JavaThread "resolver-5" daemon [_thread_blocked, id=20472, stack(0x000000e899700000,0x000000e899800000)]
  0x000002a71d081da0 JavaThread "timeout-check-timer" daemon [_thread_blocked, id=14468, stack(0x000000e899800000,0x000000e899900000)]
  0x000002a71d083f50 JavaThread "ping-timer-10s" daemon [_thread_blocked, id=276, stack(0x000000e899900000,0x000000e899a00000)]
  0x000002a71d082270 JavaThread "ThreadedStreamConsumer" daemon [_thread_blocked, id=8616, stack(0x000000e899a00000,0x000000e899b00000)]

Other Threads:
  0x000002a715267cd0 VMThread "VM Thread" [stack: 0x000000e897f00000,0x000000e898000000] [id=8704]
  0x000002a71964a690 WatcherThread "VM Periodic Task Thread" [stack: 0x000000e898c00000,0x000000e898d00000] [id=6900]
  0x000002a77793f060 WorkerThread "GC Thread#0" [stack: 0x000000e897a00000,0x000000e897b00000] [id=15884]
  0x000002a719f0c5e0 WorkerThread "GC Thread#1" [stack: 0x000000e898e00000,0x000000e898f00000] [id=12604]
  0x000002a719f0c880 WorkerThread "GC Thread#2" [stack: 0x000000e898f00000,0x000000e899000000] [id=16504]
  0x000002a719eab070 WorkerThread "GC Thread#3" [stack: 0x000000e899000000,0x000000e899100000] [id=14668]
  0x000002a777950c20 ConcurrentGCThread "G1 Main Marker" [stack: 0x000000e897b00000,0x000000e897c00000] [id=7952]
  0x000002a777951610 WorkerThread "G1 Conc#0" [stack: 0x000000e897c00000,0x000000e897d00000] [id=16160]
  0x000002a77798ef70 ConcurrentGCThread "G1 Refine#0" [stack: 0x000000e897d00000,0x000000e897e00000] [id=1960]
  0x000002a719ea9b70 ConcurrentGCThread "G1 Refine#1" [stack: 0x000000e899100000,0x000000e899200000] [id=7920]
  0x000002a71afa2560 ConcurrentGCThread "G1 Refine#2" [stack: 0x000000e899200000,0x000000e899300000] [id=7904]
  0x000002a77798f880 ConcurrentGCThread "G1 Service" [stack: 0x000000e897e00000,0x000000e897f00000] [id=10544]

Threads with active compile tasks:
C2 CompilerThread1    13695 7857       4       org.apache.maven.model.inheritance.DefaultInheritanceAssembler$InheritanceModelMerger::mergePluginContainer_Plugins (430 bytes)

VM state: not at safepoint (normal execution)

VM Mutex/Monitor currently owned by a thread: None

Heap address: 0x0000000081c00000, size: 2020 MB, Compressed Oops mode: 32-bit

CDS archive(s) mapped at: [0x0000000800000000-0x0000000800b90000-0x0000000800b90000), size 12124160, SharedBaseAddress: 0x0000000800000000, ArchiveRelocationMode: 0.
Compressed class space mapped at: 0x0000000800c00000-0x0000000840c00000, reserved size: 1073741824
Narrow klass base: 0x0000000800000000, Narrow klass shift: 0, Narrow klass range: 0x100000000

GC Precious Log:
 CardTable entry size: 512
 Card Set container configuration: InlinePtr #cards 5 size 8 Array Of Cards #cards 12 size 40 Howl #buckets 4 coarsen threshold 1843 Howl Bitmap #cards 512 size 80 coarsen threshold 460 Card regions per heap region 1 cards per card region 2048
 CPUs: 4 total, 4 available
 Memory: 8074M
 Large Page Support: Disabled
 NUMA Support: Disabled
 Compressed Oops: Enabled (32-bit)
 Heap Region Size: 1M
 Heap Min Capacity: 8M
 Heap Initial Capacity: 128M
 Heap Max Capacity: 2020M
 Pre-touch: Disabled
 Parallel Workers: 4
 Concurrent Workers: 1
 Concurrent Refinement Workers: 4
 Periodic GC: Disabled

Heap:
 garbage-first heap   total 201728K, used 65515K [0x0000000081c00000, 0x0000000100000000)
  region size 1024K, 22 young (22528K), 1 survivors (1024K)
 Metaspace       used 30570K, committed 31040K, reserved 1114112K
  class space    used 3253K, committed 3456K, reserved 1048576K

Heap Regions: E=young(eden), S=young(survivor), O=old, HS=humongous(starts), HC=humongous(continues), CS=collection set, F=free, OA=open archive, CA=closed archive, TAMS=top-at-mark-start (previous, next)
|   0|0x0000000081c00000, 0x0000000081d00000, 0x0000000081d00000|100%| O|  |TAMS 0x0000000081d00000, 0x0000000081c00000| Untracked 
|   1|0x0000000081d00000, 0x0000000081e00000, 0x0000000081e00000|100%| O|  |TAMS 0x0000000081e00000, 0x0000000081d00000| Untracked 
|   2|0x0000000081e00000, 0x0000000081f00000, 0x0000000081f00000|100%| O|  |TAMS 0x0000000081f00000, 0x0000000081e00000| Untracked 
|   3|0x0000000081f00000, 0x0000000082000000, 0x0000000082000000|100%| O|  |TAMS 0x0000000082000000, 0x0000000081f00000| Untracked 
|   4|0x0000000082000000, 0x0000000082100000, 0x0000000082100000|100%| O|  |TAMS 0x0000000082100000, 0x0000000082000000| Untracked 
|   5|0x0000000082100000, 0x0000000082200000, 0x0000000082200000|100%| O|  |TAMS 0x0000000082200000, 0x0000000082100000| Untracked 
|   6|0x0000000082200000, 0x0000000082300000, 0x0000000082300000|100%| O|  |TAMS 0x0000000082300000, 0x0000000082200000| Untracked 
|   7|0x0000000082300000, 0x0000000082400000, 0x0000000082400000|100%| O|  |TAMS 0x0000000082400000, 0x0000000082300000| Untracked 
|   8|0x0000000082400000, 0x0000000082500000, 0x0000000082500000|100%| O|  |TAMS 0x0000000082500000, 0x0000000082400000| Untracked 
|   9|0x0000000082500000, 0x0000000082600000, 0x0000000082600000|100%| O|  |TAMS 0x0000000082600000, 0x0000000082500000| Untracked 
|  10|0x0000000082600000, 0x0000000082700000, 0x0000000082700000|100%| O|  |TAMS 0x0000000082700000, 0x0000000082600000| Untracked 
|  11|0x0000000082700000, 0x0000000082800000, 0x0000000082800000|100%| O|  |TAMS 0x0000000082800000, 0x0000000082700000| Untracked 
|  12|0x0000000082800000, 0x0000000082900000, 0x0000000082900000|100%| O|  |TAMS 0x0000000082900000, 0x0000000082800000| Untracked 
|  13|0x0000000082900000, 0x0000000082a00000, 0x0000000082a00000|100%| O|  |TAMS 0x0000000082a00000, 0x0000000082900000| Untracked 
|  14|0x0000000082a00000, 0x0000000082b00000, 0x0000000082b00000|100%| O|  |TAMS 0x0000000082b00000, 0x0000000082a00000| Untracked 
|  15|0x0000000082b00000, 0x0000000082c00000, 0x0000000082c00000|100%| O|  |TAMS 0x0000000082c00000, 0x0000000082b00000| Untracked 
|  16|0x0000000082c00000, 0x0000000082d00000, 0x0000000082d00000|100%| O|  |TAMS 0x0000000082d00000, 0x0000000082c00000| Untracked 
|  17|0x0000000082d00000, 0x0000000082e00000, 0x0000000082e00000|100%| O|  |TAMS 0x0000000082e00000, 0x0000000082d00000| Untracked 
|  18|0x0000000082e00000, 0x0000000082f00000, 0x0000000082f00000|100%| O|  |TAMS 0x0000000082f00000, 0x0000000082e00000| Untracked 
|  19|0x0000000082f00000, 0x0000000082f00000, 0x0000000083000000|  0%| F|  |TAMS 0x0000000082f00000, 0x0000000082f00000| Untracked 
|  20|0x0000000083000000, 0x0000000083000000, 0x0000000083100000|  0%| F|  |TAMS 0x0000000083000000, 0x0000000083000000| Untracked 
|  21|0x0000000083100000, 0x0000000083100000, 0x0000000083200000|  0%| F|  |TAMS 0x0000000083100000, 0x0000000083100000| Untracked 
|  22|0x0000000083200000, 0x0000000083200000, 0x0000000083300000|  0%| F|  |TAMS 0x0000000083200000, 0x0000000083200000| Untracked 
|  23|0x0000000083300000, 0x0000000083400000, 0x0000000083400000|100%| O|  |TAMS 0x0000000083400000, 0x0000000083300000| Untracked 
|  24|0x0000000083400000, 0x0000000083400000, 0x0000000083500000|  0%| F|  |TAMS 0x0000000083400000, 0x0000000083400000| Untracked 
|  25|0x0000000083500000, 0x0000000083500000, 0x0000000083600000|  0%| F|  |TAMS 0x0000000083500000, 0x0000000083500000| Untracked 
|  26|0x0000000083600000, 0x0000000083600000, 0x0000000083700000|  0%| F|  |TAMS 0x0000000083600000, 0x0000000083600000| Untracked 
|  27|0x0000000083700000, 0x0000000083800000, 0x0000000083800000|100%| O|  |TAMS 0x0000000083800000, 0x0000000083700000| Untracked 
|  28|0x0000000083800000, 0x0000000083800000, 0x0000000083900000|  0%| F|  |TAMS 0x0000000083800000, 0x0000000083800000| Untracked 
|  29|0x0000000083900000, 0x0000000083a00000, 0x0000000083a00000|100%| O|  |TAMS 0x0000000083900000, 0x0000000083900000| Untracked 
|  30|0x0000000083a00000, 0x0000000083b00000, 0x0000000083b00000|100%|HS|  |TAMS 0x0000000083b00000, 0x0000000083a00000| Complete 
|  31|0x0000000083b00000, 0x0000000083c00000, 0x0000000083c00000|100%|HC|  |TAMS 0x0000000083c00000, 0x0000000083b00000| Complete 
|  32|0x0000000083c00000, 0x0000000083c00000, 0x0000000083d00000|  0%| F|  |TAMS 0x0000000083c00000, 0x0000000083c00000| Untracked 
|  33|0x0000000083d00000, 0x0000000083d00000, 0x0000000083e00000|  0%| F|  |TAMS 0x0000000083d00000, 0x0000000083d00000| Untracked 
|  34|0x0000000083e00000, 0x0000000083f00000, 0x0000000083f00000|100%| O|  |TAMS 0x0000000083f00000, 0x0000000083e00000| Untracked 
|  35|0x0000000083f00000, 0x0000000084000000, 0x0000000084000000|100%| O|  |TAMS 0x0000000084000000, 0x0000000083f00000| Untracked 
|  36|0x0000000084000000, 0x0000000084100000, 0x0000000084100000|100%| O|  |TAMS 0x0000000084100000, 0x0000000084000000| Untracked 
|  37|0x0000000084100000, 0x0000000084200000, 0x0000000084200000|100%| O|  |TAMS 0x0000000084200000, 0x0000000084100000| Untracked 
|  38|0x0000000084200000, 0x0000000084300000, 0x0000000084300000|100%| O|  |TAMS 0x0000000084300000, 0x0000000084200000| Untracked 
|  39|0x0000000084300000, 0x0000000084400000, 0x0000000084400000|100%| O|  |TAMS 0x0000000084400000, 0x0000000084300000| Untracked 
|  40|0x0000000084400000, 0x0000000084500000, 0x0000000084500000|100%| O|  |TAMS 0x0000000084500000, 0x0000000084400000| Untracked 
|  41|0x0000000084500000, 0x0000000084600000, 0x0000000084600000|100%| O|  |TAMS 0x0000000084600000, 0x0000000084500000| Untracked 
|  42|0x0000000084600000, 0x0000000084700000, 0x0000000084700000|100%| O|  |TAMS 0x0000000084700000, 0x0000000084600000| Untracked 
|  43|0x0000000084700000, 0x0000000084800000, 0x0000000084800000|100%| O|  |TAMS 0x0000000084800000, 0x0000000084700000| Untracked 
|  44|0x0000000084800000, 0x0000000084900000, 0x0000000084900000|100%| O|  |TAMS 0x000000008489d400, 0x0000000084800000| Untracked 
|  45|0x0000000084900000, 0x0000000084a00000, 0x0000000084a00000|100%| O|  |TAMS 0x0000000084900000, 0x0000000084900000| Untracked 
|  46|0x0000000084a00000, 0x0000000084b00000, 0x0000000084b00000|100%| O|  |TAMS 0x0000000084a00000, 0x0000000084a00000| Untracked 
|  47|0x0000000084b00000, 0x0000000084c00000, 0x0000000084c00000|100%| O|  |TAMS 0x0000000084b00000, 0x0000000084b00000| Untracked 
|  48|0x0000000084c00000, 0x0000000084d00000, 0x0000000084d00000|100%| O|  |TAMS 0x0000000084c00000, 0x0000000084c00000| Untracked 
|  49|0x0000000084d00000, 0x0000000084e00000, 0x0000000084e00000|100%| O|  |TAMS 0x0000000084d00000, 0x0000000084d00000| Untracked 
|  50|0x0000000084e00000, 0x0000000084f00000, 0x0000000084f00000|100%| O|  |TAMS 0x0000000084e00000, 0x0000000084e00000| Untracked 
|  51|0x0000000084f00000, 0x0000000085000000, 0x0000000085000000|100%| O|  |TAMS 0x0000000084f00000, 0x0000000084f00000| Untracked 
|  52|0x0000000085000000, 0x0000000085100000, 0x0000000085100000|100%| O|  |TAMS 0x0000000085000000, 0x0000000085000000| Untracked 
|  53|0x0000000085100000, 0x0000000085100000, 0x0000000085200000|  0%| F|  |TAMS 0x0000000085100000, 0x0000000085100000| Untracked 
|  54|0x0000000085200000, 0x0000000085200000, 0x0000000085300000|  0%| F|  |TAMS 0x0000000085200000, 0x0000000085200000| Untracked 
|  55|0x0000000085300000, 0x0000000085300000, 0x0000000085400000|  0%| F|  |TAMS 0x0000000085300000, 0x0000000085300000| Untracked 
|  56|0x0000000085400000, 0x0000000085400000, 0x0000000085500000|  0%| F|  |TAMS 0x0000000085400000, 0x0000000085400000| Untracked 
|  57|0x0000000085500000, 0x0000000085500000, 0x0000000085600000|  0%| F|  |TAMS 0x0000000085500000, 0x0000000085500000| Untracked 
|  58|0x0000000085600000, 0x0000000085600000, 0x0000000085700000|  0%| F|  |TAMS 0x0000000085600000, 0x0000000085600000| Untracked 
|  59|0x0000000085700000, 0x0000000085700000, 0x0000000085800000|  0%| F|  |TAMS 0x0000000085700000, 0x0000000085700000| Untracked 
|  60|0x0000000085800000, 0x0000000085800000, 0x0000000085900000|  0%| F|  |TAMS 0x0000000085800000, 0x0000000085800000| Untracked 
|  61|0x0000000085900000, 0x0000000085900000, 0x0000000085a00000|  0%| F|  |TAMS 0x0000000085900000, 0x0000000085900000| Untracked 
|  62|0x0000000085a00000, 0x0000000085a00000, 0x0000000085b00000|  0%| F|  |TAMS 0x0000000085a00000, 0x0000000085a00000| Untracked 
|  63|0x0000000085b00000, 0x0000000085b00000, 0x0000000085c00000|  0%| F|  |TAMS 0x0000000085b00000, 0x0000000085b00000| Untracked 
|  64|0x0000000085c00000, 0x0000000085c00000, 0x0000000085d00000|  0%| F|  |TAMS 0x0000000085c00000, 0x0000000085c00000| Untracked 
|  65|0x0000000085d00000, 0x0000000085d00000, 0x0000000085e00000|  0%| F|  |TAMS 0x0000000085d00000, 0x0000000085d00000| Untracked 
|  66|0x0000000085e00000, 0x0000000085e00000, 0x0000000085f00000|  0%| F|  |TAMS 0x0000000085e00000, 0x0000000085e00000| Untracked 
|  67|0x0000000085f00000, 0x0000000085f00000, 0x0000000086000000|  0%| F|  |TAMS 0x0000000085f00000, 0x0000000085f00000| Untracked 
|  68|0x0000000086000000, 0x0000000086000000, 0x0000000086100000|  0%| F|  |TAMS 0x0000000086000000, 0x0000000086000000| Untracked 
|  69|0x0000000086100000, 0x0000000086100000, 0x0000000086200000|  0%| F|  |TAMS 0x0000000086100000, 0x0000000086100000| Untracked 
|  70|0x0000000086200000, 0x0000000086200000, 0x0000000086300000|  0%| F|  |TAMS 0x0000000086200000, 0x0000000086200000| Untracked 
|  71|0x0000000086300000, 0x0000000086300000, 0x0000000086400000|  0%| F|  |TAMS 0x0000000086300000, 0x0000000086300000| Untracked 
|  72|0x0000000086400000, 0x0000000086400000, 0x0000000086500000|  0%| F|  |TAMS 0x0000000086400000, 0x0000000086400000| Untracked 
|  73|0x0000000086500000, 0x0000000086500000, 0x0000000086600000|  0%| F|  |TAMS 0x0000000086500000, 0x0000000086500000| Untracked 
|  74|0x0000000086600000, 0x0000000086600000, 0x0000000086700000|  0%| F|  |TAMS 0x0000000086600000, 0x0000000086600000| Untracked 
|  75|0x0000000086700000, 0x0000000086700000, 0x0000000086800000|  0%| F|  |TAMS 0x0000000086700000, 0x0000000086700000| Untracked 
|  76|0x0000000086800000, 0x0000000086800000, 0x0000000086900000|  0%| F|  |TAMS 0x0000000086800000, 0x0000000086800000| Untracked 
|  77|0x0000000086900000, 0x0000000086900000, 0x0000000086a00000|  0%| F|  |TAMS 0x0000000086900000, 0x0000000086900000| Untracked 
|  78|0x0000000086a00000, 0x0000000086a00000, 0x0000000086b00000|  0%| F|  |TAMS 0x0000000086a00000, 0x0000000086a00000| Untracked 
|  79|0x0000000086b00000, 0x0000000086b00000, 0x0000000086c00000|  0%| F|  |TAMS 0x0000000086b00000, 0x0000000086b00000| Untracked 
|  80|0x0000000086c00000, 0x0000000086c00000, 0x0000000086d00000|  0%| F|  |TAMS 0x0000000086c00000, 0x0000000086c00000| Untracked 
|  81|0x0000000086d00000, 0x0000000086d00000, 0x0000000086e00000|  0%| F|  |TAMS 0x0000000086d00000, 0x0000000086d00000| Untracked 
|  82|0x0000000086e00000, 0x0000000086e00000, 0x0000000086f00000|  0%| F|  |TAMS 0x0000000086e00000, 0x0000000086e00000| Untracked 
|  83|0x0000000086f00000, 0x0000000086f00000, 0x0000000087000000|  0%| F|  |TAMS 0x0000000086f00000, 0x0000000086f00000| Untracked 
|  84|0x0000000087000000, 0x0000000087000000, 0x0000000087100000|  0%| F|  |TAMS 0x0000000087000000, 0x0000000087000000| Untracked 
|  85|0x0000000087100000, 0x0000000087100000, 0x0000000087200000|  0%| F|  |TAMS 0x0000000087100000, 0x0000000087100000| Untracked 
|  86|0x0000000087200000, 0x0000000087200000, 0x0000000087300000|  0%| F|  |TAMS 0x0000000087200000, 0x0000000087200000| Untracked 
|  87|0x0000000087300000, 0x0000000087300000, 0x0000000087400000|  0%| F|  |TAMS 0x0000000087300000, 0x0000000087300000| Untracked 
|  88|0x0000000087400000, 0x0000000087400000, 0x0000000087500000|  0%| F|  |TAMS 0x0000000087400000, 0x0000000087400000| Untracked 
|  89|0x0000000087500000, 0x0000000087500000, 0x0000000087600000|  0%| F|  |TAMS 0x0000000087500000, 0x0000000087500000| Untracked 
|  90|0x0000000087600000, 0x0000000087600000, 0x0000000087700000|  0%| F|  |TAMS 0x0000000087600000, 0x0000000087600000| Untracked 
|  91|0x0000000087700000, 0x0000000087700000, 0x0000000087800000|  0%| F|  |TAMS 0x0000000087700000, 0x0000000087700000| Untracked 
|  92|0x0000000087800000, 0x0000000087800000, 0x0000000087900000|  0%| F|  |TAMS 0x0000000087800000, 0x0000000087800000| Untracked 
|  93|0x0000000087900000, 0x0000000087900000, 0x0000000087a00000|  0%| F|  |TAMS 0x0000000087900000, 0x0000000087900000| Untracked 
|  94|0x0000000087a00000, 0x0000000087a00000, 0x0000000087b00000|  0%| F|  |TAMS 0x0000000087a00000, 0x0000000087a00000| Untracked 
|  95|0x0000000087b00000, 0x0000000087b00000, 0x0000000087c00000|  0%| F|  |TAMS 0x0000000087b00000, 0x0000000087b00000| Untracked 
|  96|0x0000000087c00000, 0x0000000087c00000, 0x0000000087d00000|  0%| F|  |TAMS 0x0000000087c00000, 0x0000000087c00000| Untracked 
|  97|0x0000000087d00000, 0x0000000087d00000, 0x0000000087e00000|  0%| F|  |TAMS 0x0000000087d00000, 0x0000000087d00000| Untracked 
|  98|0x0000000087e00000, 0x0000000087efad00, 0x0000000087f00000| 97%| S|CS|TAMS 0x0000000087e00000, 0x0000000087e00000| Complete 
|  99|0x0000000087f00000, 0x0000000087f00000, 0x0000000088000000|  0%| F|  |TAMS 0x0000000087f00000, 0x0000000087f00000| Untracked 
| 100|0x0000000088000000, 0x0000000088000000, 0x0000000088100000|  0%| F|  |TAMS 0x0000000088000000, 0x0000000088000000| Untracked 
| 101|0x0000000088100000, 0x0000000088100000, 0x0000000088200000|  0%| F|  |TAMS 0x0000000088100000, 0x0000000088100000| Untracked 
| 102|0x0000000088200000, 0x0000000088200000, 0x0000000088300000|  0%| F|  |TAMS 0x0000000088200000, 0x0000000088200000| Untracked 
| 103|0x0000000088300000, 0x0000000088300000, 0x0000000088400000|  0%| F|  |TAMS 0x0000000088300000, 0x0000000088300000| Untracked 
| 104|0x0000000088400000, 0x0000000088400000, 0x0000000088500000|  0%| F|  |TAMS 0x0000000088400000, 0x0000000088400000| Untracked 
| 105|0x0000000088500000, 0x0000000088500000, 0x0000000088600000|  0%| F|  |TAMS 0x0000000088500000, 0x0000000088500000| Untracked 
| 106|0x0000000088600000, 0x0000000088600000, 0x0000000088700000|  0%| F|  |TAMS 0x0000000088600000, 0x0000000088600000| Untracked 
| 107|0x0000000088700000, 0x0000000088700000, 0x0000000088800000|  0%| F|  |TAMS 0x0000000088700000, 0x0000000088700000| Untracked 
| 108|0x0000000088800000, 0x0000000088800000, 0x0000000088900000|  0%| F|  |TAMS 0x0000000088800000, 0x0000000088800000| Untracked 
| 109|0x0000000088900000, 0x0000000088900000, 0x0000000088a00000|  0%| F|  |TAMS 0x0000000088900000, 0x0000000088900000| Untracked 
| 110|0x0000000088a00000, 0x0000000088a00000, 0x0000000088b00000|  0%| F|  |TAMS 0x0000000088a00000, 0x0000000088a00000| Untracked 
| 111|0x0000000088b00000, 0x0000000088b00000, 0x0000000088c00000|  0%| F|  |TAMS 0x0000000088b00000, 0x0000000088b00000| Untracked 
| 112|0x0000000088c00000, 0x0000000088c00000, 0x0000000088d00000|  0%| F|  |TAMS 0x0000000088c00000, 0x0000000088c00000| Untracked 
| 113|0x0000000088d00000, 0x0000000088d00000, 0x0000000088e00000|  0%| F|  |TAMS 0x0000000088d00000, 0x0000000088d00000| Untracked 
| 114|0x0000000088e00000, 0x0000000088e00000, 0x0000000088f00000|  0%| F|  |TAMS 0x0000000088e00000, 0x0000000088e00000| Untracked 
| 115|0x0000000088f00000, 0x0000000088f00000, 0x0000000089000000|  0%| F|  |TAMS 0x0000000088f00000, 0x0000000088f00000| Untracked 
| 116|0x0000000089000000, 0x0000000089000000, 0x0000000089100000|  0%| F|  |TAMS 0x0000000089000000, 0x0000000089000000| Untracked 
| 117|0x0000000089100000, 0x0000000089100000, 0x0000000089200000|  0%| F|  |TAMS 0x0000000089100000, 0x0000000089100000| Untracked 
| 118|0x0000000089200000, 0x0000000089200000, 0x0000000089300000|  0%| F|  |TAMS 0x0000000089200000, 0x0000000089200000| Untracked 
| 119|0x0000000089300000, 0x0000000089300000, 0x0000000089400000|  0%| F|  |TAMS 0x0000000089300000, 0x0000000089300000| Untracked 
| 120|0x0000000089400000, 0x0000000089400000, 0x0000000089500000|  0%| F|  |TAMS 0x0000000089400000, 0x0000000089400000| Untracked 
| 121|0x0000000089500000, 0x0000000089500000, 0x0000000089600000|  0%| F|  |TAMS 0x0000000089500000, 0x0000000089500000| Untracked 
| 122|0x0000000089600000, 0x0000000089600000, 0x0000000089700000|  0%| F|  |TAMS 0x0000000089600000, 0x0000000089600000| Untracked 
| 123|0x0000000089700000, 0x0000000089700000, 0x0000000089800000|  0%| F|  |TAMS 0x0000000089700000, 0x0000000089700000| Untracked 
| 124|0x0000000089800000, 0x0000000089800000, 0x0000000089900000|  0%| F|  |TAMS 0x0000000089800000, 0x0000000089800000| Untracked 
| 125|0x0000000089900000, 0x0000000089900000, 0x0000000089a00000|  0%| F|  |TAMS 0x0000000089900000, 0x0000000089900000| Untracked 
| 126|0x0000000089a00000, 0x0000000089a00000, 0x0000000089b00000|  0%| F|  |TAMS 0x0000000089a00000, 0x0000000089a00000| Untracked 
| 127|0x0000000089b00000, 0x0000000089b00000, 0x0000000089c00000|  0%| F|  |TAMS 0x0000000089b00000, 0x0000000089b00000| Untracked 
| 128|0x0000000089c00000, 0x0000000089c00000, 0x0000000089d00000|  0%| F|  |TAMS 0x0000000089c00000, 0x0000000089c00000| Untracked 
| 129|0x0000000089d00000, 0x0000000089d00000, 0x0000000089e00000|  0%| F|  |TAMS 0x0000000089d00000, 0x0000000089d00000| Untracked 
| 130|0x0000000089e00000, 0x0000000089e00000, 0x0000000089f00000|  0%| F|  |TAMS 0x0000000089e00000, 0x0000000089e00000| Untracked 
| 131|0x0000000089f00000, 0x0000000089f00000, 0x000000008a000000|  0%| F|  |TAMS 0x0000000089f00000, 0x0000000089f00000| Untracked 
| 132|0x000000008a000000, 0x000000008a000000, 0x000000008a100000|  0%| F|  |TAMS 0x000000008a000000, 0x000000008a000000| Untracked 
| 133|0x000000008a100000, 0x000000008a100000, 0x000000008a200000|  0%| F|  |TAMS 0x000000008a100000, 0x000000008a100000| Untracked 
| 134|0x000000008a200000, 0x000000008a200000, 0x000000008a300000|  0%| F|  |TAMS 0x000000008a200000, 0x000000008a200000| Untracked 
| 135|0x000000008a300000, 0x000000008a300000, 0x000000008a400000|  0%| F|  |TAMS 0x000000008a300000, 0x000000008a300000| Untracked 
| 136|0x000000008a400000, 0x000000008a400000, 0x000000008a500000|  0%| F|  |TAMS 0x000000008a400000, 0x000000008a400000| Untracked 
| 137|0x000000008a500000, 0x000000008a500000, 0x000000008a600000|  0%| F|  |TAMS 0x000000008a500000, 0x000000008a500000| Untracked 
| 138|0x000000008a600000, 0x000000008a600000, 0x000000008a700000|  0%| F|  |TAMS 0x000000008a600000, 0x000000008a600000| Untracked 
| 139|0x000000008a700000, 0x000000008a700000, 0x000000008a800000|  0%| F|  |TAMS 0x000000008a700000, 0x000000008a700000| Untracked 
| 140|0x000000008a800000, 0x000000008a800000, 0x000000008a900000|  0%| F|  |TAMS 0x000000008a800000, 0x000000008a800000| Untracked 
| 141|0x000000008a900000, 0x000000008a900000, 0x000000008aa00000|  0%| F|  |TAMS 0x000000008a900000, 0x000000008a900000| Untracked 
| 142|0x000000008aa00000, 0x000000008aa00000, 0x000000008ab00000|  0%| F|  |TAMS 0x000000008aa00000, 0x000000008aa00000| Untracked 
| 143|0x000000008ab00000, 0x000000008ab00000, 0x000000008ac00000|  0%| F|  |TAMS 0x000000008ab00000, 0x000000008ab00000| Untracked 
| 144|0x000000008ac00000, 0x000000008ac00000, 0x000000008ad00000|  0%| F|  |TAMS 0x000000008ac00000, 0x000000008ac00000| Untracked 
| 145|0x000000008ad00000, 0x000000008ad00000, 0x000000008ae00000|  0%| F|  |TAMS 0x000000008ad00000, 0x000000008ad00000| Untracked 
| 146|0x000000008ae00000, 0x000000008ae00000, 0x000000008af00000|  0%| F|  |TAMS 0x000000008ae00000, 0x000000008ae00000| Untracked 
| 147|0x000000008af00000, 0x000000008af00000, 0x000000008b000000|  0%| F|  |TAMS 0x000000008af00000, 0x000000008af00000| Untracked 
| 148|0x000000008b000000, 0x000000008b000000, 0x000000008b100000|  0%| F|  |TAMS 0x000000008b000000, 0x000000008b000000| Untracked 
| 149|0x000000008b100000, 0x000000008b100000, 0x000000008b200000|  0%| F|  |TAMS 0x000000008b100000, 0x000000008b100000| Untracked 
| 150|0x000000008b200000, 0x000000008b200000, 0x000000008b300000|  0%| F|  |TAMS 0x000000008b200000, 0x000000008b200000| Untracked 
| 151|0x000000008b300000, 0x000000008b300000, 0x000000008b400000|  0%| F|  |TAMS 0x000000008b300000, 0x000000008b300000| Untracked 
| 152|0x000000008b400000, 0x000000008b400000, 0x000000008b500000|  0%| F|  |TAMS 0x000000008b400000, 0x000000008b400000| Untracked 
| 153|0x000000008b500000, 0x000000008b500000, 0x000000008b600000|  0%| F|  |TAMS 0x000000008b500000, 0x000000008b500000| Untracked 
| 154|0x000000008b600000, 0x000000008b600000, 0x000000008b700000|  0%| F|  |TAMS 0x000000008b600000, 0x000000008b600000| Untracked 
| 155|0x000000008b700000, 0x000000008b700000, 0x000000008b800000|  0%| F|  |TAMS 0x000000008b700000, 0x000000008b700000| Untracked 
| 156|0x000000008b800000, 0x000000008b800000, 0x000000008b900000|  0%| F|  |TAMS 0x000000008b800000, 0x000000008b800000| Untracked 
| 157|0x000000008b900000, 0x000000008b900000, 0x000000008ba00000|  0%| F|  |TAMS 0x000000008b900000, 0x000000008b900000| Untracked 
| 158|0x000000008ba00000, 0x000000008ba00000, 0x000000008bb00000|  0%| F|  |TAMS 0x000000008ba00000, 0x000000008ba00000| Untracked 
| 159|0x000000008bb00000, 0x000000008bb00000, 0x000000008bc00000|  0%| F|  |TAMS 0x000000008bb00000, 0x000000008bb00000| Untracked 
| 160|0x000000008bc00000, 0x000000008bc00000, 0x000000008bd00000|  0%| F|  |TAMS 0x000000008bc00000, 0x000000008bc00000| Untracked 
| 161|0x000000008bd00000, 0x000000008bd00000, 0x000000008be00000|  0%| F|  |TAMS 0x000000008bd00000, 0x000000008bd00000| Untracked 
| 162|0x000000008be00000, 0x000000008be00000, 0x000000008bf00000|  0%| F|  |TAMS 0x000000008be00000, 0x000000008be00000| Untracked 
| 163|0x000000008bf00000, 0x000000008bf00000, 0x000000008c000000|  0%| F|  |TAMS 0x000000008bf00000, 0x000000008bf00000| Untracked 
| 164|0x000000008c000000, 0x000000008c000000, 0x000000008c100000|  0%| F|  |TAMS 0x000000008c000000, 0x000000008c000000| Untracked 
| 165|0x000000008c100000, 0x000000008c100000, 0x000000008c200000|  0%| F|  |TAMS 0x000000008c100000, 0x000000008c100000| Untracked 
| 166|0x000000008c200000, 0x000000008c200000, 0x000000008c300000|  0%| F|  |TAMS 0x000000008c200000, 0x000000008c200000| Untracked 
| 167|0x000000008c300000, 0x000000008c300000, 0x000000008c400000|  0%| F|  |TAMS 0x000000008c300000, 0x000000008c300000| Untracked 
| 168|0x000000008c400000, 0x000000008c400000, 0x000000008c500000|  0%| F|  |TAMS 0x000000008c400000, 0x000000008c400000| Untracked 
| 169|0x000000008c500000, 0x000000008c500000, 0x000000008c600000|  0%| F|  |TAMS 0x000000008c500000, 0x000000008c500000| Untracked 
| 170|0x000000008c600000, 0x000000008c600000, 0x000000008c700000|  0%| F|  |TAMS 0x000000008c600000, 0x000000008c600000| Untracked 
| 171|0x000000008c700000, 0x000000008c700000, 0x000000008c800000|  0%| F|  |TAMS 0x000000008c700000, 0x000000008c700000| Untracked 
| 172|0x000000008c800000, 0x000000008c800000, 0x000000008c900000|  0%| F|  |TAMS 0x000000008c800000, 0x000000008c800000| Untracked 
| 173|0x000000008c900000, 0x000000008c900000, 0x000000008ca00000|  0%| F|  |TAMS 0x000000008c900000, 0x000000008c900000| Untracked 
| 174|0x000000008ca00000, 0x000000008ca00000, 0x000000008cb00000|  0%| F|  |TAMS 0x000000008ca00000, 0x000000008ca00000| Untracked 
| 175|0x000000008cb00000, 0x000000008cb295c8, 0x000000008cc00000| 16%| E|  |TAMS 0x000000008cb00000, 0x000000008cb00000| Complete 
| 176|0x000000008cc00000, 0x000000008cd00000, 0x000000008cd00000|100%| E|CS|TAMS 0x000000008cc00000, 0x000000008cc00000| Complete 
| 177|0x000000008cd00000, 0x000000008ce00000, 0x000000008ce00000|100%| E|  |TAMS 0x000000008cd00000, 0x000000008cd00000| Complete 
| 178|0x000000008ce00000, 0x000000008cf00000, 0x000000008cf00000|100%| E|CS|TAMS 0x000000008ce00000, 0x000000008ce00000| Complete 
| 179|0x000000008cf00000, 0x000000008d000000, 0x000000008d000000|100%| E|CS|TAMS 0x000000008cf00000, 0x000000008cf00000| Complete 
| 180|0x000000008d000000, 0x000000008d100000, 0x000000008d100000|100%| E|CS|TAMS 0x000000008d000000, 0x000000008d000000| Complete 
| 181|0x000000008d100000, 0x000000008d200000, 0x000000008d200000|100%| E|CS|TAMS 0x000000008d100000, 0x000000008d100000| Complete 
| 182|0x000000008d200000, 0x000000008d300000, 0x000000008d300000|100%| E|CS|TAMS 0x000000008d200000, 0x000000008d200000| Complete 
| 183|0x000000008d300000, 0x000000008d400000, 0x000000008d400000|100%| E|CS|TAMS 0x000000008d300000, 0x000000008d300000| Complete 
| 184|0x000000008d400000, 0x000000008d500000, 0x000000008d500000|100%| E|CS|TAMS 0x000000008d400000, 0x000000008d400000| Complete 
| 185|0x000000008d500000, 0x000000008d600000, 0x000000008d600000|100%| E|CS|TAMS 0x000000008d500000, 0x000000008d500000| Complete 
| 186|0x000000008d600000, 0x000000008d700000, 0x000000008d700000|100%| E|CS|TAMS 0x000000008d600000, 0x000000008d600000| Complete 
| 187|0x000000008d700000, 0x000000008d800000, 0x000000008d800000|100%| E|CS|TAMS 0x000000008d700000, 0x000000008d700000| Complete 
| 188|0x000000008d800000, 0x000000008d900000, 0x000000008d900000|100%| E|CS|TAMS 0x000000008d800000, 0x000000008d800000| Complete 
| 189|0x000000008d900000, 0x000000008da00000, 0x000000008da00000|100%| E|CS|TAMS 0x000000008d900000, 0x000000008d900000| Complete 
| 190|0x000000008da00000, 0x000000008db00000, 0x000000008db00000|100%| E|CS|TAMS 0x000000008da00000, 0x000000008da00000| Complete 
| 191|0x000000008db00000, 0x000000008dc00000, 0x000000008dc00000|100%| E|CS|TAMS 0x000000008db00000, 0x000000008db00000| Complete 
| 192|0x000000008dc00000, 0x000000008dd00000, 0x000000008dd00000|100%| E|CS|TAMS 0x000000008dc00000, 0x000000008dc00000| Complete 
| 193|0x000000008dd00000, 0x000000008de00000, 0x000000008de00000|100%| E|CS|TAMS 0x000000008dd00000, 0x000000008dd00000| Complete 
|2017|0x00000000ffd00000, 0x00000000ffe00000, 0x00000000ffe00000|100%| E|CS|TAMS 0x00000000ffd00000, 0x00000000ffd00000| Complete 
|2018|0x00000000ffe00000, 0x00000000fff00000, 0x00000000fff00000|100%| O|  |TAMS 0x00000000fff00000, 0x00000000ffe00000| Untracked 
|2019|0x00000000fff00000, 0x0000000100000000, 0x0000000100000000|100%| E|CS|TAMS 0x00000000fff00000, 0x00000000fff00000| Complete 

Card table byte_map: [0x000002a77f620000,0x000002a77fa20000] _byte_map_base: 0x000002a77f212000

Marking Bits (Prev, Next): (CMBitMap*) 0x000002a777940670, (CMBitMap*) 0x000002a7779406b0
 Prev Bits: [0x000002a70f000000, 0x000002a710f90000)
 Next Bits: [0x000002a710f90000, 0x000002a712f20000)

Polling page: 0x000002a7770b0000

Metaspace:

Usage:
  Non-class:     26.74 MB used.
      Class:      3.18 MB used.
       Both:     29.92 MB used.

Virtual space:
  Non-class space:       64.00 MB reserved,      27.00 MB ( 42%) committed,  1 nodes.
      Class space:        1.00 GB reserved,       3.38 MB ( <1%) committed,  1 nodes.
             Both:        1.06 GB reserved,      30.38 MB (  3%) committed. 

Chunk freelists:
   Non-Class:  992.00 KB
       Class:  640.00 KB
        Both:  1.59 MB

MaxMetaspaceSize: unlimited
CompressedClassSpaceSize: 1.00 GB
Initial GC threshold: 21.00 MB
Current GC threshold: 47.75 MB
CDS: on
MetaspaceReclaimPolicy: balanced
 - commit_granule_bytes: 65536.
 - commit_granule_words: 8192.
 - virtual_space_node_default_size: 8388608.
 - enlarge_chunks_in_place: 1.
 - new_chunks_are_fully_committed: 0.
 - uncommit_free_chunks: 1.
 - use_allocation_guard: 0.


Internal statistics:

num_allocs_failed_limit: 6.
num_arena_births: 438.
num_arena_deaths: 0.
num_vsnodes_births: 2.
num_vsnodes_deaths: 0.
num_space_committed: 486.
num_space_uncommitted: 0.
num_chunks_returned_to_freelist: 6.
num_chunks_taken_from_freelist: 1512.
num_chunk_merges: 6.
num_chunk_splits: 1087.
num_chunks_enlarged: 828.
num_inconsistent_stats: 0.

CodeHeap 'non-profiled nmethods': size=120000Kb used=3916Kb max_used=3916Kb free=116083Kb
 bounds [0x000002a707ad0000, 0x000002a707eb0000, 0x000002a70f000000]
CodeHeap 'profiled nmethods': size=120000Kb used=15831Kb max_used=15831Kb free=104168Kb
 bounds [0x000002a7005a0000, 0x000002a701520000, 0x000002a707ad0000]
CodeHeap 'non-nmethods': size=5760Kb used=1256Kb max_used=1309Kb free=4503Kb
 bounds [0x000002a700000000, 0x000002a700270000, 0x000002a7005a0000]
 total_blobs=7590 nmethods=7031 adapters=471
 compilation: enabled
              stopped_count=0, restarted_count=0
 full_count=0

Compilation events (20 events):
Event: 13.588 Thread 0x000002a71bf95030 nmethod 7863 0x000002a707e9b990 code [0x000002a707e9bb20, 0x000002a707e9c0b8]
Event: 13.588 Thread 0x000002a71bf95030 7857       4       org.apache.maven.model.inheritance.DefaultInheritanceAssembler$InheritanceModelMerger::mergePluginContainer_Plugins (430 bytes)
Event: 13.589 Thread 0x000002a7152f5150 7881       3       java.util.concurrent.ConcurrentHashMap::<init> (5 bytes)
Event: 13.589 Thread 0x000002a7152f5150 nmethod 7881 0x000002a701507210 code [0x000002a7015073c0, 0x000002a701507578]
Event: 13.617 Thread 0x000002a7152f5150 7882       1       java.util.concurrent.atomic.AtomicInteger::get (5 bytes)
Event: 13.618 Thread 0x000002a7152f5150 nmethod 7882 0x000002a707e9c290 code [0x000002a707e9c420, 0x000002a707e9c4f8]
Event: 13.624 Thread 0x000002a7152f5150 7884       3       java.lang.invoke.MemberName::getFactory (4 bytes)
Event: 13.624 Thread 0x000002a7152f5150 nmethod 7884 0x000002a70071b410 code [0x000002a70071b5a0, 0x000002a70071b698]
Event: 13.633 Thread 0x000002a7152f5150 7885  s!   2       jdk.internal.loader.URLClassPath::getLoader (194 bytes)
Event: 13.634 Thread 0x000002a7152f5150 nmethod 7885 0x000002a701507690 code [0x000002a701507900, 0x000002a7015082b8]
Event: 13.640 Thread 0x000002a7152f5150 7886       3       java.util.Map$Entry$$Lambda$20/0x0000000800c55060::compare (12 bytes)
Event: 13.640 Thread 0x000002a7152f5150 nmethod 7886 0x000002a701508890 code [0x000002a701508a80, 0x000002a701509188]
Event: 13.640 Thread 0x000002a7152f5150 7888       3       java.util.Properties::saveConvert (383 bytes)
Event: 13.642 Thread 0x000002a7152f5150 nmethod 7888 0x000002a701509310 code [0x000002a701509760, 0x000002a70150b3a8]
Event: 13.642 Thread 0x000002a7152f5150 7887       3       java.util.Map$Entry::lambda$comparingByKey$bbdbfea9$1 (21 bytes)
Event: 13.643 Thread 0x000002a7152f5150 nmethod 7887 0x000002a70150be10 code [0x000002a70150bfe0, 0x000002a70150c448]
Event: 13.644 Thread 0x000002a7152f5150 7889       3       java.util.HexFormat::<init> (50 bytes)
Event: 13.644 Thread 0x000002a7152f5150 nmethod 7889 0x000002a70150c590 code [0x000002a70150c7a0, 0x000002a70150cec8]
Event: 13.645 Thread 0x000002a7152f5150 7890       3       java.util.HexFormat::withUpperCase (23 bytes)
Event: 13.645 Thread 0x000002a7152f5150 nmethod 7890 0x000002a70150d190 code [0x000002a70150d340, 0x000002a70150d508]

GC Heap History (20 events):
Event: 8.189 GC heap before
{Heap before GC invocations=6 (full 0):
 garbage-first heap   total 61440K, used 49171K [0x0000000081c00000, 0x0000000100000000)
  region size 1024K, 36 young (36864K), 4 survivors (4096K)
 Metaspace       used 24241K, committed 24640K, reserved 1114112K
  class space    used 2635K, committed 2816K, reserved 1048576K
}
Event: 8.210 GC heap after
{Heap after GC invocations=7 (full 0):
 garbage-first heap   total 64512K, used 26643K [0x0000000081c00000, 0x0000000100000000)
  region size 1024K, 5 young (5120K), 5 survivors (5120K)
 Metaspace       used 24241K, committed 24640K, reserved 1114112K
  class space    used 2635K, committed 2816K, reserved 1048576K
}
Event: 8.243 GC heap before
{Heap before GC invocations=7 (full 0):
 garbage-first heap   total 64512K, used 27667K [0x0000000081c00000, 0x0000000100000000)
  region size 1024K, 6 young (6144K), 5 survivors (5120K)
 Metaspace       used 24343K, committed 24768K, reserved 1114112K
  class space    used 2649K, committed 2816K, reserved 1048576K
}
Event: 8.252 GC heap after
{Heap after GC invocations=8 (full 0):
 garbage-first heap   total 64512K, used 28031K [0x0000000081c00000, 0x0000000100000000)
  region size 1024K, 1 young (1024K), 1 survivors (1024K)
 Metaspace       used 24343K, committed 24768K, reserved 1114112K
  class space    used 2649K, committed 2816K, reserved 1048576K
}
Event: 8.698 GC heap before
{Heap before GC invocations=8 (full 0):
 garbage-first heap   total 64512K, used 46463K [0x0000000081c00000, 0x0000000100000000)
  region size 1024K, 19 young (19456K), 1 survivors (1024K)
 Metaspace       used 24717K, committed 25088K, reserved 1114112K
  class space    used 2665K, committed 2880K, reserved 1048576K
}
Event: 8.707 GC heap after
{Heap after GC invocations=9 (full 0):
 garbage-first heap   total 64512K, used 32256K [0x0000000081c00000, 0x0000000100000000)
  region size 1024K, 3 young (3072K), 3 survivors (3072K)
 Metaspace       used 24717K, committed 25088K, reserved 1114112K
  class space    used 2665K, committed 2880K, reserved 1048576K
}
Event: 8.934 GC heap before
{Heap before GC invocations=9 (full 0):
 garbage-first heap   total 64512K, used 39424K [0x0000000081c00000, 0x0000000100000000)
  region size 1024K, 11 young (11264K), 3 survivors (3072K)
 Metaspace       used 24782K, committed 25216K, reserved 1114112K
  class space    used 2667K, committed 2880K, reserved 1048576K
}
Event: 8.947 GC heap after
{Heap after GC invocations=10 (full 0):
 garbage-first heap   total 107520K, used 34051K [0x0000000081c00000, 0x0000000100000000)
  region size 1024K, 2 young (2048K), 2 survivors (2048K)
 Metaspace       used 24782K, committed 25216K, reserved 1114112K
  class space    used 2667K, committed 2880K, reserved 1048576K
}
Event: 11.118 GC heap before
{Heap before GC invocations=10 (full 0):
 garbage-first heap   total 107520K, used 77059K [0x0000000081c00000, 0x0000000100000000)
  region size 1024K, 43 young (44032K), 2 survivors (2048K)
 Metaspace       used 27233K, committed 27648K, reserved 1114112K
  class space    used 2915K, committed 3136K, reserved 1048576K
}
Event: 11.135 GC heap after
{Heap after GC invocations=11 (full 0):
 garbage-first heap   total 107520K, used 43391K [0x0000000081c00000, 0x0000000100000000)
  region size 1024K, 6 young (6144K), 6 survivors (6144K)
 Metaspace       used 27233K, committed 27648K, reserved 1114112K
  class space    used 2915K, committed 3136K, reserved 1048576K
}
Event: 11.841 GC heap before
{Heap before GC invocations=11 (full 0):
 garbage-first heap   total 107520K, used 77183K [0x0000000081c00000, 0x0000000100000000)
  region size 1024K, 39 young (39936K), 6 survivors (6144K)
 Metaspace       used 27270K, committed 27776K, reserved 1114112K
  class space    used 2915K, committed 3136K, reserved 1048576K
}
Event: 11.859 GC heap after
{Heap after GC invocations=12 (full 0):
 garbage-first heap   total 107520K, used 53877K [0x0000000081c00000, 0x0000000100000000)
  region size 1024K, 5 young (5120K), 5 survivors (5120K)
 Metaspace       used 27270K, committed 27776K, reserved 1114112K
  class space    used 2915K, committed 3136K, reserved 1048576K
}
Event: 12.827 GC heap before
{Heap before GC invocations=12 (full 0):
 garbage-first heap   total 107520K, used 77429K [0x0000000081c00000, 0x0000000100000000)
  region size 1024K, 29 young (29696K), 5 survivors (5120K)
 Metaspace       used 28847K, committed 29248K, reserved 1114112K
  class space    used 3096K, committed 3264K, reserved 1048576K
}
Event: 12.835 GC heap after
{Heap after GC invocations=13 (full 0):
 garbage-first heap   total 107520K, used 55670K [0x0000000081c00000, 0x0000000100000000)
  region size 1024K, 2 young (2048K), 2 survivors (2048K)
 Metaspace       used 28847K, committed 29248K, reserved 1114112K
  class space    used 3096K, committed 3264K, reserved 1048576K
}
Event: 13.318 GC heap before
{Heap before GC invocations=14 (full 0):
 garbage-first heap   total 107520K, used 79222K [0x0000000081c00000, 0x0000000100000000)
  region size 1024K, 26 young (26624K), 2 survivors (2048K)
 Metaspace       used 29383K, committed 29824K, reserved 1114112K
  class space    used 3143K, committed 3328K, reserved 1048576K
}
Event: 13.324 GC heap after
{Heap after GC invocations=15 (full 0):
 garbage-first heap   total 107520K, used 55610K [0x0000000081c00000, 0x0000000100000000)
  region size 1024K, 3 young (3072K), 3 survivors (3072K)
 Metaspace       used 29383K, committed 29824K, reserved 1114112K
  class space    used 3143K, committed 3328K, reserved 1048576K
}
Event: 13.358 GC heap before
{Heap before GC invocations=15 (full 0):
 garbage-first heap   total 107520K, used 57658K [0x0000000081c00000, 0x0000000100000000)
  region size 1024K, 5 young (5120K), 3 survivors (3072K)
 Metaspace       used 29560K, committed 30016K, reserved 1114112K
  class space    used 3156K, committed 3392K, reserved 1048576K
}
Event: 13.368 GC heap after
{Heap after GC invocations=16 (full 0):
 garbage-first heap   total 107520K, used 45993K [0x0000000081c00000, 0x0000000100000000)
  region size 1024K, 1 young (1024K), 1 survivors (1024K)
 Metaspace       used 29560K, committed 30016K, reserved 1114112K
  class space    used 3156K, committed 3392K, reserved 1048576K
}
Event: 13.434 GC heap before
{Heap before GC invocations=16 (full 0):
 garbage-first heap   total 107520K, used 50089K [0x0000000081c00000, 0x0000000100000000)
  region size 1024K, 5 young (5120K), 1 survivors (1024K)
 Metaspace       used 29961K, committed 30464K, reserved 1114112K
  class space    used 3196K, committed 3456K, reserved 1048576K
}
Event: 13.439 GC heap after
{Heap after GC invocations=17 (full 0):
 garbage-first heap   total 201728K, used 46059K [0x0000000081c00000, 0x0000000100000000)
  region size 1024K, 1 young (1024K), 1 survivors (1024K)
 Metaspace       used 29961K, committed 30464K, reserved 1114112K
  class space    used 3196K, committed 3456K, reserved 1048576K
}

Deoptimization events (20 events):
Event: 13.461 Thread 0x000002a7778e0ac0 DEOPT PACKING pc=0x000002a700bc2d03 sp=0x000000e8979fc170
Event: 13.461 Thread 0x000002a7778e0ac0 DEOPT UNPACKING pc=0x000002a700052b43 sp=0x000000e8979fb5e0 mode 0
Event: 13.482 Thread 0x000002a7778e0ac0 Uncommon trap: trap_request=0xffffff76 fr.pc=0x000002a707e97154 relative=0x0000000000000234
Event: 13.482 Thread 0x000002a7778e0ac0 Uncommon trap: reason=predicate action=maybe_recompile pc=0x000002a707e97154 method=java.util.HashMap.keysToArray([Ljava/lang/Object;)[Ljava/lang/Object; @ 48 c2
Event: 13.482 Thread 0x000002a7778e0ac0 DEOPT PACKING pc=0x000002a707e97154 sp=0x000000e8979fc720
Event: 13.482 Thread 0x000002a7778e0ac0 DEOPT UNPACKING pc=0x000002a7000523a3 sp=0x000000e8979fc6b8 mode 2
Event: 13.492 Thread 0x000002a71d080a60 Uncommon trap: trap_request=0xffffff45 fr.pc=0x000002a707d3cf34 relative=0x0000000000000034
Event: 13.492 Thread 0x000002a71d080a60 Uncommon trap: reason=unstable_if action=reinterpret pc=0x000002a707d3cf34 method=java.util.concurrent.locks.AbstractQueuedSynchronizer.signalNext(Ljava/util/concurrent/locks/AbstractQueuedSynchronizer$Node;)V @ 1 c2
Event: 13.492 Thread 0x000002a71d080a60 DEOPT PACKING pc=0x000002a707d3cf34 sp=0x000000e8994ff1e0
Event: 13.492 Thread 0x000002a71d080a60 DEOPT UNPACKING pc=0x000002a7000523a3 sp=0x000000e8994ff178 mode 2
Event: 13.511 Thread 0x000002a7778e0ac0 Uncommon trap: trap_request=0xffffffbe fr.pc=0x000002a707e994f0 relative=0x0000000000000250
Event: 13.511 Thread 0x000002a7778e0ac0 Uncommon trap: reason=profile_predicate action=maybe_recompile pc=0x000002a707e994f0 method=java.util.HashMap.keysToArray([Ljava/lang/Object;)[Ljava/lang/Object; @ 48 c2
Event: 13.511 Thread 0x000002a7778e0ac0 DEOPT PACKING pc=0x000002a707e994f0 sp=0x000000e8979fc7f0
Event: 13.511 Thread 0x000002a7778e0ac0 DEOPT UNPACKING pc=0x000002a7000523a3 sp=0x000000e8979fc798 mode 2
Event: 13.512 Thread 0x000002a7778e0ac0 Uncommon trap: trap_request=0xffffffbe fr.pc=0x000002a707e994f0 relative=0x0000000000000250
Event: 13.512 Thread 0x000002a7778e0ac0 Uncommon trap: reason=profile_predicate action=maybe_recompile pc=0x000002a707e994f0 method=java.util.HashMap.keysToArray([Ljava/lang/Object;)[Ljava/lang/Object; @ 48 c2
Event: 13.512 Thread 0x000002a7778e0ac0 DEOPT PACKING pc=0x000002a707e994f0 sp=0x000000e8979fc730
Event: 13.512 Thread 0x000002a7778e0ac0 DEOPT UNPACKING pc=0x000002a7000523a3 sp=0x000000e8979fc6d8 mode 2
Event: 13.578 Thread 0x000002a71d080f30 DEOPT PACKING pc=0x000002a70100f8b1 sp=0x000000e898dff440
Event: 13.578 Thread 0x000002a71d080f30 DEOPT UNPACKING pc=0x000002a700052b43 sp=0x000000e898dfe898 mode 3

Classes loaded (20 events):
Event: 13.606 Loading class java/util/concurrent/RunnableScheduledFuture
Event: 13.606 Loading class java/util/concurrent/ScheduledFuture
Event: 13.606 Loading class java/util/concurrent/Delayed
Event: 13.606 Loading class java/util/concurrent/Delayed done
Event: 13.606 Loading class java/util/concurrent/ScheduledFuture done
Event: 13.606 Loading class java/util/concurrent/RunnableScheduledFuture done
Event: 13.613 Loading class java/util/concurrent/ScheduledThreadPoolExecutor$ScheduledFutureTask
Event: 13.615 Loading class java/util/concurrent/ScheduledThreadPoolExecutor$ScheduledFutureTask done
Event: 13.615 Loading class java/util/concurrent/Executors$RunnableAdapter
Event: 13.616 Loading class java/util/concurrent/Executors$RunnableAdapter done
Event: 13.617 Loading class java/util/concurrent/ConcurrentLinkedQueue$Itr
Event: 13.617 Loading class java/util/concurrent/ConcurrentLinkedQueue$Itr done
Event: 13.623 Loading class java/util/concurrent/Semaphore
Event: 13.623 Loading class java/util/concurrent/Semaphore done
Event: 13.623 Loading class java/util/concurrent/Semaphore$NonfairSync
Event: 13.623 Loading class java/util/concurrent/Semaphore$Sync
Event: 13.623 Loading class java/util/concurrent/Semaphore$Sync done
Event: 13.623 Loading class java/util/concurrent/Semaphore$NonfairSync done
Event: 13.628 Loading class java/security/AccessControlException
Event: 13.628 Loading class java/security/AccessControlException done

Classes unloaded (0 events):
No events

Classes redefined (0 events):
No events

Internal exceptions (20 events):
Event: 12.881 Thread 0x000002a7778e0ac0 Exception <a 'sun/nio/fs/WindowsException'{0x0000000088066530}> (0x0000000088066530) 
thrown [s\open\src\hotspot\share\prims\jni.cpp, line 516]
Event: 12.881 Thread 0x000002a7778e0ac0 Exception <a 'sun/nio/fs/WindowsException'{0x0000000088066888}> (0x0000000088066888) 
thrown [s\open\src\hotspot\share\prims\jni.cpp, line 516]
Event: 12.898 Thread 0x000002a7778e0ac0 Exception <a 'sun/nio/fs/WindowsException'{0x0000000087f2be68}> (0x0000000087f2be68) 
thrown [s\open\src\hotspot\share\prims\jni.cpp, line 516]
Event: 12.901 Thread 0x000002a7778e0ac0 Exception <a 'sun/nio/fs/WindowsException'{0x0000000087f415c8}> (0x0000000087f415c8) 
thrown [s\open\src\hotspot\share\prims\jni.cpp, line 516]
Event: 12.908 Thread 0x000002a7778e0ac0 Exception <a 'sun/nio/fs/WindowsException'{0x0000000087f594f0}> (0x0000000087f594f0) 
thrown [s\open\src\hotspot\share\prims\jni.cpp, line 516]
Event: 12.908 Thread 0x000002a7778e0ac0 Exception <a 'sun/nio/fs/WindowsException'{0x0000000087f59c58}> (0x0000000087f59c58) 
thrown [s\open\src\hotspot\share\prims\jni.cpp, line 516]
Event: 12.908 Thread 0x000002a7778e0ac0 Exception <a 'sun/nio/fs/WindowsException'{0x0000000087f5a218}> (0x0000000087f5a218) 
thrown [s\open\src\hotspot\share\prims\jni.cpp, line 516]
Event: 12.908 Thread 0x000002a7778e0ac0 Exception <a 'sun/nio/fs/WindowsException'{0x0000000087f5a970}> (0x0000000087f5a970) 
thrown [s\open\src\hotspot\share\prims\jni.cpp, line 516]
Event: 12.908 Thread 0x000002a7778e0ac0 Exception <a 'sun/nio/fs/WindowsException'{0x0000000087f5acc0}> (0x0000000087f5acc0) 
thrown [s\open\src\hotspot\share\prims\jni.cpp, line 516]
Event: 12.908 Thread 0x000002a7778e0ac0 Exception <a 'sun/nio/fs/WindowsException'{0x0000000087f5b988}> (0x0000000087f5b988) 
thrown [s\open\src\hotspot\share\prims\jni.cpp, line 516]
Event: 12.908 Thread 0x000002a7778e0ac0 Exception <a 'sun/nio/fs/WindowsException'{0x0000000087f5bcb8}> (0x0000000087f5bcb8) 
thrown [s\open\src\hotspot\share\prims\jni.cpp, line 516]
Event: 12.908 Thread 0x000002a7778e0ac0 Exception <a 'sun/nio/fs/WindowsException'{0x0000000087f5c960}> (0x0000000087f5c960) 
thrown [s\open\src\hotspot\share\prims\jni.cpp, line 516]
Event: 12.908 Thread 0x000002a7778e0ac0 Exception <a 'sun/nio/fs/WindowsException'{0x0000000087f5cc60}> (0x0000000087f5cc60) 
thrown [s\open\src\hotspot\share\prims\jni.cpp, line 516]
Event: 12.908 Thread 0x000002a7778e0ac0 Exception <a 'sun/nio/fs/WindowsException'{0x0000000087f5d908}> (0x0000000087f5d908) 
thrown [s\open\src\hotspot\share\prims\jni.cpp, line 516]
Event: 13.373 Thread 0x000002a71d082270 Exception <a 'java/lang/NoSuchMethodError'{0x00000000fff4e5b0}: 'java.lang.Object java.lang.invoke.DirectMethodHandle$Holder.invokeStaticInit(java.lang.Object, java.lang.Object, long, java.lang.Object)'> (0x00000000fff4e5b0) 
thrown [s\open\src\hotspot\share\interpreter\linkResolver.cpp, line 766]
Event: 13.373 Thread 0x000002a71d082270 Exception <a 'java/lang/NoSuchMethodError'{0x00000000fff7d970}: 'java.lang.Object java.lang.invoke.DirectMethodHandle$Holder.newInvokeSpecial(java.lang.Object, java.lang.Object, long)'> (0x00000000fff7d970) 
thrown [s\open\src\hotspot\share\interpreter\linkResolver.cpp, line 766]
Event: 13.375 Thread 0x000002a71d082270 Exception <a 'java/lang/NoSuchMethodError'{0x00000000fff814e8}: 'java.lang.Object java.lang.invoke.Invokers$Holder.linkToTargetMethod(java.lang.Object, long, java.lang.Object)'> (0x00000000fff814e8) 
thrown [s\open\src\hotspot\share\interpreter\linkResolver.cpp, line 766]
Event: 13.377 Thread 0x000002a71d082270 Exception <a 'java/lang/NoSuchMethodError'{0x00000000fff85198}: 'long java.lang.invoke.DirectMethodHandle$Holder.invokeInterface(java.lang.Object, java.lang.Object)'> (0x00000000fff85198) 
thrown [s\open\src\hotspot\share\interpreter\linkResolver.cpp, line 766]
Event: 13.377 Thread 0x000002a71d082270 Exception <a 'java/lang/NoSuchMethodError'{0x00000000ffd18470}: 'long java.lang.invoke.DelegatingMethodHandle$Holder.reinvoke_L(java.lang.Object, java.lang.Object)'> (0x00000000ffd18470) 
thrown [s\open\src\hotspot\share\interpreter\linkResolver.cpp, line 766]
Event: 13.383 Thread 0x000002a7778e0ac0 Exception <a 'java/lang/NoSuchMethodError'{0x00000000ffd56368}: 'java.lang.String org.apache.maven.execution.MavenExecutionRequest.getFailureBehavior()'> (0x00000000ffd56368) 
thrown [s\open\src\hotspot\share\interpreter\linkResolver.cpp, line 862]

VM Operations (20 events):
Event: 12.827 Executing VM operation: G1CollectForAllocation
Event: 12.835 Executing VM operation: G1CollectForAllocation done
Event: 12.909 Executing VM operation: G1Concurrent
Event: 12.918 Executing VM operation: G1Concurrent done
Event: 12.929 Executing VM operation: HandshakeAllThreads
Event: 12.929 Executing VM operation: HandshakeAllThreads done
Event: 12.956 Executing VM operation: G1Concurrent
Event: 12.956 Executing VM operation: G1Concurrent done
Event: 13.245 Executing VM operation: HandshakeAllThreads
Event: 13.245 Executing VM operation: HandshakeAllThreads done
Event: 13.318 Executing VM operation: G1CollectForAllocation
Event: 13.324 Executing VM operation: G1CollectForAllocation done
Event: 13.345 Executing VM operation: HandshakeAllThreads
Event: 13.345 Executing VM operation: HandshakeAllThreads done
Event: 13.358 Executing VM operation: G1CollectForAllocation
Event: 13.368 Executing VM operation: G1CollectForAllocation done
Event: 13.434 Executing VM operation: G1CollectForAllocation
Event: 13.439 Executing VM operation: G1CollectForAllocation done
Event: 13.629 Executing VM operation: HandshakeAllThreads
Event: 13.629 Executing VM operation: HandshakeAllThreads done

Events (20 events):
Event: 8.966 Thread 0x000002a7152fb260 flushing nmethod 0x000002a701123790
Event: 8.966 Thread 0x000002a7152fb260 flushing nmethod 0x000002a701142190
Event: 8.966 Thread 0x000002a7152fb260 flushing nmethod 0x000002a701144c90
Event: 8.966 Thread 0x000002a7152fb260 flushing nmethod 0x000002a701170390
Event: 8.966 Thread 0x000002a7152fb260 flushing nmethod 0x000002a701186e90
Event: 12.346 Thread 0x000002a71b83a030 Thread exited: 0x000002a71b83a030
Event: 12.890 Thread 0x000002a719b0b9f0 Thread added: 0x000002a719b0b9f0
Event: 13.027 Thread 0x000002a719b0b9f0 Thread exited: 0x000002a719b0b9f0
Event: 13.246 Thread 0x000002a7152fb260 flushing nmethod 0x000002a707da5a90
Event: 13.256 Thread 0x000002a7152fb260 flushing nmethod 0x000002a7010c8710
Event: 13.347 Thread 0x000002a71d082270 Thread added: 0x000002a71d082270
Event: 13.379 Thread 0x000002a71d082270 Thread exited: 0x000002a71d082270
Event: 13.490 Thread 0x000002a71d080f30 Thread added: 0x000002a71d080f30
Event: 13.490 Thread 0x000002a71d083a80 Thread added: 0x000002a71d083a80
Event: 13.490 Thread 0x000002a71d080a60 Thread added: 0x000002a71d080a60
Event: 13.575 Thread 0x000002a71bf95030 Thread added: 0x000002a71bf95030
Event: 13.577 Thread 0x000002a71d081400 Thread added: 0x000002a71d081400
Event: 13.577 Thread 0x000002a71d0818d0 Thread added: 0x000002a71d0818d0
Event: 13.616 Thread 0x000002a71d081da0 Thread added: 0x000002a71d081da0
Event: 13.626 Thread 0x000002a71d083f50 Thread added: 0x000002a71d083f50


Dynamic libraries:
0x00007ff74df70000 - 0x00007ff74df7e000 	C:\Users\jagdeep.khatana\.jdks\openjdk-18.0.1.1\bin\java.exe
0x00007ffe76670000 - 0x00007ffe76868000 	C:\WINDOWS\SYSTEM32\ntdll.dll
0x00007ffe752b0000 - 0x00007ffe7536f000 	C:\WINDOWS\System32\KERNEL32.DLL
0x00007ffe743d0000 - 0x00007ffe746a2000 	C:\WINDOWS\System32\KERNELBASE.dll
0x00007ffe73f00000 - 0x00007ffe74000000 	C:\WINDOWS\System32\ucrtbase.dll
0x00007ffe646f0000 - 0x00007ffe64707000 	C:\Users\jagdeep.khatana\.jdks\openjdk-18.0.1.1\bin\jli.dll
0x00007ffe76280000 - 0x00007ffe76421000 	C:\WINDOWS\System32\USER32.dll
0x00007ffe73ea0000 - 0x00007ffe73ec2000 	C:\WINDOWS\System32\win32u.dll
0x00007ffe74e90000 - 0x00007ffe74ebb000 	C:\WINDOWS\System32\GDI32.dll
0x00007ffe74070000 - 0x00007ffe7417f000 	C:\WINDOWS\System32\gdi32full.dll
0x00007ffe74180000 - 0x00007ffe7421d000 	C:\WINDOWS\System32\msvcp_win.dll
0x00007ffe5c7e0000 - 0x00007ffe5c7fa000 	C:\Users\jagdeep.khatana\.jdks\openjdk-18.0.1.1\bin\VCRUNTIME140.dll
0x00007ffe63f80000 - 0x00007ffe6421a000 	C:\WINDOWS\WinSxS\amd64_microsoft.windows.common-controls_6595b64144ccf1df_6.0.19041.1110_none_60b5254171f9507e\COMCTL32.dll
0x00007ffe74ec0000 - 0x00007ffe74f5e000 	C:\WINDOWS\System32\msvcrt.dll
0x00007ffe76570000 - 0x00007ffe765a2000 	C:\WINDOWS\System32\IMM32.DLL
0x00007ffe6f060000 - 0x00007ffe6f06c000 	C:\Users\jagdeep.khatana\.jdks\openjdk-18.0.1.1\bin\vcruntime140_1.dll
0x00007ffe376d0000 - 0x00007ffe3775d000 	C:\Users\jagdeep.khatana\.jdks\openjdk-18.0.1.1\bin\msvcp140.dll
0x00007ffdeb670000 - 0x00007ffdec280000 	C:\Users\jagdeep.khatana\.jdks\openjdk-18.0.1.1\bin\server\jvm.dll
0x00007ffe75a10000 - 0x00007ffe75abe000 	C:\WINDOWS\System32\ADVAPI32.dll
0x00007ffe75800000 - 0x00007ffe7589c000 	C:\WINDOWS\System32\sechost.dll
0x00007ffe76090000 - 0x00007ffe761b5000 	C:\WINDOWS\System32\RPCRT4.dll
0x00007ffe74f60000 - 0x00007ffe74f68000 	C:\WINDOWS\System32\PSAPI.DLL
0x00007ffe5fdc0000 - 0x00007ffe5fdc9000 	C:\WINDOWS\SYSTEM32\WSOCK32.dll
0x00007ffe74f70000 - 0x00007ffe74fdb000 	C:\WINDOWS\System32\WS2_32.dll
0x00007ffe62e10000 - 0x00007ffe62e37000 	C:\WINDOWS\SYSTEM32\WINMM.dll
0x00007ffe6c860000 - 0x00007ffe6c86a000 	C:\WINDOWS\SYSTEM32\VERSION.dll
0x00007ffe72560000 - 0x00007ffe72572000 	C:\WINDOWS\SYSTEM32\kernel.appcore.dll
0x00007ffe6f030000 - 0x00007ffe6f03a000 	C:\Users\jagdeep.khatana\.jdks\openjdk-18.0.1.1\bin\jimage.dll
0x00007ffe72270000 - 0x00007ffe72454000 	C:\WINDOWS\SYSTEM32\DBGHELP.DLL
0x00007ffe5c240000 - 0x00007ffe5c275000 	C:\WINDOWS\SYSTEM32\dbgcore.DLL
0x00007ffe73e10000 - 0x00007ffe73e92000 	C:\WINDOWS\System32\bcryptPrimitives.dll
0x00007ffe6f070000 - 0x00007ffe6f07e000 	C:\Users\jagdeep.khatana\.jdks\openjdk-18.0.1.1\bin\instrument.dll
0x00007ffe52d00000 - 0x00007ffe52d25000 	C:\Users\jagdeep.khatana\.jdks\openjdk-18.0.1.1\bin\java.dll
0x00007ffe33f80000 - 0x00007ffe34056000 	C:\Users\jagdeep.khatana\.jdks\openjdk-18.0.1.1\bin\jsvml.dll
0x00007ffe746b0000 - 0x00007ffe74df4000 	C:\WINDOWS\System32\SHELL32.dll
0x00007ffe71ac0000 - 0x00007ffe72252000 	C:\WINDOWS\SYSTEM32\windows.storage.dll
0x00007ffe75370000 - 0x00007ffe756c5000 	C:\WINDOWS\System32\combase.dll
0x00007ffe73600000 - 0x00007ffe73630000 	C:\WINDOWS\SYSTEM32\Wldp.dll
0x00007ffe75960000 - 0x00007ffe75a0d000 	C:\WINDOWS\System32\SHCORE.dll
0x00007ffe758a0000 - 0x00007ffe758f5000 	C:\WINDOWS\System32\shlwapi.dll
0x00007ffe73ca0000 - 0x00007ffe73cbf000 	C:\WINDOWS\SYSTEM32\profapi.dll
0x00007ffe50790000 - 0x00007ffe507a8000 	C:\Users\jagdeep.khatana\.jdks\openjdk-18.0.1.1\bin\zip.dll
0x00007ffe52b00000 - 0x00007ffe52b13000 	C:\Users\jagdeep.khatana\.jdks\openjdk-18.0.1.1\bin\net.dll
0x00007ffe69f50000 - 0x00007ffe6a05c000 	C:\WINDOWS\SYSTEM32\WINHTTP.dll
0x00007ffe733e0000 - 0x00007ffe7344a000 	C:\WINDOWS\system32\mswsock.dll
0x00007ffe50de0000 - 0x00007ffe50df6000 	C:\Users\jagdeep.khatana\.jdks\openjdk-18.0.1.1\bin\nio.dll
0x00007ffe6e1f0000 - 0x00007ffe6e20a000 	C:\Program Files\JetBrains\IntelliJ IDEA Community Edition 2022.3.1\bin\breakgen64.dll
0x00007ffe6ef70000 - 0x00007ffe6ef80000 	C:\Users\jagdeep.khatana\.jdks\openjdk-18.0.1.1\bin\verify.dll
0x00007ffe73640000 - 0x00007ffe73658000 	C:\WINDOWS\SYSTEM32\CRYPTSP.dll
0x00007ffe72d20000 - 0x00007ffe72d54000 	C:\WINDOWS\system32\rsaenh.dll
0x00007ffe73ed0000 - 0x00007ffe73ef7000 	C:\WINDOWS\System32\bcrypt.dll
0x00007ffe73c60000 - 0x00007ffe73c8e000 	C:\WINDOWS\SYSTEM32\USERENV.dll
0x00007ffe73570000 - 0x00007ffe7357c000 	C:\WINDOWS\SYSTEM32\CRYPTBASE.dll
0x00007ffe730f0000 - 0x00007ffe7312b000 	C:\WINDOWS\SYSTEM32\IPHLPAPI.DLL
0x00007ffe76270000 - 0x00007ffe76278000 	C:\WINDOWS\System32\NSI.dll
0x00007ffe6e720000 - 0x00007ffe6e737000 	C:\WINDOWS\SYSTEM32\dhcpcsvc6.DLL
0x00007ffe6e160000 - 0x00007ffe6e17d000 	C:\WINDOWS\SYSTEM32\dhcpcsvc.DLL
0x00007ffe73130000 - 0x00007ffe731fa000 	C:\WINDOWS\SYSTEM32\DNSAPI.dll
0x00007ffe6e1e0000 - 0x00007ffe6e1ea000 	C:\Users\jagdeep.khatana\AppData\Local\Temp\jansi-1.17.1-3522190034092600890.dll

dbghelp: loaded successfully - version: 4.0.5 - missing functions: none
symbol engine: initialized successfully - sym options: 0x614 - pdb path: .;C:\Users\jagdeep.khatana\.jdks\openjdk-18.0.1.1\bin;C:\WINDOWS\SYSTEM32;C:\WINDOWS\WinSxS\amd64_microsoft.windows.common-controls_6595b64144ccf1df_6.0.19041.1110_none_60b5254171f9507e;C:\Users\jagdeep.khatana\.jdks\openjdk-18.0.1.1\bin\server;C:\Program Files\JetBrains\IntelliJ IDEA Community Edition 2022.3.1\bin;C:\Users\jagdeep.khatana\AppData\Local\Temp

VM Arguments:
jvm_args: -Dmaven.multiModuleProjectDirectory=D:\New OpenVidu\openvidu-call\openvidu-call-back-java -Djansi.passthrough=true -Dmaven.home=C:\Program Files\JetBrains\IntelliJ IDEA Community Edition 2022.3.1\plugins\maven\lib\maven3 -Dclassworlds.conf=C:\Program Files\JetBrains\IntelliJ IDEA Community Edition 2022.3.1\plugins\maven\lib\maven3\bin\m2.conf -Dmaven.ext.class.path=C:\Program Files\JetBrains\IntelliJ IDEA Community Edition 2022.3.1\plugins\maven\lib\maven-event-listener.jar -javaagent:C:\Program Files\JetBrains\IntelliJ IDEA Community Edition 2022.3.1\lib\idea_rt.jar=53830:C:\Program Files\JetBrains\IntelliJ IDEA Community Edition 2022.3.1\bin -Dfile.encoding=UTF-8 -Dsun.stdout.encoding=UTF-8 -Dsun.stderr.encoding=UTF-8 
java_command: org.codehaus.classworlds.Launcher -Didea.version=2022.3.1 clean package
java_class_path (initial): C:\Program Files\JetBrains\IntelliJ IDEA Community Edition 2022.3.1\plugins\maven\lib\maven3\boot\plexus-classworlds-2.6.0.jar;C:\Program Files\JetBrains\IntelliJ IDEA Community Edition 2022.3.1\plugins\maven\lib\maven3\boot\plexus-classworlds.license
Launcher Type: SUN_STANDARD

[Global flags]
     intx CICompilerCount                          = 3                                         {product} {ergonomic}
     uint ConcGCThreads                            = 1                                         {product} {ergonomic}
     uint G1ConcRefinementThreads                  = 4                                         {product} {ergonomic}
   size_t G1HeapRegionSize                         = 1048576                                   {product} {ergonomic}
    uintx GCDrainStackTargetSize                   = 64                                        {product} {ergonomic}
   size_t InitialHeapSize                          = 134217728                                 {product} {ergonomic}
   size_t MarkStackSize                            = 4194304                                   {product} {ergonomic}
   size_t MaxHeapSize                              = 2118123520                                {product} {ergonomic}
   size_t MaxNewSize                               = 1270874112                                {product} {ergonomic}
   size_t MinHeapDeltaBytes                        = 1048576                                   {product} {ergonomic}
   size_t MinHeapSize                              = 8388608                                   {product} {ergonomic}
    uintx NonNMethodCodeHeapSize                   = 5832780                                {pd product} {ergonomic}
    uintx NonProfiledCodeHeapSize                  = 122912730                              {pd product} {ergonomic}
    uintx ProfiledCodeHeapSize                     = 122912730                              {pd product} {ergonomic}
    uintx ReservedCodeCacheSize                    = 251658240                              {pd product} {ergonomic}
     bool SegmentedCodeCache                       = true                                      {product} {ergonomic}
   size_t SoftMaxHeapSize                          = 2118123520                             {manageable} {ergonomic}
     bool UseCompressedClassPointers               = true                           {product lp64_product} {ergonomic}
     bool UseCompressedOops                        = true                           {product lp64_product} {ergonomic}
     bool UseG1GC                                  = true                                      {product} {ergonomic}
     bool UseLargePagesIndividualAllocation        = false                                  {pd product} {ergonomic}

Logging:
Log output configuration:
 #0: stdout all=warning uptime,level,tags foldmultilines=false
 #1: stderr all=off uptime,level,tags foldmultilines=false

Environment Variables:
PATH=C:\Program Files (x86)\Common Files\Oracle\Java\javapath;C:\Program Files\Java\jre1.8.0_333\bin;C:\WINDOWS\system32;C:\WINDOWS;C:\WINDOWS\System32\Wbem;C:\WINDOWS\System32\WindowsPowerShell\v1.0\;C:\WINDOWS\System32\OpenSSH\;C:\Program Files\PuTTY\;C:\Program Files\apache-maven-3.8.6\bin;C:\Program Files\nodejs\;C:\Users\jagdeep.khatana\AppData\Local\Programs\Python\Python310\Scripts\;C:\Users\jagdeep.khatana\AppData\Local\Programs\Python\Python310\;C:\Users\jagdeep.khatana\AppData\Local\Microsoft\WindowsApps;C:\Users\jagdeep.khatana\AppData\Local\Programs\Microsoft VS Code\bin;C:\Users\jagdeep.khatana\AppData\Roaming\npm;C:\Users\jagdeep.khatana\AppData\Local\Programs\Git\cmd
USERNAME=jagdeep.khatana
OS=Windows_NT
PROCESSOR_IDENTIFIER=Intel64 Family 6 Model 142 Stepping 9, GenuineIntel



---------------  S Y S T E M  ---------------

OS:
 Windows 10 , 64 bit Build 19041 (10.0.19041.2364)
OS uptime: 1 days 21:07 hours
Hyper-V role detected

CPU: total 4 (initial active 4) (2 cores per cpu, 2 threads per core) family 6 model 142 stepping 9 microcode 0xb4, cx8, cmov, fxsr, ht, mmx, 3dnowpref, sse, sse2, sse3, ssse3, sse4.1, sse4.2, popcnt, lzcnt, tsc, tscinvbit, avx, avx2, aes, erms, clmul, bmi1, bmi2, rtm, adx, fma, vzeroupper, clflush, clflushopt, hv

Memory: 4k page, system-wide physical 8074M (702M free)
TotalPageFile size 16467M (AvailPageFile size 9M)
current process WorkingSet (physical memory assigned to process): 251M, peak: 256M
current process commit charge ("private bytes"): 353M, peak: 360M

vm_info: OpenJDK 64-Bit Server VM (18.0.1.1+2-6) for windows-amd64 JRE (18.0.1.1+2-6), built on Apr 25 2022 21:50:56 by "mach5one" with MS VC++ 16.8 / 16.9 (VS2019)

END.
