#
# There is insufficient memory for the Java Runtime Environment to continue.
# Native memory allocation (mmap) failed to map 134217728 bytes for G1 virtual space
# Possible reasons:
#   The system is out of physical RAM or swap space
#   The process is running with CompressedOops enabled, and the Java Heap may be blocking the growth of the native heap
# Possible solutions:
#   Reduce memory load on the system
#   Increase physical memory or swap space
#   Check if swap backing store is full
#   Decrease Java heap size (-Xmx/-Xms)
#   Decrease number of Java threads
#   Decrease Java thread stack sizes (-Xss)
#   Set larger code cache with -XX:ReservedCodeCacheSize=
#   JVM is running with Unscaled Compressed Oops mode in which the Java heap is
#     placed in the first 4GB address space. The Java Heap base address is the
#     maximum limit for the native heap growth. Please use -XX:HeapBaseMinAddress
#     to set the Java Heap base and to place the Java Heap above 4GB virtual address.
# This output file may be truncated or incomplete.
#
#  Out of Memory Error (os_windows.cpp:3530), pid=19180, tid=14332
#
# JRE version:  (18.0.1.1+2) (build )
# Java VM: OpenJDK 64-Bit Server VM (18.0.1.1+2-6, mixed mode, sharing, tiered, compressed oops, compressed class ptrs, g1 gc, windows-amd64)
# No core dump will be written. Minidumps are not enabled by default on client versions of Windows
#

---------------  S U M M A R Y ------------

Command Line: C:\Users\JAGDEE~1.KHA\AppData\Local\Temp\surefire11175912558339196258\surefirebooter1102152355534262647.jar C:\Users\jagdeep.khatana\AppData\Local\Temp\surefire11175912558339196258 2023-02-12T14-00-00_497-jvmRun1 surefire10539646596422958950tmp surefire_016392808780319058275tmp

Host: Intel(R) Core(TM) i5-7300U CPU @ 2.60GHz, 4 cores, 7G,  Windows 10 , 64 bit Build 19041 (10.0.19041.2364)
Time: Sun Feb 12 14:00:01 2023 India Standard Time elapsed time: 0.027455 seconds (0d 0h 0m 0s)

---------------  T H R E A D  ---------------

Current thread (0x000001e2e20ffa10):  JavaThread "Unknown thread" [_thread_in_vm, id=14332, stack(0x0000003ddd000000,0x0000003ddd100000)]

Stack: [0x0000003ddd000000,0x0000003ddd100000]
Native frames: (J=compiled Java code, j=interpreted, Vv=VM code, C=native code)
V  [jvm.dll+0x69887a]
V  [jvm.dll+0x7f38bd]
V  [jvm.dll+0x7f51ce]
V  [jvm.dll+0x7f5883]
V  [jvm.dll+0x25ca3f]
V  [jvm.dll+0x6957c9]
V  [jvm.dll+0x68a2fa]
V  [jvm.dll+0x321efb]
V  [jvm.dll+0x3298d6]
V  [jvm.dll+0x37e47e]
V  [jvm.dll+0x37e6af]
V  [jvm.dll+0x2f9c7a]
V  [jvm.dll+0x2facdd]
V  [jvm.dll+0x7c24f0]
V  [jvm.dll+0x38b801]
V  [jvm.dll+0x7a1203]
V  [jvm.dll+0x40d6bf]
V  [jvm.dll+0x40f091]
C  [jli.dll+0x526b]
C  [ucrtbase.dll+0x21bb2]
C  [KERNEL32.DLL+0x17614]
C  [ntdll.dll+0x526a1]


---------------  P R O C E S S  ---------------

Threads class SMR info:
_java_thread_list=0x00007ffdec14d550, length=0, elements={
}

Java Threads: ( => current thread )

Other Threads:
  0x000001e2e215d5c0 WorkerThread "GC Thread#0" [stack: 0x0000003ddd100000,0x0000003ddd200000] [id=8904]
  0x000001e2e216e170 ConcurrentGCThread "G1 Main Marker" [stack: 0x0000003ddd200000,0x0000003ddd300000] [id=13672]
  0x000001e2e216fb70 WorkerThread "G1 Conc#0" [stack: 0x0000003ddd300000,0x0000003ddd400000] [id=12300]

[error occurred during error reporting (printing all threads), id 0xc0000005, EXCEPTION_ACCESS_VIOLATION (0xc0000005) at pc=0x00007ffdeb97a217]

VM state: not at safepoint (not fully initialized)

VM Mutex/Monitor currently owned by a thread:  ([mutex/lock_event])
[0x000001e2e20fa3d0] Heap_lock - owner thread: 0x000001e2e20ffa10

Heap address: 0x0000000081c00000, size: 2020 MB, Compressed Oops mode: 32-bit

CDS archive(s) mapped at: [0x0000000000000000-0x0000000000000000-0x0000000000000000), size 0, SharedBaseAddress: 0x0000000800000000, ArchiveRelocationMode: 0.
Narrow klass base: 0x0000000000000000, Narrow klass shift: 0, Narrow klass range: 0x0

GC Precious Log:
 CardTable entry size: 512
 Card Set container configuration: InlinePtr #cards 5 size 8 Array Of Cards #cards 12 size 40 Howl #buckets 4 coarsen threshold 1843 Howl Bitmap #cards 512 size 80 coarsen threshold 460 Card regions per heap region 1 cards per card region 2048

Heap:
 garbage-first heap   total 0K, used 0K [0x0000000081c00000, 0x0000000100000000)
  region size 1024K, 0 young (0K), 0 survivors (0K)

[error occurred during error reporting (printing heap information), id 0xc0000005, EXCEPTION_ACCESS_VIOLATION (0xc0000005) at pc=0x00007ffdebd60cb9]

GC Heap History (0 events):
No events

Deoptimization events (0 events):
No events

Classes loaded (0 events):
No events

Classes unloaded (0 events):
No events

Classes redefined (0 events):
No events

Internal exceptions (0 events):
No events

VM Operations (0 events):
No events

Events (1 events):
Event: 0.012 Loaded shared library C:\Users\jagdeep.khatana\.jdks\openjdk-18.0.1.1\bin\java.dll


Dynamic libraries:
0x00007ff74df70000 - 0x00007ff74df7e000 	C:\Users\jagdeep.khatana\.jdks\openjdk-18.0.1.1\bin\java.exe
0x00007ffe76670000 - 0x00007ffe76868000 	C:\WINDOWS\SYSTEM32\ntdll.dll
0x00007ffe752b0000 - 0x00007ffe7536f000 	C:\WINDOWS\System32\KERNEL32.DLL
0x00007ffe743d0000 - 0x00007ffe746a2000 	C:\WINDOWS\System32\KERNELBASE.dll
0x00007ffe73f00000 - 0x00007ffe74000000 	C:\WINDOWS\System32\ucrtbase.dll
0x00007ffe5c7e0000 - 0x00007ffe5c7fa000 	C:\Users\jagdeep.khatana\.jdks\openjdk-18.0.1.1\bin\VCRUNTIME140.dll
0x00007ffe646f0000 - 0x00007ffe64707000 	C:\Users\jagdeep.khatana\.jdks\openjdk-18.0.1.1\bin\jli.dll
0x00007ffe76280000 - 0x00007ffe76421000 	C:\WINDOWS\System32\USER32.dll
0x00007ffe73ea0000 - 0x00007ffe73ec2000 	C:\WINDOWS\System32\win32u.dll
0x00007ffe74e90000 - 0x00007ffe74ebb000 	C:\WINDOWS\System32\GDI32.dll
0x00007ffe74070000 - 0x00007ffe7417f000 	C:\WINDOWS\System32\gdi32full.dll
0x00007ffe74180000 - 0x00007ffe7421d000 	C:\WINDOWS\System32\msvcp_win.dll
0x00007ffe63f80000 - 0x00007ffe6421a000 	C:\WINDOWS\WinSxS\amd64_microsoft.windows.common-controls_6595b64144ccf1df_6.0.19041.1110_none_60b5254171f9507e\COMCTL32.dll
0x00007ffe74ec0000 - 0x00007ffe74f5e000 	C:\WINDOWS\System32\msvcrt.dll
0x00007ffe76570000 - 0x00007ffe765a2000 	C:\WINDOWS\System32\IMM32.DLL
0x00007ffe6f060000 - 0x00007ffe6f06c000 	C:\Users\jagdeep.khatana\.jdks\openjdk-18.0.1.1\bin\vcruntime140_1.dll
0x00007ffe376d0000 - 0x00007ffe3775d000 	C:\Users\jagdeep.khatana\.jdks\openjdk-18.0.1.1\bin\msvcp140.dll
0x00007ffdeb670000 - 0x00007ffdec280000 	C:\Users\jagdeep.khatana\.jdks\openjdk-18.0.1.1\bin\server\jvm.dll
0x00007ffe75a10000 - 0x00007ffe75abe000 	C:\WINDOWS\System32\ADVAPI32.dll
0x00007ffe75800000 - 0x00007ffe7589c000 	C:\WINDOWS\System32\sechost.dll
0x00007ffe76090000 - 0x00007ffe761b5000 	C:\WINDOWS\System32\RPCRT4.dll
0x00007ffe74f60000 - 0x00007ffe74f68000 	C:\WINDOWS\System32\PSAPI.DLL
0x00007ffe5fdc0000 - 0x00007ffe5fdc9000 	C:\WINDOWS\SYSTEM32\WSOCK32.dll
0x00007ffe74f70000 - 0x00007ffe74fdb000 	C:\WINDOWS\System32\WS2_32.dll
0x00007ffe6c860000 - 0x00007ffe6c86a000 	C:\WINDOWS\SYSTEM32\VERSION.dll
0x00007ffe62e10000 - 0x00007ffe62e37000 	C:\WINDOWS\SYSTEM32\WINMM.dll
0x00007ffe72560000 - 0x00007ffe72572000 	C:\WINDOWS\SYSTEM32\kernel.appcore.dll
0x00007ffe6f030000 - 0x00007ffe6f03a000 	C:\Users\jagdeep.khatana\.jdks\openjdk-18.0.1.1\bin\jimage.dll
0x00007ffe72270000 - 0x00007ffe72454000 	C:\WINDOWS\SYSTEM32\DBGHELP.DLL
0x00007ffe5c240000 - 0x00007ffe5c275000 	C:\WINDOWS\SYSTEM32\dbgcore.DLL
0x00007ffe73e10000 - 0x00007ffe73e92000 	C:\WINDOWS\System32\bcryptPrimitives.dll
0x00007ffe52d00000 - 0x00007ffe52d25000 	C:\Users\jagdeep.khatana\.jdks\openjdk-18.0.1.1\bin\java.dll

dbghelp: loaded successfully - version: 4.0.5 - missing functions: none
symbol engine: initialized successfully - sym options: 0x614 - pdb path: .;C:\Users\jagdeep.khatana\.jdks\openjdk-18.0.1.1\bin;C:\WINDOWS\SYSTEM32;C:\WINDOWS\WinSxS\amd64_microsoft.windows.common-controls_6595b64144ccf1df_6.0.19041.1110_none_60b5254171f9507e;C:\Users\jagdeep.khatana\.jdks\openjdk-18.0.1.1\bin\server

VM Arguments:
java_command: C:\Users\JAGDEE~1.KHA\AppData\Local\Temp\surefire11175912558339196258\surefirebooter1102152355534262647.jar C:\Users\jagdeep.khatana\AppData\Local\Temp\surefire11175912558339196258 2023-02-12T14-00-00_497-jvmRun1 surefire10539646596422958950tmp surefire_016392808780319058275tmp
java_class_path (initial): C:\Users\JAGDEE~1.KHA\AppData\Local\Temp\surefire11175912558339196258\surefirebooter1102152355534262647.jar
Launcher Type: SUN_STANDARD

[Global flags]
     intx CICompilerCount                          = 3                                         {product} {ergonomic}
     uint ConcGCThreads                            = 1                                         {product} {ergonomic}
     uint G1ConcRefinementThreads                  = 4                                         {product} {ergonomic}
   size_t G1HeapRegionSize                         = 1048576                                   {product} {ergonomic}
    uintx GCDrainStackTargetSize                   = 64                                        {product} {ergonomic}
   size_t InitialHeapSize                          = 134217728                                 {product} {ergonomic}
   size_t MarkStackSize                            = 4194304                                   {product} {ergonomic}
   size_t MaxHeapSize                              = 2118123520                                {product} {ergonomic}
   size_t MinHeapDeltaBytes                        = 1048576                                   {product} {ergonomic}
   size_t MinHeapSize                              = 8388608                                   {product} {ergonomic}
    uintx NonNMethodCodeHeapSize                   = 5832780                                {pd product} {ergonomic}
    uintx NonProfiledCodeHeapSize                  = 122912730                              {pd product} {ergonomic}
    uintx ProfiledCodeHeapSize                     = 122912730                              {pd product} {ergonomic}
    uintx ReservedCodeCacheSize                    = 251658240                              {pd product} {ergonomic}
     bool SegmentedCodeCache                       = true                                      {product} {ergonomic}
   size_t SoftMaxHeapSize                          = 2118123520                             {manageable} {ergonomic}
     bool UseCompressedClassPointers               = true                           {product lp64_product} {ergonomic}
     bool UseCompressedOops                        = true                           {product lp64_product} {ergonomic}
     bool UseG1GC                                  = true                                      {product} {ergonomic}
     bool UseLargePagesIndividualAllocation        = false                                  {pd product} {ergonomic}

Logging:
Log output configuration:
 #0: stdout all=warning uptime,level,tags foldmultilines=false
 #1: stderr all=off uptime,level,tags foldmultilines=false

Environment Variables:
PATH=C:\Program Files (x86)\Common Files\Oracle\Java\javapath;C:\Program Files\Java\jre1.8.0_333\bin;C:\WINDOWS\system32;C:\WINDOWS;C:\WINDOWS\System32\Wbem;C:\WINDOWS\System32\WindowsPowerShell\v1.0\;C:\WINDOWS\System32\OpenSSH\;C:\Program Files\PuTTY\;C:\Program Files\apache-maven-3.8.6\bin;C:\Program Files\nodejs\;C:\Users\jagdeep.khatana\AppData\Local\Programs\Python\Python310\Scripts\;C:\Users\jagdeep.khatana\AppData\Local\Programs\Python\Python310\;C:\Users\jagdeep.khatana\AppData\Local\Microsoft\WindowsApps;C:\Users\jagdeep.khatana\AppData\Local\Programs\Microsoft VS Code\bin;C:\Users\jagdeep.khatana\AppData\Roaming\npm;C:\Users\jagdeep.khatana\AppData\Local\Programs\Git\cmd
USERNAME=jagdeep.khatana
OS=Windows_NT
PROCESSOR_IDENTIFIER=Intel64 Family 6 Model 142 Stepping 9, GenuineIntel



---------------  S Y S T E M  ---------------

OS:
 Windows 10 , 64 bit Build 19041 (10.0.19041.2364)
OS uptime: 1 days 21:06 hours
Hyper-V role detected

CPU: total 4 (initial active 4) (2 cores per cpu, 2 threads per core) family 6 model 142 stepping 9 microcode 0xb4, cx8, cmov, fxsr, ht, mmx, 3dnowpref, sse, sse2, sse3, ssse3, sse4.1, sse4.2, popcnt, lzcnt, tsc, tscinvbit, avx, avx2, aes, erms, clmul, bmi1, bmi2, rtm, adx, fma, vzeroupper, clflush, clflushopt, hv

Memory: 4k page, system-wide physical 8074M (743M free)
TotalPageFile size 16467M (AvailPageFile size 47M)
current process WorkingSet (physical memory assigned to process): 10M, peak: 10M
current process commit charge ("private bytes"): 52M, peak: 179M

vm_info: OpenJDK 64-Bit Server VM (18.0.1.1+2-6) for windows-amd64 JRE (18.0.1.1+2-6), built on Apr 25 2022 21:50:56 by "mach5one" with MS VC++ 16.8 / 16.9 (VS2019)

END.
