#
# There is insufficient memory for the Java Runtime Environment to continue.
# Native memory allocation (malloc) failed to allocate 3995136 bytes for Chunk::new
# Possible reasons:
#   The system is out of physical RAM or swap space
#   The process is running with CompressedOops enabled, and the Java Heap may be blocking the growth of the native heap
# Possible solutions:
#   Reduce memory load on the system
#   Increase physical memory or swap space
#   Check if swap backing store is full
#   Decrease Java heap size (-Xmx/-Xms)
#   Decrease number of Java threads
#   Decrease Java thread stack sizes (-Xss)
#   Set larger code cache with -XX:ReservedCodeCacheSize=
#   JVM is running with Unscaled Compressed Oops mode in which the Java heap is
#     placed in the first 4GB address space. The Java Heap base address is the
#     maximum limit for the native heap growth. Please use -XX:HeapBaseMinAddress
#     to set the Java Heap base and to place the Java Heap above 4GB virtual address.
# This output file may be truncated or incomplete.
#
#  Out of Memory Error (arena.cpp:184), pid=3188, tid=19856
#
# JRE version: OpenJDK Runtime Environment (18.0.1.1+2) (build 18.0.1.1+2-6)
# Java VM: OpenJDK 64-Bit Server VM (18.0.1.1+2-6, mixed mode, sharing, tiered, compressed oops, compressed class ptrs, g1 gc, windows-amd64)
# No core dump will be written. Minidumps are not enabled by default on client versions of Windows
#

---------------  S U M M A R Y ------------

Command Line: -Dmaven.multiModuleProjectDirectory=D:\New OpenVidu\openvidu-call\openvidu-call-back-java -Djansi.passthrough=true -Dmaven.home=C:\Program Files\JetBrains\IntelliJ IDEA Community Edition 2022.3.1\plugins\maven\lib\maven3 -Dclassworlds.conf=C:\Program Files\JetBrains\IntelliJ IDEA Community Edition 2022.3.1\plugins\maven\lib\maven3\bin\m2.conf -Dmaven.ext.class.path=C:\Program Files\JetBrains\IntelliJ IDEA Community Edition 2022.3.1\plugins\maven\lib\maven-event-listener.jar -javaagent:C:\Program Files\JetBrains\IntelliJ IDEA Community Edition 2022.3.1\lib\idea_rt.jar=53277:C:\Program Files\JetBrains\IntelliJ IDEA Community Edition 2022.3.1\bin -Dfile.encoding=UTF-8 -Dsun.stdout.encoding=UTF-8 -Dsun.stderr.encoding=UTF-8 org.codehaus.classworlds.Launcher -Didea.version=2022.3.1 clean package

Host: Intel(R) Core(TM) i5-7300U CPU @ 2.60GHz, 4 cores, 7G,  Windows 10 , 64 bit Build 19041 (10.0.19041.2364)
Time: Sun Feb 12 16:25:50 2023 India Standard Time elapsed time: 70.689850 seconds (0d 0h 1m 10s)

---------------  T H R E A D  ---------------

Current thread (0x0000016372737af0):  JavaThread "C2 CompilerThread1" daemon [_thread_in_native, id=19856, stack(0x000000203f400000,0x000000203f500000)]


Current CompileTask:
C2:  70690 8226       4       org.codehaus.plexus.classworlds.realm.ClassRealm::loadClass (7 bytes)

Stack: [0x000000203f400000,0x000000203f500000]
Native frames: (J=compiled Java code, j=interpreted, Vv=VM code, C=native code)
V  [jvm.dll+0x69887a]
V  [jvm.dll+0x7f38bd]
V  [jvm.dll+0x7f51ce]
V  [jvm.dll+0x7f5883]
V  [jvm.dll+0x25ca3f]
V  [jvm.dll+0xb8c2f]
V  [jvm.dll+0xb8fa5]
V  [jvm.dll+0x2c794f]
V  [jvm.dll+0x5a05b0]
V  [jvm.dll+0x237f1e]
V  [jvm.dll+0x231764]
V  [jvm.dll+0x22eeeb]
V  [jvm.dll+0x1b9cfc]
V  [jvm.dll+0x23e8ca]
V  [jvm.dll+0x23cbb5]
V  [jvm.dll+0x7a5fb1]
V  [jvm.dll+0x7a03ea]
V  [jvm.dll+0x697725]
C  [ucrtbase.dll+0x21bb2]
C  [KERNEL32.DLL+0x17614]
C  [ntdll.dll+0x526a1]


---------------  P R O C E S S  ---------------

Threads class SMR info:
_java_thread_list=0x0000016377256bd0, length=23, elements={
0x000001634d7f3ea0, 0x000001636b0acfe0, 0x000001636b0b1b60, 0x000001636b0c8de0,
0x000001636b0c9950, 0x000001636b0cb210, 0x000001636b0cbac0, 0x000001636b0cc6a0,
0x000001636b1392d0, 0x000001636b139f70, 0x000001636f410280, 0x000001636f573bc0,
0x000001636f577590, 0x0000016371a71e50, 0x0000016370b09050, 0x0000016370b09510,
0x00000163708788a0, 0x0000016370877f00, 0x0000016372737af0, 0x0000016370877090,
0x00000163708783d0, 0x0000016370877560, 0x0000016370877a30
}

Java Threads: ( => current thread )
  0x000001634d7f3ea0 JavaThread "main" [_thread_in_vm, id=16412, stack(0x000000203f700000,0x000000203f800000)]
  0x000001636b0acfe0 JavaThread "Reference Handler" daemon [_thread_blocked, id=4312, stack(0x000000203fe00000,0x000000203ff00000)]
  0x000001636b0b1b60 JavaThread "Finalizer" daemon [_thread_blocked, id=8168, stack(0x000000203ff00000,0x0000002040000000)]
  0x000001636b0c8de0 JavaThread "Signal Dispatcher" daemon [_thread_blocked, id=11992, stack(0x0000002040000000,0x0000002040100000)]
  0x000001636b0c9950 JavaThread "Attach Listener" daemon [_thread_blocked, id=18680, stack(0x0000002040100000,0x0000002040200000)]
  0x000001636b0cb210 JavaThread "Service Thread" daemon [_thread_blocked, id=6428, stack(0x0000002040200000,0x0000002040300000)]
  0x000001636b0cbac0 JavaThread "Monitor Deflation Thread" daemon [_thread_blocked, id=1692, stack(0x0000002040300000,0x0000002040400000)]
  0x000001636b0cc6a0 JavaThread "C2 CompilerThread0" daemon [_thread_in_native, id=2788, stack(0x0000002040400000,0x0000002040500000)]
  0x000001636b1392d0 JavaThread "C1 CompilerThread0" daemon [_thread_blocked, id=10304, stack(0x0000002040500000,0x0000002040600000)]
  0x000001636b139f70 JavaThread "Sweeper thread" daemon [_thread_blocked, id=20052, stack(0x0000002040600000,0x0000002040700000)]
  0x000001636f410280 JavaThread "Common-Cleaner" daemon [_thread_blocked, id=19520, stack(0x0000002040700000,0x0000002040800000)]
  0x000001636f573bc0 JavaThread "Monitor Ctrl-Break" daemon [_thread_in_native, id=5384, stack(0x0000002040800000,0x0000002040900000)]
  0x000001636f577590 JavaThread "Notification Thread" daemon [_thread_blocked, id=6584, stack(0x0000002040900000,0x0000002040a00000)]
  0x0000016371a71e50 JavaThread "resolver-1" daemon [_thread_blocked, id=9032, stack(0x0000002041000000,0x0000002041100000)]
  0x0000016370b09050 JavaThread "resolver-2" daemon [_thread_blocked, id=13716, stack(0x0000002041100000,0x0000002041200000)]
  0x0000016370b09510 JavaThread "resolver-3" daemon [_thread_blocked, id=1856, stack(0x0000002041200000,0x0000002041300000)]
  0x00000163708788a0 JavaThread "resolver-4" daemon [_thread_blocked, id=17108, stack(0x0000002041300000,0x0000002041400000)]
  0x0000016370877f00 JavaThread "resolver-5" daemon [_thread_blocked, id=3332, stack(0x0000002041400000,0x0000002041500000)]
=>0x0000016372737af0 JavaThread "C2 CompilerThread1" daemon [_thread_in_native, id=19856, stack(0x000000203f400000,0x000000203f500000)]
  0x0000016370877090 JavaThread "pool-1-thread-1" [_thread_new, id=14844, stack(0x0000000000000000,0x0000000000000000)]
  0x00000163708783d0 JavaThread "pool-1-thread-2" [_thread_new, id=12796, stack(0x0000000000000000,0x0000000000000000)]
  0x0000016370877560 JavaThread "pool-1-thread-3" [_thread_new, id=15672, stack(0x0000000000000000,0x0000000000000000)]
  0x0000016370877a30 JavaThread "pool-1-thread-4" [_thread_new, id=17820, stack(0x0000000000000000,0x0000000000000000)]

Other Threads:
  0x000001636b0a9930 VMThread "VM Thread" [stack: 0x000000203fd00000,0x000000203fe00000] [id=10528]
  0x000001636f5736a0 WatcherThread "VM Periodic Task Thread" [stack: 0x0000002040a00000,0x0000002040b00000] [id=7732]
  0x000001634d8511c0 WorkerThread "GC Thread#0" [stack: 0x000000203f800000,0x000000203f900000] [id=2180]
  0x000001636f93a380 WorkerThread "GC Thread#1" [stack: 0x0000002040b00000,0x0000002040c00000] [id=15944]
  0x000001636f93a620 WorkerThread "GC Thread#2" [stack: 0x0000002040c00000,0x0000002040d00000] [id=6464]
  0x000001636f9a7ca0 WorkerThread "GC Thread#3" [stack: 0x0000002040d00000,0x0000002040e00000] [id=8076]
  0x000001634d863ca0 ConcurrentGCThread "G1 Main Marker" [stack: 0x000000203f900000,0x000000203fa00000] [id=15256]
  0x000001634d8645a0 WorkerThread "G1 Conc#0" [stack: 0x000000203fa00000,0x000000203fb00000] [id=11876]
  0x000001634d8a1830 ConcurrentGCThread "G1 Refine#0" [stack: 0x000000203fb00000,0x000000203fc00000] [id=18796]
  0x000001636fafeec0 ConcurrentGCThread "G1 Refine#1" [stack: 0x000000203f500000,0x000000203f600000] [id=20364]
  0x000001634d8a2050 ConcurrentGCThread "G1 Service" [stack: 0x000000203fc00000,0x000000203fd00000] [id=18320]

Threads with active compile tasks:
C2 CompilerThread0    70751 8003   !   4       java.lang.ClassLoader::loadClass (121 bytes)
C2 CompilerThread1    70751 8226       4       org.codehaus.plexus.classworlds.realm.ClassRealm::loadClass (7 bytes)

VM state: not at safepoint (normal execution)

VM Mutex/Monitor currently owned by a thread: None

Heap address: 0x0000000081c00000, size: 2020 MB, Compressed Oops mode: 32-bit

CDS archive(s) mapped at: [0x0000000800000000-0x0000000800b90000-0x0000000800b90000), size 12124160, SharedBaseAddress: 0x0000000800000000, ArchiveRelocationMode: 0.
Compressed class space mapped at: 0x0000000800c00000-0x0000000840c00000, reserved size: 1073741824
Narrow klass base: 0x0000000800000000, Narrow klass shift: 0, Narrow klass range: 0x100000000

GC Precious Log:
 CardTable entry size: 512
 Card Set container configuration: InlinePtr #cards 5 size 8 Array Of Cards #cards 12 size 40 Howl #buckets 4 coarsen threshold 1843 Howl Bitmap #cards 512 size 80 coarsen threshold 460 Card regions per heap region 1 cards per card region 2048
 CPUs: 4 total, 4 available
 Memory: 8074M
 Large Page Support: Disabled
 NUMA Support: Disabled
 Compressed Oops: Enabled (32-bit)
 Heap Region Size: 1M
 Heap Min Capacity: 8M
 Heap Initial Capacity: 128M
 Heap Max Capacity: 2020M
 Pre-touch: Disabled
 Parallel Workers: 4
 Concurrent Workers: 1
 Concurrent Refinement Workers: 4
 Periodic GC: Disabled

Heap:
 garbage-first heap   total 168960K, used 89152K [0x0000000081c00000, 0x0000000100000000)
  region size 1024K, 33 young (33792K), 2 survivors (2048K)
 Metaspace       used 32744K, committed 33216K, reserved 1114112K
  class space    used 3524K, committed 3712K, reserved 1048576K

Heap Regions: E=young(eden), S=young(survivor), O=old, HS=humongous(starts), HC=humongous(continues), CS=collection set, F=free, OA=open archive, CA=closed archive, TAMS=top-at-mark-start (previous, next)
|   0|0x0000000081c00000, 0x0000000081d00000, 0x0000000081d00000|100%| O|  |TAMS 0x0000000081d00000, 0x0000000081c00000| Untracked 
|   1|0x0000000081d00000, 0x0000000081e00000, 0x0000000081e00000|100%| O|  |TAMS 0x0000000081e00000, 0x0000000081d00000| Untracked 
|   2|0x0000000081e00000, 0x0000000081f00000, 0x0000000081f00000|100%| O|  |TAMS 0x0000000081f00000, 0x0000000081e00000| Untracked 
|   3|0x0000000081f00000, 0x0000000082000000, 0x0000000082000000|100%| O|  |TAMS 0x0000000082000000, 0x0000000081f00000| Untracked 
|   4|0x0000000082000000, 0x0000000082100000, 0x0000000082100000|100%| O|  |TAMS 0x0000000082100000, 0x0000000082000000| Untracked 
|   5|0x0000000082100000, 0x0000000082200000, 0x0000000082200000|100%| O|  |TAMS 0x0000000082200000, 0x0000000082100000| Untracked 
|   6|0x0000000082200000, 0x0000000082300000, 0x0000000082300000|100%| O|  |TAMS 0x0000000082300000, 0x0000000082200000| Untracked 
|   7|0x0000000082300000, 0x0000000082400000, 0x0000000082400000|100%| O|  |TAMS 0x0000000082400000, 0x0000000082300000| Untracked 
|   8|0x0000000082400000, 0x0000000082500000, 0x0000000082500000|100%| O|  |TAMS 0x0000000082500000, 0x0000000082400000| Untracked 
|   9|0x0000000082500000, 0x0000000082600000, 0x0000000082600000|100%| O|  |TAMS 0x0000000082600000, 0x0000000082500000| Untracked 
|  10|0x0000000082600000, 0x0000000082700000, 0x0000000082700000|100%| O|  |TAMS 0x0000000082700000, 0x0000000082600000| Untracked 
|  11|0x0000000082700000, 0x0000000082800000, 0x0000000082800000|100%| O|  |TAMS 0x0000000082800000, 0x0000000082700000| Untracked 
|  12|0x0000000082800000, 0x0000000082900000, 0x0000000082900000|100%| O|  |TAMS 0x0000000082900000, 0x0000000082800000| Untracked 
|  13|0x0000000082900000, 0x0000000082a00000, 0x0000000082a00000|100%| O|  |TAMS 0x0000000082a00000, 0x0000000082900000| Untracked 
|  14|0x0000000082a00000, 0x0000000082b00000, 0x0000000082b00000|100%| O|  |TAMS 0x0000000082b00000, 0x0000000082a00000| Untracked 
|  15|0x0000000082b00000, 0x0000000082c00000, 0x0000000082c00000|100%| O|  |TAMS 0x0000000082c00000, 0x0000000082b00000| Untracked 
|  16|0x0000000082c00000, 0x0000000082d00000, 0x0000000082d00000|100%| O|  |TAMS 0x0000000082d00000, 0x0000000082c00000| Untracked 
|  17|0x0000000082d00000, 0x0000000082d00000, 0x0000000082e00000|  0%| F|  |TAMS 0x0000000082d00000, 0x0000000082d00000| Untracked 
|  18|0x0000000082e00000, 0x0000000082f00000, 0x0000000082f00000|100%| O|  |TAMS 0x0000000082f00000, 0x0000000082e00000| Untracked 
|  19|0x0000000082f00000, 0x0000000083000000, 0x0000000083000000|100%|HS|  |TAMS 0x0000000082f00000, 0x0000000082f00000| Complete 
|  20|0x0000000083000000, 0x0000000083100000, 0x0000000083100000|100%|HC|  |TAMS 0x0000000083000000, 0x0000000083000000| Complete 
|  21|0x0000000083100000, 0x0000000083200000, 0x0000000083200000|100%|HC|  |TAMS 0x0000000083100000, 0x0000000083100000| Complete 
|  22|0x0000000083200000, 0x0000000083200000, 0x0000000083300000|  0%| F|  |TAMS 0x0000000083200000, 0x0000000083200000| Untracked 
|  23|0x0000000083300000, 0x0000000083300000, 0x0000000083400000|  0%| F|  |TAMS 0x0000000083300000, 0x0000000083300000| Untracked 
|  24|0x0000000083400000, 0x0000000083500000, 0x0000000083500000|100%| O|  |TAMS 0x0000000083500000, 0x0000000083400000| Untracked 
|  25|0x0000000083500000, 0x0000000083600000, 0x0000000083600000|100%| O|  |TAMS 0x0000000083500000, 0x0000000083500000| Untracked 
|  26|0x0000000083600000, 0x0000000083700000, 0x0000000083700000|100%| O|  |TAMS 0x0000000083700000, 0x0000000083600000| Untracked 
|  27|0x0000000083700000, 0x0000000083700000, 0x0000000083800000|  0%| F|  |TAMS 0x0000000083700000, 0x0000000083700000| Untracked 
|  28|0x0000000083800000, 0x0000000083800000, 0x0000000083900000|  0%| F|  |TAMS 0x0000000083800000, 0x0000000083800000| Untracked 
|  29|0x0000000083900000, 0x0000000083a00000, 0x0000000083a00000|100%|HS|  |TAMS 0x0000000083a00000, 0x0000000083900000| Complete 
|  30|0x0000000083a00000, 0x0000000083b00000, 0x0000000083b00000|100%|HC|  |TAMS 0x0000000083b00000, 0x0000000083a00000| Complete 
|  31|0x0000000083b00000, 0x0000000083b00000, 0x0000000083c00000|  0%| F|  |TAMS 0x0000000083b00000, 0x0000000083b00000| Untracked 
|  32|0x0000000083c00000, 0x0000000083c00000, 0x0000000083d00000|  0%| F|  |TAMS 0x0000000083c00000, 0x0000000083c00000| Untracked 
|  33|0x0000000083d00000, 0x0000000083e00000, 0x0000000083e00000|100%| O|  |TAMS 0x0000000083e00000, 0x0000000083d00000| Untracked 
|  34|0x0000000083e00000, 0x0000000083f00000, 0x0000000083f00000|100%| O|  |TAMS 0x0000000083f00000, 0x0000000083e00000| Untracked 
|  35|0x0000000083f00000, 0x0000000084000000, 0x0000000084000000|100%| O|  |TAMS 0x0000000084000000, 0x0000000083f00000| Untracked 
|  36|0x0000000084000000, 0x0000000084100000, 0x0000000084100000|100%| O|  |TAMS 0x0000000084100000, 0x0000000084000000| Untracked 
|  37|0x0000000084100000, 0x0000000084200000, 0x0000000084200000|100%| O|  |TAMS 0x0000000084200000, 0x0000000084100000| Untracked 
|  38|0x0000000084200000, 0x0000000084300000, 0x0000000084300000|100%| O|  |TAMS 0x0000000084300000, 0x0000000084200000| Untracked 
|  39|0x0000000084300000, 0x0000000084400000, 0x0000000084400000|100%| O|  |TAMS 0x0000000084400000, 0x0000000084300000| Untracked 
|  40|0x0000000084400000, 0x0000000084500000, 0x0000000084500000|100%| O|  |TAMS 0x0000000084500000, 0x0000000084400000| Untracked 
|  41|0x0000000084500000, 0x0000000084600000, 0x0000000084600000|100%| O|  |TAMS 0x0000000084600000, 0x0000000084500000| Untracked 
|  42|0x0000000084600000, 0x0000000084700000, 0x0000000084700000|100%| O|  |TAMS 0x0000000084700000, 0x0000000084600000| Untracked 
|  43|0x0000000084700000, 0x0000000084800000, 0x0000000084800000|100%| O|  |TAMS 0x0000000084800000, 0x0000000084700000| Untracked 
|  44|0x0000000084800000, 0x0000000084900000, 0x0000000084900000|100%| O|  |TAMS 0x0000000084845600, 0x0000000084800000| Untracked 
|  45|0x0000000084900000, 0x0000000084a00000, 0x0000000084a00000|100%| O|  |TAMS 0x0000000084900000, 0x0000000084900000| Untracked 
|  46|0x0000000084a00000, 0x0000000084b00000, 0x0000000084b00000|100%| O|  |TAMS 0x0000000084a00000, 0x0000000084a00000| Untracked 
|  47|0x0000000084b00000, 0x0000000084c00000, 0x0000000084c00000|100%| O|  |TAMS 0x0000000084b00000, 0x0000000084b00000| Untracked 
|  48|0x0000000084c00000, 0x0000000084d00000, 0x0000000084d00000|100%| O|  |TAMS 0x0000000084c00000, 0x0000000084c00000| Untracked 
|  49|0x0000000084d00000, 0x0000000084e00000, 0x0000000084e00000|100%| O|  |TAMS 0x0000000084d00000, 0x0000000084d00000| Untracked 
|  50|0x0000000084e00000, 0x0000000084f00000, 0x0000000084f00000|100%| O|  |TAMS 0x0000000084e00000, 0x0000000084e00000| Untracked 
|  51|0x0000000084f00000, 0x0000000085000000, 0x0000000085000000|100%| O|  |TAMS 0x0000000084f00000, 0x0000000084f00000| Untracked 
|  52|0x0000000085000000, 0x00000000850cd000, 0x0000000085100000| 80%| O|  |TAMS 0x0000000085000000, 0x0000000085000000| Untracked 
|  53|0x0000000085100000, 0x0000000085200000, 0x0000000085200000|100%|HS|  |TAMS 0x0000000085100000, 0x0000000085100000| Complete 
|  54|0x0000000085200000, 0x0000000085300000, 0x0000000085300000|100%|HC|  |TAMS 0x0000000085200000, 0x0000000085200000| Complete 
|  55|0x0000000085300000, 0x0000000085400000, 0x0000000085400000|100%|HC|  |TAMS 0x0000000085300000, 0x0000000085300000| Complete 
|  56|0x0000000085400000, 0x0000000085500000, 0x0000000085500000|100%|HS|  |TAMS 0x0000000085400000, 0x0000000085400000| Complete 
|  57|0x0000000085500000, 0x0000000085600000, 0x0000000085600000|100%|HC|  |TAMS 0x0000000085500000, 0x0000000085500000| Complete 
|  58|0x0000000085600000, 0x0000000085700000, 0x0000000085700000|100%|HC|  |TAMS 0x0000000085600000, 0x0000000085600000| Complete 
|  59|0x0000000085700000, 0x0000000085800000, 0x0000000085800000|100%|HS|  |TAMS 0x0000000085700000, 0x0000000085700000| Complete 
|  60|0x0000000085800000, 0x0000000085900000, 0x0000000085900000|100%|HC|  |TAMS 0x0000000085800000, 0x0000000085800000| Complete 
|  61|0x0000000085900000, 0x0000000085a00000, 0x0000000085a00000|100%|HC|  |TAMS 0x0000000085900000, 0x0000000085900000| Complete 
|  62|0x0000000085a00000, 0x0000000085a00000, 0x0000000085b00000|  0%| F|  |TAMS 0x0000000085a00000, 0x0000000085a00000| Untracked 
|  63|0x0000000085b00000, 0x0000000085b00000, 0x0000000085c00000|  0%| F|  |TAMS 0x0000000085b00000, 0x0000000085b00000| Untracked 
|  64|0x0000000085c00000, 0x0000000085c00000, 0x0000000085d00000|  0%| F|  |TAMS 0x0000000085c00000, 0x0000000085c00000| Untracked 
|  65|0x0000000085d00000, 0x0000000085d00000, 0x0000000085e00000|  0%| F|  |TAMS 0x0000000085d00000, 0x0000000085d00000| Untracked 
|  66|0x0000000085e00000, 0x0000000085e00000, 0x0000000085f00000|  0%| F|  |TAMS 0x0000000085e00000, 0x0000000085e00000| Untracked 
|  67|0x0000000085f00000, 0x0000000085f00000, 0x0000000086000000|  0%| F|  |TAMS 0x0000000085f00000, 0x0000000085f00000| Untracked 
|  68|0x0000000086000000, 0x00000000860432c0, 0x0000000086100000| 26%| S|CS|TAMS 0x0000000086000000, 0x0000000086000000| Complete 
|  69|0x0000000086100000, 0x0000000086200000, 0x0000000086200000|100%| S|CS|TAMS 0x0000000086100000, 0x0000000086100000| Complete 
|  70|0x0000000086200000, 0x0000000086200000, 0x0000000086300000|  0%| F|  |TAMS 0x0000000086200000, 0x0000000086200000| Untracked 
|  71|0x0000000086300000, 0x0000000086300000, 0x0000000086400000|  0%| F|  |TAMS 0x0000000086300000, 0x0000000086300000| Untracked 
|  72|0x0000000086400000, 0x0000000086400000, 0x0000000086500000|  0%| F|  |TAMS 0x0000000086400000, 0x0000000086400000| Untracked 
|  73|0x0000000086500000, 0x0000000086500000, 0x0000000086600000|  0%| F|  |TAMS 0x0000000086500000, 0x0000000086500000| Untracked 
|  74|0x0000000086600000, 0x0000000086600000, 0x0000000086700000|  0%| F|  |TAMS 0x0000000086600000, 0x0000000086600000| Untracked 
|  75|0x0000000086700000, 0x0000000086700000, 0x0000000086800000|  0%| F|  |TAMS 0x0000000086700000, 0x0000000086700000| Untracked 
|  76|0x0000000086800000, 0x0000000086800000, 0x0000000086900000|  0%| F|  |TAMS 0x0000000086800000, 0x0000000086800000| Untracked 
|  77|0x0000000086900000, 0x0000000086900000, 0x0000000086a00000|  0%| F|  |TAMS 0x0000000086900000, 0x0000000086900000| Untracked 
|  78|0x0000000086a00000, 0x0000000086a00000, 0x0000000086b00000|  0%| F|  |TAMS 0x0000000086a00000, 0x0000000086a00000| Untracked 
|  79|0x0000000086b00000, 0x0000000086b00000, 0x0000000086c00000|  0%| F|  |TAMS 0x0000000086b00000, 0x0000000086b00000| Untracked 
|  80|0x0000000086c00000, 0x0000000086c00000, 0x0000000086d00000|  0%| F|  |TAMS 0x0000000086c00000, 0x0000000086c00000| Untracked 
|  81|0x0000000086d00000, 0x0000000086d00000, 0x0000000086e00000|  0%| F|  |TAMS 0x0000000086d00000, 0x0000000086d00000| Untracked 
|  82|0x0000000086e00000, 0x0000000086e00000, 0x0000000086f00000|  0%| F|  |TAMS 0x0000000086e00000, 0x0000000086e00000| Untracked 
|  83|0x0000000086f00000, 0x0000000086f00000, 0x0000000087000000|  0%| F|  |TAMS 0x0000000086f00000, 0x0000000086f00000| Untracked 
|  84|0x0000000087000000, 0x0000000087000000, 0x0000000087100000|  0%| F|  |TAMS 0x0000000087000000, 0x0000000087000000| Untracked 
|  85|0x0000000087100000, 0x0000000087100000, 0x0000000087200000|  0%| F|  |TAMS 0x0000000087100000, 0x0000000087100000| Untracked 
|  86|0x0000000087200000, 0x0000000087200000, 0x0000000087300000|  0%| F|  |TAMS 0x0000000087200000, 0x0000000087200000| Untracked 
|  87|0x0000000087300000, 0x0000000087300000, 0x0000000087400000|  0%| F|  |TAMS 0x0000000087300000, 0x0000000087300000| Untracked 
|  88|0x0000000087400000, 0x0000000087400000, 0x0000000087500000|  0%| F|  |TAMS 0x0000000087400000, 0x0000000087400000| Untracked 
|  89|0x0000000087500000, 0x0000000087500000, 0x0000000087600000|  0%| F|  |TAMS 0x0000000087500000, 0x0000000087500000| Untracked 
|  90|0x0000000087600000, 0x0000000087600000, 0x0000000087700000|  0%| F|  |TAMS 0x0000000087600000, 0x0000000087600000| Untracked 
|  91|0x0000000087700000, 0x0000000087700000, 0x0000000087800000|  0%| F|  |TAMS 0x0000000087700000, 0x0000000087700000| Untracked 
|  92|0x0000000087800000, 0x0000000087800000, 0x0000000087900000|  0%| F|  |TAMS 0x0000000087800000, 0x0000000087800000| Untracked 
|  93|0x0000000087900000, 0x0000000087900000, 0x0000000087a00000|  0%| F|  |TAMS 0x0000000087900000, 0x0000000087900000| Untracked 
|  94|0x0000000087a00000, 0x0000000087a00000, 0x0000000087b00000|  0%| F|  |TAMS 0x0000000087a00000, 0x0000000087a00000| Untracked 
|  95|0x0000000087b00000, 0x0000000087b00000, 0x0000000087c00000|  0%| F|  |TAMS 0x0000000087b00000, 0x0000000087b00000| Untracked 
|  96|0x0000000087c00000, 0x0000000087c00000, 0x0000000087d00000|  0%| F|  |TAMS 0x0000000087c00000, 0x0000000087c00000| Untracked 
|  97|0x0000000087d00000, 0x0000000087d00000, 0x0000000087e00000|  0%| F|  |TAMS 0x0000000087d00000, 0x0000000087d00000| Untracked 
|  98|0x0000000087e00000, 0x0000000087e00000, 0x0000000087f00000|  0%| F|  |TAMS 0x0000000087e00000, 0x0000000087e00000| Untracked 
|  99|0x0000000087f00000, 0x0000000087f00000, 0x0000000088000000|  0%| F|  |TAMS 0x0000000087f00000, 0x0000000087f00000| Untracked 
| 100|0x0000000088000000, 0x0000000088000000, 0x0000000088100000|  0%| F|  |TAMS 0x0000000088000000, 0x0000000088000000| Untracked 
| 101|0x0000000088100000, 0x0000000088100000, 0x0000000088200000|  0%| F|  |TAMS 0x0000000088100000, 0x0000000088100000| Untracked 
| 102|0x0000000088200000, 0x0000000088200000, 0x0000000088300000|  0%| F|  |TAMS 0x0000000088200000, 0x0000000088200000| Untracked 
| 103|0x0000000088300000, 0x0000000088300000, 0x0000000088400000|  0%| F|  |TAMS 0x0000000088300000, 0x0000000088300000| Untracked 
| 104|0x0000000088400000, 0x0000000088400000, 0x0000000088500000|  0%| F|  |TAMS 0x0000000088400000, 0x0000000088400000| Untracked 
| 105|0x0000000088500000, 0x0000000088500000, 0x0000000088600000|  0%| F|  |TAMS 0x0000000088500000, 0x0000000088500000| Untracked 
| 106|0x0000000088600000, 0x0000000088600000, 0x0000000088700000|  0%| F|  |TAMS 0x0000000088600000, 0x0000000088600000| Untracked 
| 107|0x0000000088700000, 0x0000000088700000, 0x0000000088800000|  0%| F|  |TAMS 0x0000000088700000, 0x0000000088700000| Untracked 
| 108|0x0000000088800000, 0x0000000088800000, 0x0000000088900000|  0%| F|  |TAMS 0x0000000088800000, 0x0000000088800000| Untracked 
| 109|0x0000000088900000, 0x0000000088900000, 0x0000000088a00000|  0%| F|  |TAMS 0x0000000088900000, 0x0000000088900000| Untracked 
| 110|0x0000000088a00000, 0x0000000088a00000, 0x0000000088b00000|  0%| F|  |TAMS 0x0000000088a00000, 0x0000000088a00000| Untracked 
| 111|0x0000000088b00000, 0x0000000088b00000, 0x0000000088c00000|  0%| F|  |TAMS 0x0000000088b00000, 0x0000000088b00000| Untracked 
| 112|0x0000000088c00000, 0x0000000088c00000, 0x0000000088d00000|  0%| F|  |TAMS 0x0000000088c00000, 0x0000000088c00000| Untracked 
| 113|0x0000000088d00000, 0x0000000088d00000, 0x0000000088e00000|  0%| F|  |TAMS 0x0000000088d00000, 0x0000000088d00000| Untracked 
| 114|0x0000000088e00000, 0x0000000088e00000, 0x0000000088f00000|  0%| F|  |TAMS 0x0000000088e00000, 0x0000000088e00000| Untracked 
| 115|0x0000000088f00000, 0x0000000088f00000, 0x0000000089000000|  0%| F|  |TAMS 0x0000000088f00000, 0x0000000088f00000| Untracked 
| 116|0x0000000089000000, 0x0000000089000000, 0x0000000089100000|  0%| F|  |TAMS 0x0000000089000000, 0x0000000089000000| Untracked 
| 117|0x0000000089100000, 0x0000000089100000, 0x0000000089200000|  0%| F|  |TAMS 0x0000000089100000, 0x0000000089100000| Untracked 
| 118|0x0000000089200000, 0x0000000089200000, 0x0000000089300000|  0%| F|  |TAMS 0x0000000089200000, 0x0000000089200000| Untracked 
| 119|0x0000000089300000, 0x0000000089300000, 0x0000000089400000|  0%| F|  |TAMS 0x0000000089300000, 0x0000000089300000| Untracked 
| 120|0x0000000089400000, 0x0000000089400000, 0x0000000089500000|  0%| F|  |TAMS 0x0000000089400000, 0x0000000089400000| Untracked 
| 121|0x0000000089500000, 0x0000000089500000, 0x0000000089600000|  0%| F|  |TAMS 0x0000000089500000, 0x0000000089500000| Untracked 
| 122|0x0000000089600000, 0x0000000089600000, 0x0000000089700000|  0%| F|  |TAMS 0x0000000089600000, 0x0000000089600000| Untracked 
| 123|0x0000000089700000, 0x0000000089700000, 0x0000000089800000|  0%| F|  |TAMS 0x0000000089700000, 0x0000000089700000| Untracked 
| 124|0x0000000089800000, 0x0000000089800000, 0x0000000089900000|  0%| F|  |TAMS 0x0000000089800000, 0x0000000089800000| Untracked 
| 125|0x0000000089900000, 0x0000000089900000, 0x0000000089a00000|  0%| F|  |TAMS 0x0000000089900000, 0x0000000089900000| Untracked 
| 126|0x0000000089a00000, 0x0000000089a00000, 0x0000000089b00000|  0%| F|  |TAMS 0x0000000089a00000, 0x0000000089a00000| Untracked 
| 127|0x0000000089b00000, 0x0000000089b00000, 0x0000000089c00000|  0%| F|  |TAMS 0x0000000089b00000, 0x0000000089b00000| Untracked 
| 128|0x0000000089c00000, 0x0000000089c00000, 0x0000000089d00000|  0%| F|  |TAMS 0x0000000089c00000, 0x0000000089c00000| Untracked 
| 129|0x0000000089d00000, 0x0000000089d00000, 0x0000000089e00000|  0%| F|  |TAMS 0x0000000089d00000, 0x0000000089d00000| Untracked 
| 130|0x0000000089e00000, 0x0000000089e00000, 0x0000000089f00000|  0%| F|  |TAMS 0x0000000089e00000, 0x0000000089e00000| Untracked 
| 131|0x0000000089f00000, 0x0000000089f00000, 0x000000008a000000|  0%| F|  |TAMS 0x0000000089f00000, 0x0000000089f00000| Untracked 
| 132|0x000000008a000000, 0x000000008a000000, 0x000000008a100000|  0%| F|  |TAMS 0x000000008a000000, 0x000000008a000000| Untracked 
| 133|0x000000008a100000, 0x000000008a180628, 0x000000008a200000| 50%| E|  |TAMS 0x000000008a100000, 0x000000008a100000| Complete 
| 134|0x000000008a200000, 0x000000008a300000, 0x000000008a300000|100%| E|CS|TAMS 0x000000008a200000, 0x000000008a200000| Complete 
| 135|0x000000008a300000, 0x000000008a400000, 0x000000008a400000|100%| E|CS|TAMS 0x000000008a300000, 0x000000008a300000| Complete 
| 136|0x000000008a400000, 0x000000008a500000, 0x000000008a500000|100%| E|CS|TAMS 0x000000008a400000, 0x000000008a400000| Complete 
| 137|0x000000008a500000, 0x000000008a600000, 0x000000008a600000|100%| E|CS|TAMS 0x000000008a500000, 0x000000008a500000| Complete 
| 138|0x000000008a600000, 0x000000008a700000, 0x000000008a700000|100%| E|CS|TAMS 0x000000008a600000, 0x000000008a600000| Complete 
| 139|0x000000008a700000, 0x000000008a800000, 0x000000008a800000|100%| E|CS|TAMS 0x000000008a700000, 0x000000008a700000| Complete 
| 140|0x000000008a800000, 0x000000008a900000, 0x000000008a900000|100%| E|CS|TAMS 0x000000008a800000, 0x000000008a800000| Complete 
| 141|0x000000008a900000, 0x000000008aa00000, 0x000000008aa00000|100%| E|CS|TAMS 0x000000008a900000, 0x000000008a900000| Complete 
| 142|0x000000008aa00000, 0x000000008ab00000, 0x000000008ab00000|100%| E|CS|TAMS 0x000000008aa00000, 0x000000008aa00000| Complete 
| 143|0x000000008ab00000, 0x000000008ac00000, 0x000000008ac00000|100%| E|CS|TAMS 0x000000008ab00000, 0x000000008ab00000| Complete 
| 144|0x000000008ac00000, 0x000000008ad00000, 0x000000008ad00000|100%| E|CS|TAMS 0x000000008ac00000, 0x000000008ac00000| Complete 
| 145|0x000000008ad00000, 0x000000008ae00000, 0x000000008ae00000|100%| E|CS|TAMS 0x000000008ad00000, 0x000000008ad00000| Complete 
| 146|0x000000008ae00000, 0x000000008af00000, 0x000000008af00000|100%| E|CS|TAMS 0x000000008ae00000, 0x000000008ae00000| Complete 
| 147|0x000000008af00000, 0x000000008b000000, 0x000000008b000000|100%| E|CS|TAMS 0x000000008af00000, 0x000000008af00000| Complete 
| 148|0x000000008b000000, 0x000000008b100000, 0x000000008b100000|100%| E|CS|TAMS 0x000000008b000000, 0x000000008b000000| Complete 
| 149|0x000000008b100000, 0x000000008b200000, 0x000000008b200000|100%| E|CS|TAMS 0x000000008b100000, 0x000000008b100000| Complete 
| 150|0x000000008b200000, 0x000000008b300000, 0x000000008b300000|100%| E|CS|TAMS 0x000000008b200000, 0x000000008b200000| Complete 
| 151|0x000000008b300000, 0x000000008b400000, 0x000000008b400000|100%| E|CS|TAMS 0x000000008b300000, 0x000000008b300000| Complete 
| 152|0x000000008b400000, 0x000000008b500000, 0x000000008b500000|100%| E|CS|TAMS 0x000000008b400000, 0x000000008b400000| Complete 
| 153|0x000000008b500000, 0x000000008b600000, 0x000000008b600000|100%| E|CS|TAMS 0x000000008b500000, 0x000000008b500000| Complete 
| 154|0x000000008b600000, 0x000000008b700000, 0x000000008b700000|100%| E|CS|TAMS 0x000000008b600000, 0x000000008b600000| Complete 
| 155|0x000000008b700000, 0x000000008b800000, 0x000000008b800000|100%| E|CS|TAMS 0x000000008b700000, 0x000000008b700000| Complete 
| 156|0x000000008b800000, 0x000000008b900000, 0x000000008b900000|100%| E|CS|TAMS 0x000000008b800000, 0x000000008b800000| Complete 
| 157|0x000000008b900000, 0x000000008ba00000, 0x000000008ba00000|100%| E|CS|TAMS 0x000000008b900000, 0x000000008b900000| Complete 
| 158|0x000000008ba00000, 0x000000008bb00000, 0x000000008bb00000|100%| E|CS|TAMS 0x000000008ba00000, 0x000000008ba00000| Complete 
| 159|0x000000008bb00000, 0x000000008bc00000, 0x000000008bc00000|100%| E|CS|TAMS 0x000000008bb00000, 0x000000008bb00000| Complete 
| 160|0x000000008bc00000, 0x000000008bd00000, 0x000000008bd00000|100%| E|CS|TAMS 0x000000008bc00000, 0x000000008bc00000| Complete 
| 161|0x000000008bd00000, 0x000000008be00000, 0x000000008be00000|100%| E|CS|TAMS 0x000000008bd00000, 0x000000008bd00000| Complete 
|2017|0x00000000ffd00000, 0x00000000ffe00000, 0x00000000ffe00000|100%| E|CS|TAMS 0x00000000ffd00000, 0x00000000ffd00000| Complete 
|2018|0x00000000ffe00000, 0x00000000fff00000, 0x00000000fff00000|100%| E|CS|TAMS 0x00000000ffe00000, 0x00000000ffe00000| Complete 
|2019|0x00000000fff00000, 0x0000000100000000, 0x0000000100000000|100%| O|  |TAMS 0x0000000100000000, 0x00000000fff00000| Untracked 

Card table byte_map: [0x0000016364530000,0x0000016364930000] _byte_map_base: 0x0000016364122000

Marking Bits (Prev, Next): (CMBitMap*) 0x000001634d8526e0, (CMBitMap*) 0x000001634d852720
 Prev Bits: [0x0000016364d30000, 0x0000016366cc0000)
 Next Bits: [0x0000016366cc0000, 0x0000016368c50000)

Polling page: 0x000001634b5e0000

Metaspace:

Usage:
  Non-class:     28.54 MB used.
      Class:      3.44 MB used.
       Both:     31.98 MB used.

Virtual space:
  Non-class space:       64.00 MB reserved,      28.81 MB ( 45%) committed,  1 nodes.
      Class space:        1.00 GB reserved,       3.62 MB ( <1%) committed,  1 nodes.
             Both:        1.06 GB reserved,      32.44 MB (  3%) committed. 

Chunk freelists:
   Non-Class:  3.05 MB
       Class:  384.00 KB
        Both:  3.42 MB

MaxMetaspaceSize: unlimited
CompressedClassSpaceSize: 1.00 GB
Initial GC threshold: 21.00 MB
Current GC threshold: 47.94 MB
CDS: on
MetaspaceReclaimPolicy: balanced
 - commit_granule_bytes: 65536.
 - commit_granule_words: 8192.
 - virtual_space_node_default_size: 8388608.
 - enlarge_chunks_in_place: 1.
 - new_chunks_are_fully_committed: 0.
 - uncommit_free_chunks: 1.
 - use_allocation_guard: 0.


Internal statistics:

num_allocs_failed_limit: 3.
num_arena_births: 462.
num_arena_deaths: 0.
num_vsnodes_births: 2.
num_vsnodes_deaths: 0.
num_space_committed: 519.
num_space_uncommitted: 0.
num_chunks_returned_to_freelist: 3.
num_chunks_taken_from_freelist: 1630.
num_chunk_merges: 3.
num_chunk_splits: 1158.
num_chunks_enlarged: 885.
num_inconsistent_stats: 0.

CodeHeap 'non-profiled nmethods': size=120000Kb used=4162Kb max_used=4162Kb free=115837Kb
 bounds [0x000001635cc00000, 0x000001635d020000, 0x0000016364130000]
CodeHeap 'profiled nmethods': size=120000Kb used=17071Kb max_used=17071Kb free=102928Kb
 bounds [0x00000163556d0000, 0x0000016356780000, 0x000001635cc00000]
CodeHeap 'non-nmethods': size=5760Kb used=1262Kb max_used=1324Kb free=4497Kb
 bounds [0x0000016355130000, 0x00000163553a0000, 0x00000163556d0000]
 total_blobs=8000 nmethods=7433 adapters=478
 compilation: enabled
              stopped_count=0, restarted_count=0
 full_count=0

Compilation events (20 events):
Event: 70.336 Thread 0x000001636b1392d0 8279       3       org.codehaus.plexus.util.SelectorUtils::isDoubleStar (32 bytes)
Event: 70.337 Thread 0x000001636b1392d0 nmethod 8279 0x0000016356779d10 code [0x0000016356779ea0, 0x000001635677a0d8]
Event: 70.337 Thread 0x000001636b1392d0 8280       1       org.codehaus.plexus.util.MatchPattern::getTokenizedPathChars (5 bytes)
Event: 70.337 Thread 0x000001636b1392d0 nmethod 8280 0x000001635d00fc90 code [0x000001635d00fe20, 0x000001635d00fef8]
Event: 70.338 Thread 0x000001636b1392d0 8281       3       org.codehaus.plexus.util.SelectorUtils::match (520 bytes)
Event: 70.340 Thread 0x000001636b1392d0 nmethod 8281 0x000001635677a190 code [0x000001635677a4a0, 0x000001635677b938]
Event: 70.340 Thread 0x000001636b1392d0 8283       3       org.codehaus.plexus.util.SelectorUtils::matchAntPathPattern (423 bytes)
Event: 70.343 Thread 0x000001636b1392d0 nmethod 8283 0x000001635677bf90 code [0x000001635677c2e0, 0x000001635677dde8]
Event: 70.343 Thread 0x000001636b1392d0 8282       3       org.codehaus.plexus.util.MatchPattern::matchPath (26 bytes)
Event: 70.343 Thread 0x000001636b1392d0 nmethod 8282 0x000001635677e690 code [0x000001635677e880, 0x000001635677ed18]
Event: 70.343 Thread 0x000001636b1392d0 8284       3       org.codehaus.plexus.util.SelectorUtils::equals (37 bytes)
Event: 70.344 Thread 0x000001636b1392d0 nmethod 8284 0x000001635677ef10 code [0x000001635677f0e0, 0x000001635677f398]
Event: 70.512 Thread 0x000001636b1392d0 8285       3       java.lang.invoke.MemberName::isFinal (8 bytes)
Event: 70.512 Thread 0x000001636b1392d0 nmethod 8285 0x000001635677f490 code [0x000001635677f620, 0x000001635677f7f8]
Event: 70.568 Thread 0x000001636b1392d0 8286       1       org.codehaus.plexus.components.io.resources.PlexusIoFileResource::getFile (5 bytes)
Event: 70.569 Thread 0x000001636b1392d0 nmethod 8286 0x000001635d00ff90 code [0x000001635d010120, 0x000001635d0101f8]
Event: 70.571 Thread 0x000001636b1392d0 8287       1       org.codehaus.plexus.archiver.ArchiveEntry::getName (5 bytes)
Event: 70.571 Thread 0x000001636b1392d0 nmethod 8287 0x000001635d010290 code [0x000001635d010420, 0x000001635d0104f8]
Event: 70.572 Thread 0x000001636b1392d0 8288       1       org.codehaus.plexus.archiver.ArchiveEntry::getResource (5 bytes)
Event: 70.572 Thread 0x000001636b1392d0 nmethod 8288 0x000001635d010590 code [0x000001635d010720, 0x000001635d0107f8]

GC Heap History (20 events):
Event: 28.162 GC heap before
{Heap before GC invocations=7 (full 0):
 garbage-first heap   total 64512K, used 27230K [0x0000000081c00000, 0x0000000100000000)
  region size 1024K, 6 young (6144K), 5 survivors (5120K)
 Metaspace       used 24400K, committed 24896K, reserved 1114112K
  class space    used 2654K, committed 2880K, reserved 1048576K
}
Event: 28.170 GC heap after
{Heap after GC invocations=8 (full 0):
 garbage-first heap   total 64512K, used 27548K [0x0000000081c00000, 0x0000000100000000)
  region size 1024K, 1 young (1024K), 1 survivors (1024K)
 Metaspace       used 24400K, committed 24896K, reserved 1114112K
  class space    used 2654K, committed 2880K, reserved 1048576K
}
Event: 29.139 GC heap before
{Heap before GC invocations=8 (full 0):
 garbage-first heap   total 64512K, used 47004K [0x0000000081c00000, 0x0000000100000000)
  region size 1024K, 20 young (20480K), 1 survivors (1024K)
 Metaspace       used 24798K, committed 25216K, reserved 1114112K
  class space    used 2670K, committed 2880K, reserved 1048576K
}
Event: 29.151 GC heap after
{Heap after GC invocations=9 (full 0):
 garbage-first heap   total 64512K, used 31744K [0x0000000081c00000, 0x0000000100000000)
  region size 1024K, 3 young (3072K), 3 survivors (3072K)
 Metaspace       used 24798K, committed 25216K, reserved 1114112K
  class space    used 2670K, committed 2880K, reserved 1048576K
}
Event: 29.348 GC heap before
{Heap before GC invocations=9 (full 0):
 garbage-first heap   total 64512K, used 37888K [0x0000000081c00000, 0x0000000100000000)
  region size 1024K, 10 young (10240K), 3 survivors (3072K)
 Metaspace       used 24845K, committed 25280K, reserved 1114112K
  class space    used 2672K, committed 2880K, reserved 1048576K
}
Event: 29.359 GC heap after
{Heap after GC invocations=10 (full 0):
 garbage-first heap   total 107520K, used 33186K [0x0000000081c00000, 0x0000000100000000)
  region size 1024K, 2 young (2048K), 2 survivors (2048K)
 Metaspace       used 24845K, committed 25280K, reserved 1114112K
  class space    used 2672K, committed 2880K, reserved 1048576K
}
Event: 33.472 GC heap before
{Heap before GC invocations=10 (full 0):
 garbage-first heap   total 107520K, used 75170K [0x0000000081c00000, 0x0000000100000000)
  region size 1024K, 42 young (43008K), 2 survivors (2048K)
 Metaspace       used 27297K, committed 27776K, reserved 1114112K
  class space    used 2921K, committed 3136K, reserved 1048576K
}
Event: 33.493 GC heap after
{Heap after GC invocations=11 (full 0):
 garbage-first heap   total 107520K, used 42251K [0x0000000081c00000, 0x0000000100000000)
  region size 1024K, 6 young (6144K), 6 survivors (6144K)
 Metaspace       used 27297K, committed 27776K, reserved 1114112K
  class space    used 2921K, committed 3136K, reserved 1048576K
}
Event: 35.279 GC heap before
{Heap before GC invocations=11 (full 0):
 garbage-first heap   total 107520K, used 77067K [0x0000000081c00000, 0x0000000100000000)
  region size 1024K, 40 young (40960K), 6 survivors (6144K)
 Metaspace       used 27354K, committed 27776K, reserved 1114112K
  class space    used 2921K, committed 3136K, reserved 1048576K
}
Event: 35.302 GC heap after
{Heap after GC invocations=12 (full 0):
 garbage-first heap   total 107520K, used 53525K [0x0000000081c00000, 0x0000000100000000)
  region size 1024K, 5 young (5120K), 5 survivors (5120K)
 Metaspace       used 27354K, committed 27776K, reserved 1114112K
  class space    used 2921K, committed 3136K, reserved 1048576K
}
Event: 38.235 GC heap before
{Heap before GC invocations=12 (full 0):
 garbage-first heap   total 107520K, used 77077K [0x0000000081c00000, 0x0000000100000000)
  region size 1024K, 29 young (29696K), 5 survivors (5120K)
 Metaspace       used 28953K, committed 29312K, reserved 1114112K
  class space    used 3106K, committed 3264K, reserved 1048576K
}
Event: 38.248 GC heap after
{Heap after GC invocations=13 (full 0):
 garbage-first heap   total 107520K, used 55347K [0x0000000081c00000, 0x0000000100000000)
  region size 1024K, 2 young (2048K), 2 survivors (2048K)
 Metaspace       used 28953K, committed 29312K, reserved 1114112K
  class space    used 3106K, committed 3264K, reserved 1048576K
}
Event: 39.786 GC heap before
{Heap before GC invocations=14 (full 0):
 garbage-first heap   total 107520K, used 78899K [0x0000000081c00000, 0x0000000100000000)
  region size 1024K, 26 young (26624K), 2 survivors (2048K)
 Metaspace       used 29529K, committed 30016K, reserved 1114112K
  class space    used 3155K, committed 3392K, reserved 1048576K
}
Event: 39.793 GC heap after
{Heap after GC invocations=15 (full 0):
 garbage-first heap   total 107520K, used 55107K [0x0000000081c00000, 0x0000000100000000)
  region size 1024K, 3 young (3072K), 3 survivors (3072K)
 Metaspace       used 29529K, committed 30016K, reserved 1114112K
  class space    used 3155K, committed 3392K, reserved 1048576K
}
Event: 39.889 GC heap before
{Heap before GC invocations=15 (full 0):
 garbage-first heap   total 107520K, used 57155K [0x0000000081c00000, 0x0000000100000000)
  region size 1024K, 5 young (5120K), 3 survivors (3072K)
 Metaspace       used 29588K, committed 30080K, reserved 1114112K
  class space    used 3161K, committed 3392K, reserved 1048576K
}
Event: 39.902 GC heap after
{Heap after GC invocations=16 (full 0):
 garbage-first heap   total 107520K, used 45708K [0x0000000081c00000, 0x0000000100000000)
  region size 1024K, 1 young (1024K), 1 survivors (1024K)
 Metaspace       used 29588K, committed 30080K, reserved 1114112K
  class space    used 3161K, committed 3392K, reserved 1048576K
}
Event: 40.131 GC heap before
{Heap before GC invocations=16 (full 0):
 garbage-first heap   total 107520K, used 49804K [0x0000000081c00000, 0x0000000100000000)
  region size 1024K, 5 young (5120K), 1 survivors (1024K)
 Metaspace       used 30073K, committed 30592K, reserved 1114112K
  class space    used 3204K, committed 3456K, reserved 1048576K
}
Event: 40.137 GC heap after
{Heap after GC invocations=17 (full 0):
 garbage-first heap   total 107520K, used 45876K [0x0000000081c00000, 0x0000000100000000)
  region size 1024K, 1 young (1024K), 1 survivors (1024K)
 Metaspace       used 30073K, committed 30592K, reserved 1114112K
  class space    used 3204K, committed 3456K, reserved 1048576K
}
Event: 68.131 GC heap before
{Heap before GC invocations=17 (full 0):
 garbage-first heap   total 107520K, used 78644K [0x0000000081c00000, 0x0000000100000000)
  region size 1024K, 34 young (34816K), 1 survivors (1024K)
 Metaspace       used 31178K, committed 31616K, reserved 1114112K
  class space    used 3306K, committed 3520K, reserved 1048576K
}
Event: 68.136 GC heap after
{Heap after GC invocations=18 (full 0):
 garbage-first heap   total 168960K, used 46144K [0x0000000081c00000, 0x0000000100000000)
  region size 1024K, 2 young (2048K), 2 survivors (2048K)
 Metaspace       used 31178K, committed 31616K, reserved 1114112K
  class space    used 3306K, committed 3520K, reserved 1048576K
}

Deoptimization events (20 events):
Event: 69.194 Thread 0x000001634d7f3ea0 DEOPT PACKING pc=0x000001635594e334 sp=0x000000203f7fd210
Event: 69.194 Thread 0x000001634d7f3ea0 DEOPT UNPACKING pc=0x0000016355182b43 sp=0x000000203f7fc680 mode 0
Event: 69.233 Thread 0x000001634d7f3ea0 DEOPT PACKING pc=0x0000016355914e53 sp=0x000000203f7fd870
Event: 69.233 Thread 0x000001634d7f3ea0 DEOPT UNPACKING pc=0x0000016355182b43 sp=0x000000203f7fcd08 mode 0
Event: 69.790 Thread 0x000001634d7f3ea0 Uncommon trap: trap_request=0xfffffff4 fr.pc=0x000001635cfb3b28 relative=0x0000000000000208
Event: 69.790 Thread 0x000001634d7f3ea0 Uncommon trap: reason=null_check action=make_not_entrant pc=0x000001635cfb3b28 method=sun.invoke.util.VerifyType.isNullConversion(Ljava/lang/Class;Ljava/lang/Class;Z)Z @ 67 c2
Event: 69.790 Thread 0x000001634d7f3ea0 DEOPT PACKING pc=0x000001635cfb3b28 sp=0x000000203f7fd4c0
Event: 69.790 Thread 0x000001634d7f3ea0 DEOPT UNPACKING pc=0x00000163551823a3 sp=0x000000203f7fd440 mode 2
Event: 69.867 Thread 0x000001634d7f3ea0 Uncommon trap: trap_request=0xffffffde fr.pc=0x000001635cd978f4 relative=0x00000000000028b4
Event: 69.872 Thread 0x000001634d7f3ea0 Uncommon trap: reason=class_check action=maybe_recompile pc=0x000001635cd978f4 method=org.apache.maven.model.Plugin.clone()Lorg/apache/maven/model/Plugin; @ 94 c2
Event: 69.872 Thread 0x000001634d7f3ea0 DEOPT PACKING pc=0x000001635cd978f4 sp=0x000000203f7fdf70
Event: 69.872 Thread 0x000001634d7f3ea0 DEOPT UNPACKING pc=0x00000163551823a3 sp=0x000000203f7fdf80 mode 2
Event: 70.580 Thread 0x000001634d7f3ea0 Uncommon trap: trap_request=0xffffff45 fr.pc=0x000001635cfe1db4 relative=0x0000000000000094
Event: 70.580 Thread 0x000001634d7f3ea0 Uncommon trap: reason=unstable_if action=reinterpret pc=0x000001635cfe1db4 method=sun.net.www.ParseUtil.firstEncodeIndex(Ljava/lang/String;)I @ 51 c2
Event: 70.580 Thread 0x000001634d7f3ea0 DEOPT PACKING pc=0x000001635cfe1db4 sp=0x000000203f7fc790
Event: 70.580 Thread 0x000001634d7f3ea0 DEOPT UNPACKING pc=0x00000163551823a3 sp=0x000000203f7fc6b8 mode 2
Event: 70.582 Thread 0x000001634d7f3ea0 Uncommon trap: trap_request=0xffffff45 fr.pc=0x000001635cc46f20 relative=0x0000000000000080
Event: 70.582 Thread 0x000001634d7f3ea0 Uncommon trap: reason=unstable_if action=reinterpret pc=0x000001635cc46f20 method=sun.net.www.ParseUtil.firstEncodeIndex(Ljava/lang/String;)I @ 51 c2
Event: 70.582 Thread 0x000001634d7f3ea0 DEOPT PACKING pc=0x000001635cc46f20 sp=0x000000203f7fc710
Event: 70.582 Thread 0x000001634d7f3ea0 DEOPT UNPACKING pc=0x00000163551823a3 sp=0x000000203f7fc6a0 mode 2

Classes loaded (20 events):
Event: 66.518 Loading class java/text/DecimalFormat$FastPathData
Event: 66.520 Loading class java/text/DecimalFormat$FastPathData done
Event: 66.520 Loading class java/text/DecimalFormat$DigitArrays
Event: 66.520 Loading class java/text/DecimalFormat$DigitArrays done
Event: 66.590 Loading class java/io/CharArrayWriter
Event: 66.590 Loading class java/io/CharArrayWriter done
Event: 67.594 Loading class java/io/FileFilter
Event: 67.594 Loading class java/io/FileFilter done
Event: 67.599 Loading class java/lang/invoke/WrongMethodTypeException
Event: 67.601 Loading class java/lang/invoke/WrongMethodTypeException done
Event: 69.414 Loading class java/util/zip/GZIPInputStream
Event: 69.414 Loading class java/util/zip/GZIPInputStream done
Event: 69.471 Loading class java/util/zip/GZIPOutputStream
Event: 69.472 Loading class java/util/zip/GZIPOutputStream done
Event: 70.507 Loading class java/util/concurrent/Executors$DefaultThreadFactory
Event: 70.511 Loading class java/util/concurrent/Executors$DefaultThreadFactory done
Event: 70.511 Loading class java/util/concurrent/ConcurrentLinkedDeque
Event: 70.512 Loading class java/util/concurrent/ConcurrentLinkedDeque done
Event: 70.512 Loading class java/util/concurrent/ConcurrentLinkedDeque$Node
Event: 70.512 Loading class java/util/concurrent/ConcurrentLinkedDeque$Node done

Classes unloaded (0 events):
No events

Classes redefined (0 events):
No events

Internal exceptions (20 events):
Event: 38.512 Thread 0x000001634d7f3ea0 Exception <a 'sun/nio/fs/WindowsException'{0x00000000880f7140}> (0x00000000880f7140) 
thrown [s\open\src\hotspot\share\prims\jni.cpp, line 516]
Event: 38.512 Thread 0x000001634d7f3ea0 Exception <a 'sun/nio/fs/WindowsException'{0x00000000880f78a8}> (0x00000000880f78a8) 
thrown [s\open\src\hotspot\share\prims\jni.cpp, line 516]
Event: 38.512 Thread 0x000001634d7f3ea0 Exception <a 'sun/nio/fs/WindowsException'{0x00000000880f7e68}> (0x00000000880f7e68) 
thrown [s\open\src\hotspot\share\prims\jni.cpp, line 516]
Event: 38.512 Thread 0x000001634d7f3ea0 Exception <a 'sun/nio/fs/WindowsException'{0x00000000880f85c0}> (0x00000000880f85c0) 
thrown [s\open\src\hotspot\share\prims\jni.cpp, line 516]
Event: 38.512 Thread 0x000001634d7f3ea0 Exception <a 'sun/nio/fs/WindowsException'{0x00000000880f8910}> (0x00000000880f8910) 
thrown [s\open\src\hotspot\share\prims\jni.cpp, line 516]
Event: 38.512 Thread 0x000001634d7f3ea0 Exception <a 'sun/nio/fs/WindowsException'{0x00000000880f95d8}> (0x00000000880f95d8) 
thrown [s\open\src\hotspot\share\prims\jni.cpp, line 516]
Event: 38.512 Thread 0x000001634d7f3ea0 Exception <a 'sun/nio/fs/WindowsException'{0x00000000880f9908}> (0x00000000880f9908) 
thrown [s\open\src\hotspot\share\prims\jni.cpp, line 516]
Event: 38.512 Thread 0x000001634d7f3ea0 Exception <a 'sun/nio/fs/WindowsException'{0x00000000880fa5b0}> (0x00000000880fa5b0) 
thrown [s\open\src\hotspot\share\prims\jni.cpp, line 516]
Event: 38.512 Thread 0x000001634d7f3ea0 Exception <a 'sun/nio/fs/WindowsException'{0x00000000880fa8b0}> (0x00000000880fa8b0) 
thrown [s\open\src\hotspot\share\prims\jni.cpp, line 516]
Event: 38.512 Thread 0x000001634d7f3ea0 Exception <a 'sun/nio/fs/WindowsException'{0x00000000880fb558}> (0x00000000880fb558) 
thrown [s\open\src\hotspot\share\prims\jni.cpp, line 516]
Event: 39.922 Thread 0x000001634d7f3ea0 Exception <a 'java/lang/NoSuchMethodError'{0x00000000ffeb1c28}: 'java.lang.String org.apache.maven.execution.MavenExecutionRequest.getFailureBehavior()'> (0x00000000ffeb1c28) 
thrown [s\open\src\hotspot\share\interpreter\linkResolver.cpp, line 862]
Event: 39.934 Thread 0x0000016371f7c510 Exception <a 'java/lang/NoSuchMethodError'{0x00000000ffef3aa8}: 'java.lang.Object java.lang.invoke.DirectMethodHandle$Holder.invokeStaticInit(java.lang.Object, java.lang.Object, long, java.lang.Object)'> (0x00000000ffef3aa8) 
thrown [s\open\src\hotspot\share\interpreter\linkResolver.cpp, line 766]
Event: 39.936 Thread 0x0000016371f7c510 Exception <a 'java/lang/NoSuchMethodError'{0x00000000ffd02c88}: 'java.lang.Object java.lang.invoke.DirectMethodHandle$Holder.newInvokeSpecial(java.lang.Object, java.lang.Object, long)'> (0x00000000ffd02c88) 
thrown [s\open\src\hotspot\share\interpreter\linkResolver.cpp, line 766]
Event: 39.936 Thread 0x0000016371f7c510 Exception <a 'java/lang/NoSuchMethodError'{0x00000000ffd06800}: 'java.lang.Object java.lang.invoke.Invokers$Holder.linkToTargetMethod(java.lang.Object, long, java.lang.Object)'> (0x00000000ffd06800) 
thrown [s\open\src\hotspot\share\interpreter\linkResolver.cpp, line 766]
Event: 39.942 Thread 0x0000016371f7c510 Exception <a 'java/lang/NoSuchMethodError'{0x00000000ffd0a4b0}: 'long java.lang.invoke.DirectMethodHandle$Holder.invokeInterface(java.lang.Object, java.lang.Object)'> (0x00000000ffd0a4b0) 
thrown [s\open\src\hotspot\share\interpreter\linkResolver.cpp, line 766]
Event: 39.943 Thread 0x0000016371f7c510 Exception <a 'java/lang/NoSuchMethodError'{0x00000000ffd36e38}: 'long java.lang.invoke.DelegatingMethodHandle$Holder.reinvoke_L(java.lang.Object, java.lang.Object)'> (0x00000000ffd36e38) 
thrown [s\open\src\hotspot\share\interpreter\linkResolver.cpp, line 766]
Event: 45.585 Thread 0x000001634d7f3ea0 Exception <a 'java/lang/NoSuchMethodError'{0x000000008705b438}: 'void java.lang.invoke.DirectMethodHandle$Holder.invokeStatic(java.lang.Object, long)'> (0x000000008705b438) 
thrown [s\open\src\hotspot\share\interpreter\linkResolver.cpp, line 766]
Event: 45.585 Thread 0x000001634d7f3ea0 Exception <a 'java/lang/NoSuchMethodError'{0x00000000870b5400}: 'java.lang.Object java.lang.invoke.DirectMethodHandle$Holder.newInvokeSpecial(java.lang.Object, long)'> (0x00000000870b5400) 
thrown [s\open\src\hotspot\share\interpreter\linkResolver.cpp, line 766]
Event: 67.599 Thread 0x000001634d7f3ea0 Exception <a 'sun/nio/fs/WindowsException'{0x0000000086cd67f0}> (0x0000000086cd67f0) 
thrown [s\open\src\hotspot\share\prims\jni.cpp, line 516]
Event: 69.790 Thread 0x000001634d7f3ea0 Implicit null exception at 0x000001635cfb39e0 to 0x000001635cfb3b14

VM Operations (20 events):
Event: 46.598 Executing VM operation: Cleanup
Event: 46.598 Executing VM operation: Cleanup done
Event: 49.618 Executing VM operation: Cleanup
Event: 49.618 Executing VM operation: Cleanup done
Event: 66.729 Executing VM operation: Cleanup
Event: 66.729 Executing VM operation: Cleanup done
Event: 67.738 Executing VM operation: Cleanup
Event: 67.738 Executing VM operation: Cleanup done
Event: 68.131 Executing VM operation: G1CollectForAllocation
Event: 68.138 Executing VM operation: G1CollectForAllocation done
Event: 69.138 Executing VM operation: Cleanup
Event: 69.138 Executing VM operation: Cleanup done
Event: 69.464 Executing VM operation: HandshakeAllThreads
Event: 69.464 Executing VM operation: HandshakeAllThreads done
Event: 69.476 Executing VM operation: HandshakeAllThreads
Event: 69.476 Executing VM operation: HandshakeAllThreads done
Event: 70.490 Executing VM operation: Cleanup
Event: 70.490 Executing VM operation: Cleanup done
Event: 70.552 Executing VM operation: HandshakeAllThreads
Event: 70.552 Executing VM operation: HandshakeAllThreads done

Events (20 events):
Event: 40.312 Thread 0x0000016370b09510 Thread added: 0x0000016370b09510
Event: 40.554 Thread 0x00000163708788a0 Thread added: 0x00000163708788a0
Event: 40.554 Thread 0x0000016370877f00 Thread added: 0x0000016370877f00
Event: 45.259 Thread 0x0000016370877090 Thread added: 0x0000016370877090
Event: 45.290 Thread 0x00000163708783d0 Thread added: 0x00000163708783d0
Event: 45.431 Thread 0x0000016370877560 Thread added: 0x0000016370877560
Event: 45.595 Thread 0x0000016370877a30 Thread added: 0x0000016370877a30
Event: 45.595 Thread 0x00000163712fabc0 Thread added: 0x00000163712fabc0
Event: 45.595 Thread 0x00000163712fdbe0 Thread added: 0x00000163712fdbe0
Event: 67.578 Thread 0x00000163712fdbe0 Thread exited: 0x00000163712fdbe0
Event: 67.578 Thread 0x00000163712fabc0 Thread exited: 0x00000163712fabc0
Event: 67.581 Thread 0x0000016370877560 Thread exited: 0x0000016370877560
Event: 67.582 Thread 0x0000016370877a30 Thread exited: 0x0000016370877a30
Event: 67.582 Thread 0x0000016372737af0 Thread added: 0x0000016372737af0
Event: 67.588 Thread 0x00000163708783d0 Thread exited: 0x00000163708783d0
Event: 67.589 Thread 0x0000016370877090 Thread exited: 0x0000016370877090
Event: 70.565 Thread 0x0000016370877090 Thread added: 0x0000016370877090
Event: 70.566 Thread 0x00000163708783d0 Thread added: 0x00000163708783d0
Event: 70.567 Thread 0x0000016370877560 Thread added: 0x0000016370877560
Event: 70.567 Thread 0x0000016370877a30 Thread added: 0x0000016370877a30


Dynamic libraries:
0x00007ff74df70000 - 0x00007ff74df7e000 	C:\Users\jagdeep.khatana\.jdks\openjdk-18.0.1.1\bin\java.exe
0x00007ffe76670000 - 0x00007ffe76868000 	C:\WINDOWS\SYSTEM32\ntdll.dll
0x00007ffe752b0000 - 0x00007ffe7536f000 	C:\WINDOWS\System32\KERNEL32.DLL
0x00007ffe743d0000 - 0x00007ffe746a2000 	C:\WINDOWS\System32\KERNELBASE.dll
0x00007ffe73f00000 - 0x00007ffe74000000 	C:\WINDOWS\System32\ucrtbase.dll
0x00007ffe6deb0000 - 0x00007ffe6deca000 	C:\Users\jagdeep.khatana\.jdks\openjdk-18.0.1.1\bin\VCRUNTIME140.dll
0x00007ffe6f060000 - 0x00007ffe6f077000 	C:\Users\jagdeep.khatana\.jdks\openjdk-18.0.1.1\bin\jli.dll
0x00007ffe76280000 - 0x00007ffe76421000 	C:\WINDOWS\System32\USER32.dll
0x00007ffe73ea0000 - 0x00007ffe73ec2000 	C:\WINDOWS\System32\win32u.dll
0x00007ffe74e90000 - 0x00007ffe74ebb000 	C:\WINDOWS\System32\GDI32.dll
0x00007ffe74070000 - 0x00007ffe7417f000 	C:\WINDOWS\System32\gdi32full.dll
0x00007ffe74180000 - 0x00007ffe7421d000 	C:\WINDOWS\System32\msvcp_win.dll
0x00007ffe63f80000 - 0x00007ffe6421a000 	C:\WINDOWS\WinSxS\amd64_microsoft.windows.common-controls_6595b64144ccf1df_6.0.19041.1110_none_60b5254171f9507e\COMCTL32.dll
0x00007ffe74ec0000 - 0x00007ffe74f5e000 	C:\WINDOWS\System32\msvcrt.dll
0x00007ffe76570000 - 0x00007ffe765a2000 	C:\WINDOWS\System32\IMM32.DLL
0x00007ffe6ef70000 - 0x00007ffe6ef7c000 	C:\Users\jagdeep.khatana\.jdks\openjdk-18.0.1.1\bin\vcruntime140_1.dll
0x00007ffe3b710000 - 0x00007ffe3b79d000 	C:\Users\jagdeep.khatana\.jdks\openjdk-18.0.1.1\bin\msvcp140.dll
0x00007ffe1a350000 - 0x00007ffe1af60000 	C:\Users\jagdeep.khatana\.jdks\openjdk-18.0.1.1\bin\server\jvm.dll
0x00007ffe75a10000 - 0x00007ffe75abe000 	C:\WINDOWS\System32\ADVAPI32.dll
0x00007ffe75800000 - 0x00007ffe7589c000 	C:\WINDOWS\System32\sechost.dll
0x00007ffe76090000 - 0x00007ffe761b5000 	C:\WINDOWS\System32\RPCRT4.dll
0x00007ffe74f60000 - 0x00007ffe74f68000 	C:\WINDOWS\System32\PSAPI.DLL
0x00007ffe62e10000 - 0x00007ffe62e37000 	C:\WINDOWS\SYSTEM32\WINMM.dll
0x00007ffe5fdc0000 - 0x00007ffe5fdc9000 	C:\WINDOWS\SYSTEM32\WSOCK32.dll
0x00007ffe74f70000 - 0x00007ffe74fdb000 	C:\WINDOWS\System32\WS2_32.dll
0x00007ffe6c860000 - 0x00007ffe6c86a000 	C:\WINDOWS\SYSTEM32\VERSION.dll
0x00007ffe72560000 - 0x00007ffe72572000 	C:\WINDOWS\SYSTEM32\kernel.appcore.dll
0x00007ffe6de80000 - 0x00007ffe6de8a000 	C:\Users\jagdeep.khatana\.jdks\openjdk-18.0.1.1\bin\jimage.dll
0x00007ffe72270000 - 0x00007ffe72454000 	C:\WINDOWS\SYSTEM32\DBGHELP.DLL
0x00007ffe5c240000 - 0x00007ffe5c275000 	C:\WINDOWS\SYSTEM32\dbgcore.DLL
0x00007ffe73e10000 - 0x00007ffe73e92000 	C:\WINDOWS\System32\bcryptPrimitives.dll
0x00007ffe6de70000 - 0x00007ffe6de7e000 	C:\Users\jagdeep.khatana\.jdks\openjdk-18.0.1.1\bin\instrument.dll
0x00007ffe6c520000 - 0x00007ffe6c545000 	C:\Users\jagdeep.khatana\.jdks\openjdk-18.0.1.1\bin\java.dll
0x00007ffe3a990000 - 0x00007ffe3aa66000 	C:\Users\jagdeep.khatana\.jdks\openjdk-18.0.1.1\bin\jsvml.dll
0x00007ffe746b0000 - 0x00007ffe74df4000 	C:\WINDOWS\System32\SHELL32.dll
0x00007ffe71ac0000 - 0x00007ffe72252000 	C:\WINDOWS\SYSTEM32\windows.storage.dll
0x00007ffe75370000 - 0x00007ffe756c5000 	C:\WINDOWS\System32\combase.dll
0x00007ffe73600000 - 0x00007ffe73630000 	C:\WINDOWS\SYSTEM32\Wldp.dll
0x00007ffe75960000 - 0x00007ffe75a0d000 	C:\WINDOWS\System32\SHCORE.dll
0x00007ffe758a0000 - 0x00007ffe758f5000 	C:\WINDOWS\System32\shlwapi.dll
0x00007ffe73ca0000 - 0x00007ffe73cbf000 	C:\WINDOWS\SYSTEM32\profapi.dll
0x00007ffe646f0000 - 0x00007ffe64708000 	C:\Users\jagdeep.khatana\.jdks\openjdk-18.0.1.1\bin\zip.dll
0x00007ffe63b00000 - 0x00007ffe63b13000 	C:\Users\jagdeep.khatana\.jdks\openjdk-18.0.1.1\bin\net.dll
0x00007ffe69f50000 - 0x00007ffe6a05c000 	C:\WINDOWS\SYSTEM32\WINHTTP.dll
0x00007ffe733e0000 - 0x00007ffe7344a000 	C:\WINDOWS\system32\mswsock.dll
0x00007ffe63830000 - 0x00007ffe63846000 	C:\Users\jagdeep.khatana\.jdks\openjdk-18.0.1.1\bin\nio.dll
0x00007ffe5c810000 - 0x00007ffe5c82a000 	C:\Program Files\JetBrains\IntelliJ IDEA Community Edition 2022.3.1\bin\breakgen64.dll
0x00007ffe6c510000 - 0x00007ffe6c520000 	C:\Users\jagdeep.khatana\.jdks\openjdk-18.0.1.1\bin\verify.dll
0x00007ffe73640000 - 0x00007ffe73658000 	C:\WINDOWS\SYSTEM32\CRYPTSP.dll
0x00007ffe72d20000 - 0x00007ffe72d54000 	C:\WINDOWS\system32\rsaenh.dll
0x00007ffe73ed0000 - 0x00007ffe73ef7000 	C:\WINDOWS\System32\bcrypt.dll
0x00007ffe73c60000 - 0x00007ffe73c8e000 	C:\WINDOWS\SYSTEM32\USERENV.dll
0x00007ffe73570000 - 0x00007ffe7357c000 	C:\WINDOWS\SYSTEM32\CRYPTBASE.dll
0x00007ffe730f0000 - 0x00007ffe7312b000 	C:\WINDOWS\SYSTEM32\IPHLPAPI.DLL
0x00007ffe76270000 - 0x00007ffe76278000 	C:\WINDOWS\System32\NSI.dll
0x00007ffe6e720000 - 0x00007ffe6e737000 	C:\WINDOWS\SYSTEM32\dhcpcsvc6.DLL
0x00007ffe6e160000 - 0x00007ffe6e17d000 	C:\WINDOWS\SYSTEM32\dhcpcsvc.DLL
0x00007ffe73130000 - 0x00007ffe731fa000 	C:\WINDOWS\SYSTEM32\DNSAPI.dll
0x00007ffe5c800000 - 0x00007ffe5c80a000 	C:\Users\jagdeep.khatana\AppData\Local\Temp\jansi-1.17.1-3450948904022621866.dll

dbghelp: loaded successfully - version: 4.0.5 - missing functions: none
symbol engine: initialized successfully - sym options: 0x614 - pdb path: .;C:\Users\jagdeep.khatana\.jdks\openjdk-18.0.1.1\bin;C:\WINDOWS\SYSTEM32;C:\WINDOWS\WinSxS\amd64_microsoft.windows.common-controls_6595b64144ccf1df_6.0.19041.1110_none_60b5254171f9507e;C:\Users\jagdeep.khatana\.jdks\openjdk-18.0.1.1\bin\server;C:\Program Files\JetBrains\IntelliJ IDEA Community Edition 2022.3.1\bin;C:\Users\jagdeep.khatana\AppData\Local\Temp

VM Arguments:
jvm_args: -Dmaven.multiModuleProjectDirectory=D:\New OpenVidu\openvidu-call\openvidu-call-back-java -Djansi.passthrough=true -Dmaven.home=C:\Program Files\JetBrains\IntelliJ IDEA Community Edition 2022.3.1\plugins\maven\lib\maven3 -Dclassworlds.conf=C:\Program Files\JetBrains\IntelliJ IDEA Community Edition 2022.3.1\plugins\maven\lib\maven3\bin\m2.conf -Dmaven.ext.class.path=C:\Program Files\JetBrains\IntelliJ IDEA Community Edition 2022.3.1\plugins\maven\lib\maven-event-listener.jar -javaagent:C:\Program Files\JetBrains\IntelliJ IDEA Community Edition 2022.3.1\lib\idea_rt.jar=53277:C:\Program Files\JetBrains\IntelliJ IDEA Community Edition 2022.3.1\bin -Dfile.encoding=UTF-8 -Dsun.stdout.encoding=UTF-8 -Dsun.stderr.encoding=UTF-8 
java_command: org.codehaus.classworlds.Launcher -Didea.version=2022.3.1 clean package
java_class_path (initial): C:\Program Files\JetBrains\IntelliJ IDEA Community Edition 2022.3.1\plugins\maven\lib\maven3\boot\plexus-classworlds-2.6.0.jar;C:\Program Files\JetBrains\IntelliJ IDEA Community Edition 2022.3.1\plugins\maven\lib\maven3\boot\plexus-classworlds.license
Launcher Type: SUN_STANDARD

[Global flags]
     intx CICompilerCount                          = 3                                         {product} {ergonomic}
     uint ConcGCThreads                            = 1                                         {product} {ergonomic}
     uint G1ConcRefinementThreads                  = 4                                         {product} {ergonomic}
   size_t G1HeapRegionSize                         = 1048576                                   {product} {ergonomic}
    uintx GCDrainStackTargetSize                   = 64                                        {product} {ergonomic}
   size_t InitialHeapSize                          = 134217728                                 {product} {ergonomic}
   size_t MarkStackSize                            = 4194304                                   {product} {ergonomic}
   size_t MaxHeapSize                              = 2118123520                                {product} {ergonomic}
   size_t MaxNewSize                               = 1270874112                                {product} {ergonomic}
   size_t MinHeapDeltaBytes                        = 1048576                                   {product} {ergonomic}
   size_t MinHeapSize                              = 8388608                                   {product} {ergonomic}
    uintx NonNMethodCodeHeapSize                   = 5832780                                {pd product} {ergonomic}
    uintx NonProfiledCodeHeapSize                  = 122912730                              {pd product} {ergonomic}
    uintx ProfiledCodeHeapSize                     = 122912730                              {pd product} {ergonomic}
    uintx ReservedCodeCacheSize                    = 251658240                              {pd product} {ergonomic}
     bool SegmentedCodeCache                       = true                                      {product} {ergonomic}
   size_t SoftMaxHeapSize                          = 2118123520                             {manageable} {ergonomic}
     bool UseCompressedClassPointers               = true                           {product lp64_product} {ergonomic}
     bool UseCompressedOops                        = true                           {product lp64_product} {ergonomic}
     bool UseG1GC                                  = true                                      {product} {ergonomic}
     bool UseLargePagesIndividualAllocation        = false                                  {pd product} {ergonomic}

Logging:
Log output configuration:
 #0: stdout all=warning uptime,level,tags foldmultilines=false
 #1: stderr all=off uptime,level,tags foldmultilines=false

Environment Variables:
PATH=C:\Program Files (x86)\Common Files\Oracle\Java\javapath;C:\Program Files\Java\jre1.8.0_333\bin;C:\WINDOWS\system32;C:\WINDOWS;C:\WINDOWS\System32\Wbem;C:\WINDOWS\System32\WindowsPowerShell\v1.0\;C:\WINDOWS\System32\OpenSSH\;C:\Program Files\PuTTY\;C:\Program Files\apache-maven-3.8.6\bin;C:\Program Files\nodejs\;C:\Users\jagdeep.khatana\AppData\Local\Programs\Python\Python310\Scripts\;C:\Users\jagdeep.khatana\AppData\Local\Programs\Python\Python310\;C:\Users\jagdeep.khatana\AppData\Local\Microsoft\WindowsApps;C:\Users\jagdeep.khatana\AppData\Local\Programs\Microsoft VS Code\bin;C:\Users\jagdeep.khatana\AppData\Roaming\npm;C:\Users\jagdeep.khatana\AppData\Local\Programs\Git\cmd
USERNAME=jagdeep.khatana
OS=Windows_NT
PROCESSOR_IDENTIFIER=Intel64 Family 6 Model 142 Stepping 9, GenuineIntel



---------------  S Y S T E M  ---------------

OS:
 Windows 10 , 64 bit Build 19041 (10.0.19041.2364)
OS uptime: 1 days 23:32 hours
Hyper-V role detected

CPU: total 4 (initial active 4) (2 cores per cpu, 2 threads per core) family 6 model 142 stepping 9 microcode 0xb4, cx8, cmov, fxsr, ht, mmx, 3dnowpref, sse, sse2, sse3, ssse3, sse4.1, sse4.2, popcnt, lzcnt, tsc, tscinvbit, avx, avx2, aes, erms, clmul, bmi1, bmi2, rtm, adx, fma, vzeroupper, clflush, clflushopt, hv

Memory: 4k page, system-wide physical 8074M (245M free)
TotalPageFile size 16467M (AvailPageFile size 8M)
current process WorkingSet (physical memory assigned to process): 438M, peak: 438M
current process commit charge ("private bytes"): 523M, peak: 527M

vm_info: OpenJDK 64-Bit Server VM (18.0.1.1+2-6) for windows-amd64 JRE (18.0.1.1+2-6), built on Apr 25 2022 21:50:56 by "mach5one" with MS VC++ 16.8 / 16.9 (VS2019)

END.
