#
# There is insufficient memory for the Java Runtime Environment to continue.
# Native memory allocation (malloc) failed to allocate 32744 bytes for Chunk::new
# Possible reasons:
#   The system is out of physical RAM or swap space
#   The process is running with CompressedOops enabled, and the Java Heap may be blocking the growth of the native heap
# Possible solutions:
#   Reduce memory load on the system
#   Increase physical memory or swap space
#   Check if swap backing store is full
#   Decrease Java heap size (-Xmx/-Xms)
#   Decrease number of Java threads
#   Decrease Java thread stack sizes (-Xss)
#   Set larger code cache with -XX:ReservedCodeCacheSize=
#   JVM is running with Unscaled Compressed Oops mode in which the Java heap is
#     placed in the first 4GB address space. The Java Heap base address is the
#     maximum limit for the native heap growth. Please use -XX:HeapBaseMinAddress
#     to set the Java Heap base and to place the Java Heap above 4GB virtual address.
# This output file may be truncated or incomplete.
#
#  Out of Memory Error (arena.cpp:184), pid=8904, tid=6344
#
# JRE version: OpenJDK Runtime Environment (18.0.1.1+2) (build 18.0.1.1+2-6)
# Java VM: OpenJDK 64-Bit Server VM (18.0.1.1+2-6, mixed mode, sharing, tiered, compressed oops, compressed class ptrs, g1 gc, windows-amd64)
# No core dump will be written. Minidumps are not enabled by default on client versions of Windows
#

---------------  S U M M A R Y ------------

Command Line: -Dmaven.multiModuleProjectDirectory=D:\New OpenVidu\openvidu-call\openvidu-call-back-java -Djansi.passthrough=true -Dmaven.home=C:\Program Files\JetBrains\IntelliJ IDEA Community Edition 2022.3.1\plugins\maven\lib\maven3 -Dclassworlds.conf=C:\Program Files\JetBrains\IntelliJ IDEA Community Edition 2022.3.1\plugins\maven\lib\maven3\bin\m2.conf -Dmaven.ext.class.path=C:\Program Files\JetBrains\IntelliJ IDEA Community Edition 2022.3.1\plugins\maven\lib\maven-event-listener.jar -javaagent:C:\Program Files\JetBrains\IntelliJ IDEA Community Edition 2022.3.1\lib\idea_rt.jar=56388:C:\Program Files\JetBrains\IntelliJ IDEA Community Edition 2022.3.1\bin -Dfile.encoding=UTF-8 -Dsun.stdout.encoding=UTF-8 -Dsun.stderr.encoding=UTF-8 org.codehaus.classworlds.Launcher -Didea.version=2022.3.1 clean package

Host: Intel(R) Core(TM) i5-7300U CPU @ 2.60GHz, 4 cores, 7G,  Windows 10 , 64 bit Build 19041 (10.0.19041.2364)
Time: Sun Feb 12 14:59:33 2023 India Standard Time elapsed time: 28.943065 seconds (0d 0h 0m 28s)

---------------  T H R E A D  ---------------

Current thread (0x000002a97932dba0):  JavaThread "C2 CompilerThread0" daemon [_thread_in_native, id=6344, stack(0x000000b0e8600000,0x000000b0e8700000)]


Current CompileTask:
C2:  28943 7943   !   4      
[error occurred during error reporting (printing current compile task), id 0xe0000001, Out of Memory Error (s\open\src\hotspot\share\memory\arena.cpp:184)]

Stack: [0x000000b0e8600000,0x000000b0e8700000]
Native frames: (J=compiled Java code, j=interpreted, Vv=VM code, C=native code)
V  [jvm.dll+0x69887a]
V  [jvm.dll+0x7f38bd]
V  [jvm.dll+0x7f51ce]
V  [jvm.dll+0x7f5883]
V  [jvm.dll+0x25ca3f]
V  [jvm.dll+0xb8c2f]
V  [jvm.dll+0xb8fa5]
V  [jvm.dll+0x7600bc]
V  [jvm.dll+0x7601a9]
V  [jvm.dll+0x64e439]
V  [jvm.dll+0x2430a6]
V  [jvm.dll+0x243627]
V  [jvm.dll+0x7f3758]
V  [jvm.dll+0x7f51ce]
V  [jvm.dll+0x7f5883]
V  [jvm.dll+0x25ca3f]
V  [jvm.dll+0xb8c2f]
V  [jvm.dll+0xb8fa5]
V  [jvm.dll+0x38ac98]
V  [jvm.dll+0x385a9e]
V  [jvm.dll+0x34f811]
V  [jvm.dll+0x34ecaa]
V  [jvm.dll+0x22fc21]
V  [jvm.dll+0x22eff1]
V  [jvm.dll+0x1b9cfc]
V  [jvm.dll+0x23e8ca]
V  [jvm.dll+0x23cbb5]
V  [jvm.dll+0x7a5fb1]
V  [jvm.dll+0x7a03ea]
V  [jvm.dll+0x697725]
C  [ucrtbase.dll+0x21bb2]
C  [KERNEL32.DLL+0x17614]
C  [ntdll.dll+0x526a1]


---------------  P R O C E S S  ---------------

Threads class SMR info:
_java_thread_list=0x000002a97dd6ce00, length=25, elements={
0x000002a96aa452a0, 0x000002a97930f2e0, 0x000002a979313e60, 0x000002a979329190,
0x000002a979329d00, 0x000002a97932b700, 0x000002a97932bfb0, 0x000002a97932dba0,
0x000002a979339c20, 0x000002a97936bcf0, 0x000002a9792fde10, 0x000002a97d664800,
0x000002a97d697f70, 0x000002a90f8acc50, 0x000002a90fcdb210, 0x000002a90fcdc550,
0x000002a90fcdca20, 0x000002a90fcdb6e0, 0x000002a90fcd9a00, 0x000002a90fcdad40,
0x000002a90fcdbbb0, 0x000002a90fcda870, 0x000002a90fcd9060, 0x000002a90fcd9530,
0x000002a97ed52170
}

Java Threads: ( => current thread )
  0x000002a96aa452a0 JavaThread "main" [_thread_in_native, id=16364, stack(0x000000b0e7900000,0x000000b0e7a00000)]
  0x000002a97930f2e0 JavaThread "Reference Handler" daemon [_thread_blocked, id=8260, stack(0x000000b0e8000000,0x000000b0e8100000)]
  0x000002a979313e60 JavaThread "Finalizer" daemon [_thread_blocked, id=6588, stack(0x000000b0e8100000,0x000000b0e8200000)]
  0x000002a979329190 JavaThread "Signal Dispatcher" daemon [_thread_blocked, id=5660, stack(0x000000b0e8200000,0x000000b0e8300000)]
  0x000002a979329d00 JavaThread "Attach Listener" daemon [_thread_blocked, id=15492, stack(0x000000b0e8300000,0x000000b0e8400000)]
  0x000002a97932b700 JavaThread "Service Thread" daemon [_thread_blocked, id=1224, stack(0x000000b0e8400000,0x000000b0e8500000)]
  0x000002a97932bfb0 JavaThread "Monitor Deflation Thread" daemon [_thread_blocked, id=17348, stack(0x000000b0e8500000,0x000000b0e8600000)]
=>0x000002a97932dba0 JavaThread "C2 CompilerThread0" daemon [_thread_in_native, id=6344, stack(0x000000b0e8600000,0x000000b0e8700000)]
  0x000002a979339c20 JavaThread "C1 CompilerThread0" daemon [_thread_blocked, id=19248, stack(0x000000b0e8700000,0x000000b0e8800000)]
  0x000002a97936bcf0 JavaThread "Sweeper thread" daemon [_thread_blocked, id=9120, stack(0x000000b0e8800000,0x000000b0e8900000)]
  0x000002a9792fde10 JavaThread "Common-Cleaner" daemon [_thread_blocked, id=7148, stack(0x000000b0e8900000,0x000000b0e8a00000)]
  0x000002a97d664800 JavaThread "Monitor Ctrl-Break" daemon [_thread_in_native, id=13216, stack(0x000000b0e8a00000,0x000000b0e8b00000)]
  0x000002a97d697f70 JavaThread "Notification Thread" daemon [_thread_blocked, id=18392, stack(0x000000b0e8b00000,0x000000b0e8c00000)]
  0x000002a90f8acc50 JavaThread "resolver-1" daemon [_thread_blocked, id=20348, stack(0x000000b0e9300000,0x000000b0e9400000)]
  0x000002a90fcdb210 JavaThread "resolver-2" daemon [_thread_blocked, id=7764, stack(0x000000b0e9400000,0x000000b0e9500000)]
  0x000002a90fcdc550 JavaThread "resolver-3" daemon [_thread_blocked, id=18272, stack(0x000000b0e9500000,0x000000b0e9600000)]
  0x000002a90fcdca20 JavaThread "resolver-4" daemon [_thread_blocked, id=15944, stack(0x000000b0e9600000,0x000000b0e9700000)]
  0x000002a90fcdb6e0 JavaThread "resolver-5" daemon [_thread_blocked, id=7476, stack(0x000000b0e9700000,0x000000b0e9800000)]
  0x000002a90fcd9a00 JavaThread "timeout-check-timer" daemon [_thread_blocked, id=17804, stack(0x000000b0e9800000,0x000000b0e9900000)]
  0x000002a90fcdad40 JavaThread "ping-timer-10s" daemon [_thread_blocked, id=18844, stack(0x000000b0e9900000,0x000000b0e9a00000)]
  0x000002a90fcdbbb0 JavaThread "ThreadedStreamConsumer" daemon [_thread_blocked, id=8664, stack(0x000000b0e9a00000,0x000000b0e9b00000)]
  0x000002a90fcda870 JavaThread "Thread-2" [_thread_blocked, id=17968, stack(0x000000b0e9b00000,0x000000b0e9c00000)]
  0x000002a90fcd9060 JavaThread "Thread-3" [_thread_in_native, id=1176, stack(0x000000b0e9c00000,0x000000b0e9d00000)]
  0x000002a90fcd9530 JavaThread "Thread-4" [_thread_in_native, id=16768, stack(0x000000b0e9d00000,0x000000b0e9e00000)]
  0x000002a97ed52170 JavaThread "C2 CompilerThread1" daemon [_thread_blocked, id=12856, stack(0x000000b0e8d00000,0x000000b0e8e00000)]

Other Threads:
  0x000002a97930c3d0 VMThread "VM Thread" [stack: 0x000000b0e7f00000,0x000000b0e8000000] [id=18704]
  0x000002a97d6642e0 WatcherThread "VM Periodic Task Thread" [stack: 0x000000b0e8c00000,0x000000b0e8d00000] [id=12864]
  0x000002a96aaa1a00 WorkerThread "GC Thread#0" [stack: 0x000000b0e7a00000,0x000000b0e7b00000] [id=18908]
  0x000002a97da3a180 WorkerThread "GC Thread#1" [stack: 0x000000b0e8e00000,0x000000b0e8f00000] [id=16816]
  0x000002a97dbaba50 WorkerThread "GC Thread#2" [stack: 0x000000b0e8f00000,0x000000b0e9000000] [id=5848]
  0x000002a97dcf90c0 WorkerThread "GC Thread#3" [stack: 0x000000b0e9000000,0x000000b0e9100000] [id=11424]
  0x000002a96aab34d0 ConcurrentGCThread "G1 Main Marker" [stack: 0x000000b0e7b00000,0x000000b0e7c00000] [id=19444]
  0x000002a96aab6580 WorkerThread "G1 Conc#0" [stack: 0x000000b0e7c00000,0x000000b0e7d00000] [id=16148]
  0x000002a96aaf59f0 ConcurrentGCThread "G1 Refine#0" [stack: 0x000000b0e7d00000,0x000000b0e7e00000] [id=6848]
  0x000002a97d90d770 ConcurrentGCThread "G1 Refine#1" [stack: 0x000000b0e9100000,0x000000b0e9200000] [id=7548]
  0x000002a97d90c690 ConcurrentGCThread "G1 Refine#2" [stack: 0x000000b0e9200000,0x000000b0e9300000] [id=2596]
  0x000002a96aaf6210 ConcurrentGCThread "G1 Service" [stack: 0x000000b0e7e00000,0x000000b0e7f00000] [id=8404]

Threads with active compile tasks:
C2 CompilerThread0    29008 7943   !   4       java.lang.ClassLoader::loadClass (121 bytes)

VM state: not at safepoint (normal execution)

VM Mutex/Monitor currently owned by a thread: None

Heap address: 0x0000000081c00000, size: 2020 MB, Compressed Oops mode: 32-bit

CDS archive(s) mapped at: [0x0000000800000000-0x0000000800b90000-0x0000000800b90000), size 12124160, SharedBaseAddress: 0x0000000800000000, ArchiveRelocationMode: 0.
Compressed class space mapped at: 0x0000000800c00000-0x0000000840c00000, reserved size: 1073741824
Narrow klass base: 0x0000000800000000, Narrow klass shift: 0, Narrow klass range: 0x100000000

GC Precious Log:
 CardTable entry size: 512
 Card Set container configuration: InlinePtr #cards 5 size 8 Array Of Cards #cards 12 size 40 Howl #buckets 4 coarsen threshold 1843 Howl Bitmap #cards 512 size 80 coarsen threshold 460 Card regions per heap region 1 cards per card region 2048
 CPUs: 4 total, 4 available
 Memory: 8074M
 Large Page Support: Disabled
 NUMA Support: Disabled
 Compressed Oops: Enabled (32-bit)
 Heap Region Size: 1M
 Heap Min Capacity: 8M
 Heap Initial Capacity: 128M
 Heap Max Capacity: 2020M
 Pre-touch: Disabled
 Parallel Workers: 4
 Concurrent Workers: 1
 Concurrent Refinement Workers: 4
 Periodic GC: Disabled

Heap:
 garbage-first heap   total 190464K, used 77715K [0x0000000081c00000, 0x0000000100000000)
  region size 1024K, 38 young (38912K), 1 survivors (1024K)
 Metaspace       used 31028K, committed 31488K, reserved 1114112K
  class space    used 3294K, committed 3520K, reserved 1048576K

Heap Regions: E=young(eden), S=young(survivor), O=old, HS=humongous(starts), HC=humongous(continues), CS=collection set, F=free, OA=open archive, CA=closed archive, TAMS=top-at-mark-start (previous, next)
|   0|0x0000000081c00000, 0x0000000081d00000, 0x0000000081d00000|100%| O|  |TAMS 0x0000000081d00000, 0x0000000081c00000| Untracked 
|   1|0x0000000081d00000, 0x0000000081e00000, 0x0000000081e00000|100%| O|  |TAMS 0x0000000081e00000, 0x0000000081d00000| Untracked 
|   2|0x0000000081e00000, 0x0000000081f00000, 0x0000000081f00000|100%| O|  |TAMS 0x0000000081f00000, 0x0000000081e00000| Untracked 
|   3|0x0000000081f00000, 0x0000000082000000, 0x0000000082000000|100%| O|  |TAMS 0x0000000082000000, 0x0000000081f00000| Untracked 
|   4|0x0000000082000000, 0x0000000082100000, 0x0000000082100000|100%| O|  |TAMS 0x0000000082100000, 0x0000000082000000| Untracked 
|   5|0x0000000082100000, 0x0000000082200000, 0x0000000082200000|100%| O|  |TAMS 0x0000000082200000, 0x0000000082100000| Untracked 
|   6|0x0000000082200000, 0x0000000082300000, 0x0000000082300000|100%| O|  |TAMS 0x0000000082300000, 0x0000000082200000| Untracked 
|   7|0x0000000082300000, 0x0000000082400000, 0x0000000082400000|100%| O|  |TAMS 0x0000000082400000, 0x0000000082300000| Untracked 
|   8|0x0000000082400000, 0x0000000082500000, 0x0000000082500000|100%| O|  |TAMS 0x0000000082500000, 0x0000000082400000| Untracked 
|   9|0x0000000082500000, 0x0000000082600000, 0x0000000082600000|100%| O|  |TAMS 0x0000000082600000, 0x0000000082500000| Untracked 
|  10|0x0000000082600000, 0x0000000082700000, 0x0000000082700000|100%| O|  |TAMS 0x0000000082700000, 0x0000000082600000| Untracked 
|  11|0x0000000082700000, 0x0000000082800000, 0x0000000082800000|100%| O|  |TAMS 0x0000000082800000, 0x0000000082700000| Untracked 
|  12|0x0000000082800000, 0x0000000082900000, 0x0000000082900000|100%| O|  |TAMS 0x0000000082900000, 0x0000000082800000| Untracked 
|  13|0x0000000082900000, 0x0000000082a00000, 0x0000000082a00000|100%| O|  |TAMS 0x0000000082a00000, 0x0000000082900000| Untracked 
|  14|0x0000000082a00000, 0x0000000082b00000, 0x0000000082b00000|100%| O|  |TAMS 0x0000000082b00000, 0x0000000082a00000| Untracked 
|  15|0x0000000082b00000, 0x0000000082c00000, 0x0000000082c00000|100%| O|  |TAMS 0x0000000082c00000, 0x0000000082b00000| Untracked 
|  16|0x0000000082c00000, 0x0000000082d00000, 0x0000000082d00000|100%| O|  |TAMS 0x0000000082d00000, 0x0000000082c00000| Untracked 
|  17|0x0000000082d00000, 0x0000000082d00000, 0x0000000082e00000|  0%| F|  |TAMS 0x0000000082d00000, 0x0000000082d00000| Untracked 
|  18|0x0000000082e00000, 0x0000000082f00000, 0x0000000082f00000|100%| O|  |TAMS 0x0000000082e00000, 0x0000000082e00000| Untracked 
|  19|0x0000000082f00000, 0x0000000082f9ac00, 0x0000000083000000| 60%| O|  |TAMS 0x0000000082f00000, 0x0000000082f00000| Untracked 
|  20|0x0000000083000000, 0x0000000083000000, 0x0000000083100000|  0%| F|  |TAMS 0x0000000083000000, 0x0000000083000000| Untracked 
|  21|0x0000000083100000, 0x0000000083200000, 0x0000000083200000|100%| O|  |TAMS 0x0000000083200000, 0x0000000083100000| Untracked 
|  22|0x0000000083200000, 0x0000000083300000, 0x0000000083300000|100%|HS|  |TAMS 0x0000000083300000, 0x0000000083200000| Complete 
|  23|0x0000000083300000, 0x0000000083400000, 0x0000000083400000|100%|HC|  |TAMS 0x0000000083400000, 0x0000000083300000| Complete 
|  24|0x0000000083400000, 0x0000000083400000, 0x0000000083500000|  0%| F|  |TAMS 0x0000000083400000, 0x0000000083400000| Untracked 
|  25|0x0000000083500000, 0x0000000083600000, 0x0000000083600000|100%| O|  |TAMS 0x0000000083600000, 0x0000000083500000| Untracked 
|  26|0x0000000083600000, 0x0000000083700000, 0x0000000083700000|100%| O|  |TAMS 0x0000000083700000, 0x0000000083600000| Untracked 
|  27|0x0000000083700000, 0x0000000083800000, 0x0000000083800000|100%| O|  |TAMS 0x0000000083800000, 0x0000000083700000| Untracked 
|  28|0x0000000083800000, 0x0000000083900000, 0x0000000083900000|100%| O|  |TAMS 0x0000000083900000, 0x0000000083800000| Untracked 
|  29|0x0000000083900000, 0x0000000083a00000, 0x0000000083a00000|100%| O|  |TAMS 0x0000000083a00000, 0x0000000083900000| Untracked 
|  30|0x0000000083a00000, 0x0000000083a00000, 0x0000000083b00000|  0%| F|  |TAMS 0x0000000083a00000, 0x0000000083a00000| Untracked 
|  31|0x0000000083b00000, 0x0000000083b00000, 0x0000000083c00000|  0%| F|  |TAMS 0x0000000083b00000, 0x0000000083b00000| Untracked 
|  32|0x0000000083c00000, 0x0000000083d00000, 0x0000000083d00000|100%| O|  |TAMS 0x0000000083d00000, 0x0000000083c00000| Untracked 
|  33|0x0000000083d00000, 0x0000000083e00000, 0x0000000083e00000|100%| O|  |TAMS 0x0000000083e00000, 0x0000000083d00000| Untracked 
|  34|0x0000000083e00000, 0x0000000083f00000, 0x0000000083f00000|100%| O|  |TAMS 0x0000000083f00000, 0x0000000083e00000| Untracked 
|  35|0x0000000083f00000, 0x0000000084000000, 0x0000000084000000|100%| O|  |TAMS 0x0000000084000000, 0x0000000083f00000| Untracked 
|  36|0x0000000084000000, 0x0000000084000000, 0x0000000084100000|  0%| F|  |TAMS 0x0000000084000000, 0x0000000084000000| Untracked 
|  37|0x0000000084100000, 0x0000000084100000, 0x0000000084200000|  0%| F|  |TAMS 0x0000000084100000, 0x0000000084100000| Untracked 
|  38|0x0000000084200000, 0x0000000084300000, 0x0000000084300000|100%| O|  |TAMS 0x0000000084300000, 0x0000000084200000| Untracked 
|  39|0x0000000084300000, 0x0000000084400000, 0x0000000084400000|100%| O|  |TAMS 0x0000000084400000, 0x0000000084300000| Untracked 
|  40|0x0000000084400000, 0x0000000084400000, 0x0000000084500000|  0%| F|  |TAMS 0x0000000084400000, 0x0000000084400000| Untracked 
|  41|0x0000000084500000, 0x0000000084600000, 0x0000000084600000|100%| O|  |TAMS 0x0000000084600000, 0x0000000084500000| Untracked 
|  42|0x0000000084600000, 0x0000000084700000, 0x0000000084700000|100%| O|  |TAMS 0x0000000084700000, 0x0000000084600000| Untracked 
|  43|0x0000000084700000, 0x0000000084800000, 0x0000000084800000|100%| O|  |TAMS 0x0000000084800000, 0x0000000084700000| Untracked 
|  44|0x0000000084800000, 0x0000000084900000, 0x0000000084900000|100%| O|  |TAMS 0x0000000084900000, 0x0000000084800000| Untracked 
|  45|0x0000000084900000, 0x0000000084a00000, 0x0000000084a00000|100%| O|  |TAMS 0x0000000084a00000, 0x0000000084900000| Untracked 
|  46|0x0000000084a00000, 0x0000000084b00000, 0x0000000084b00000|100%| O|  |TAMS 0x0000000084b00000, 0x0000000084a00000| Untracked 
|  47|0x0000000084b00000, 0x0000000084c00000, 0x0000000084c00000|100%| O|  |TAMS 0x0000000084c00000, 0x0000000084b00000| Untracked 
|  48|0x0000000084c00000, 0x0000000084d00000, 0x0000000084d00000|100%| O|  |TAMS 0x0000000084c4b400, 0x0000000084c00000| Untracked 
|  49|0x0000000084d00000, 0x0000000084d00000, 0x0000000084e00000|  0%| F|  |TAMS 0x0000000084d00000, 0x0000000084d00000| Untracked 
|  50|0x0000000084e00000, 0x0000000084e00000, 0x0000000084f00000|  0%| F|  |TAMS 0x0000000084e00000, 0x0000000084e00000| Untracked 
|  51|0x0000000084f00000, 0x0000000084f00000, 0x0000000085000000|  0%| F|  |TAMS 0x0000000084f00000, 0x0000000084f00000| Untracked 
|  52|0x0000000085000000, 0x0000000085000000, 0x0000000085100000|  0%| F|  |TAMS 0x0000000085000000, 0x0000000085000000| Untracked 
|  53|0x0000000085100000, 0x0000000085100000, 0x0000000085200000|  0%| F|  |TAMS 0x0000000085100000, 0x0000000085100000| Untracked 
|  54|0x0000000085200000, 0x0000000085200000, 0x0000000085300000|  0%| F|  |TAMS 0x0000000085200000, 0x0000000085200000| Untracked 
|  55|0x0000000085300000, 0x0000000085300000, 0x0000000085400000|  0%| F|  |TAMS 0x0000000085300000, 0x0000000085300000| Untracked 
|  56|0x0000000085400000, 0x0000000085400000, 0x0000000085500000|  0%| F|  |TAMS 0x0000000085400000, 0x0000000085400000| Untracked 
|  57|0x0000000085500000, 0x0000000085500000, 0x0000000085600000|  0%| F|  |TAMS 0x0000000085500000, 0x0000000085500000| Untracked 
|  58|0x0000000085600000, 0x0000000085600000, 0x0000000085700000|  0%| F|  |TAMS 0x0000000085600000, 0x0000000085600000| Untracked 
|  59|0x0000000085700000, 0x0000000085700000, 0x0000000085800000|  0%| F|  |TAMS 0x0000000085700000, 0x0000000085700000| Untracked 
|  60|0x0000000085800000, 0x0000000085800000, 0x0000000085900000|  0%| F|  |TAMS 0x0000000085800000, 0x0000000085800000| Untracked 
|  61|0x0000000085900000, 0x0000000085900000, 0x0000000085a00000|  0%| F|  |TAMS 0x0000000085900000, 0x0000000085900000| Untracked 
|  62|0x0000000085a00000, 0x0000000085a00000, 0x0000000085b00000|  0%| F|  |TAMS 0x0000000085a00000, 0x0000000085a00000| Untracked 
|  63|0x0000000085b00000, 0x0000000085b00000, 0x0000000085c00000|  0%| F|  |TAMS 0x0000000085b00000, 0x0000000085b00000| Untracked 
|  64|0x0000000085c00000, 0x0000000085c00000, 0x0000000085d00000|  0%| F|  |TAMS 0x0000000085c00000, 0x0000000085c00000| Untracked 
|  65|0x0000000085d00000, 0x0000000085d00000, 0x0000000085e00000|  0%| F|  |TAMS 0x0000000085d00000, 0x0000000085d00000| Untracked 
|  66|0x0000000085e00000, 0x0000000085e00000, 0x0000000085f00000|  0%| F|  |TAMS 0x0000000085e00000, 0x0000000085e00000| Untracked 
|  67|0x0000000085f00000, 0x0000000085f00000, 0x0000000086000000|  0%| F|  |TAMS 0x0000000085f00000, 0x0000000085f00000| Untracked 
|  68|0x0000000086000000, 0x0000000086000000, 0x0000000086100000|  0%| F|  |TAMS 0x0000000086000000, 0x0000000086000000| Untracked 
|  69|0x0000000086100000, 0x0000000086100000, 0x0000000086200000|  0%| F|  |TAMS 0x0000000086100000, 0x0000000086100000| Untracked 
|  70|0x0000000086200000, 0x0000000086200000, 0x0000000086300000|  0%| F|  |TAMS 0x0000000086200000, 0x0000000086200000| Untracked 
|  71|0x0000000086300000, 0x0000000086300000, 0x0000000086400000|  0%| F|  |TAMS 0x0000000086300000, 0x0000000086300000| Untracked 
|  72|0x0000000086400000, 0x0000000086400000, 0x0000000086500000|  0%| F|  |TAMS 0x0000000086400000, 0x0000000086400000| Untracked 
|  73|0x0000000086500000, 0x0000000086500000, 0x0000000086600000|  0%| F|  |TAMS 0x0000000086500000, 0x0000000086500000| Untracked 
|  74|0x0000000086600000, 0x0000000086600000, 0x0000000086700000|  0%| F|  |TAMS 0x0000000086600000, 0x0000000086600000| Untracked 
|  75|0x0000000086700000, 0x0000000086700000, 0x0000000086800000|  0%| F|  |TAMS 0x0000000086700000, 0x0000000086700000| Untracked 
|  76|0x0000000086800000, 0x0000000086800000, 0x0000000086900000|  0%| F|  |TAMS 0x0000000086800000, 0x0000000086800000| Untracked 
|  77|0x0000000086900000, 0x0000000086900000, 0x0000000086a00000|  0%| F|  |TAMS 0x0000000086900000, 0x0000000086900000| Untracked 
|  78|0x0000000086a00000, 0x0000000086a00000, 0x0000000086b00000|  0%| F|  |TAMS 0x0000000086a00000, 0x0000000086a00000| Untracked 
|  79|0x0000000086b00000, 0x0000000086b00000, 0x0000000086c00000|  0%| F|  |TAMS 0x0000000086b00000, 0x0000000086b00000| Untracked 
|  80|0x0000000086c00000, 0x0000000086c00000, 0x0000000086d00000|  0%| F|  |TAMS 0x0000000086c00000, 0x0000000086c00000| Untracked 
|  81|0x0000000086d00000, 0x0000000086d00000, 0x0000000086e00000|  0%| F|  |TAMS 0x0000000086d00000, 0x0000000086d00000| Untracked 
|  82|0x0000000086e00000, 0x0000000086e00000, 0x0000000086f00000|  0%| F|  |TAMS 0x0000000086e00000, 0x0000000086e00000| Untracked 
|  83|0x0000000086f00000, 0x0000000086f00000, 0x0000000087000000|  0%| F|  |TAMS 0x0000000086f00000, 0x0000000086f00000| Untracked 
|  84|0x0000000087000000, 0x0000000087000000, 0x0000000087100000|  0%| F|  |TAMS 0x0000000087000000, 0x0000000087000000| Untracked 
|  85|0x0000000087100000, 0x0000000087100000, 0x0000000087200000|  0%| F|  |TAMS 0x0000000087100000, 0x0000000087100000| Untracked 
|  86|0x0000000087200000, 0x0000000087200000, 0x0000000087300000|  0%| F|  |TAMS 0x0000000087200000, 0x0000000087200000| Untracked 
|  87|0x0000000087300000, 0x0000000087300000, 0x0000000087400000|  0%| F|  |TAMS 0x0000000087300000, 0x0000000087300000| Untracked 
|  88|0x0000000087400000, 0x0000000087400000, 0x0000000087500000|  0%| F|  |TAMS 0x0000000087400000, 0x0000000087400000| Untracked 
|  89|0x0000000087500000, 0x0000000087500000, 0x0000000087600000|  0%| F|  |TAMS 0x0000000087500000, 0x0000000087500000| Untracked 
|  90|0x0000000087600000, 0x0000000087600000, 0x0000000087700000|  0%| F|  |TAMS 0x0000000087600000, 0x0000000087600000| Untracked 
|  91|0x0000000087700000, 0x0000000087700000, 0x0000000087800000|  0%| F|  |TAMS 0x0000000087700000, 0x0000000087700000| Untracked 
|  92|0x0000000087800000, 0x0000000087800000, 0x0000000087900000|  0%| F|  |TAMS 0x0000000087800000, 0x0000000087800000| Untracked 
|  93|0x0000000087900000, 0x0000000087900000, 0x0000000087a00000|  0%| F|  |TAMS 0x0000000087900000, 0x0000000087900000| Untracked 
|  94|0x0000000087a00000, 0x0000000087a00000, 0x0000000087b00000|  0%| F|  |TAMS 0x0000000087a00000, 0x0000000087a00000| Untracked 
|  95|0x0000000087b00000, 0x0000000087b00000, 0x0000000087c00000|  0%| F|  |TAMS 0x0000000087b00000, 0x0000000087b00000| Untracked 
|  96|0x0000000087c00000, 0x0000000087c00000, 0x0000000087d00000|  0%| F|  |TAMS 0x0000000087c00000, 0x0000000087c00000| Untracked 
|  97|0x0000000087d00000, 0x0000000087d00000, 0x0000000087e00000|  0%| F|  |TAMS 0x0000000087d00000, 0x0000000087d00000| Untracked 
|  98|0x0000000087e00000, 0x0000000087e00000, 0x0000000087f00000|  0%| F|  |TAMS 0x0000000087e00000, 0x0000000087e00000| Untracked 
|  99|0x0000000087f00000, 0x0000000087f00000, 0x0000000088000000|  0%| F|  |TAMS 0x0000000087f00000, 0x0000000087f00000| Untracked 
| 100|0x0000000088000000, 0x0000000088000000, 0x0000000088100000|  0%| F|  |TAMS 0x0000000088000000, 0x0000000088000000| Untracked 
| 101|0x0000000088100000, 0x0000000088100000, 0x0000000088200000|  0%| F|  |TAMS 0x0000000088100000, 0x0000000088100000| Untracked 
| 102|0x0000000088200000, 0x0000000088200000, 0x0000000088300000|  0%| F|  |TAMS 0x0000000088200000, 0x0000000088200000| Untracked 
| 103|0x0000000088300000, 0x0000000088300000, 0x0000000088400000|  0%| F|  |TAMS 0x0000000088300000, 0x0000000088300000| Untracked 
| 104|0x0000000088400000, 0x0000000088400000, 0x0000000088500000|  0%| F|  |TAMS 0x0000000088400000, 0x0000000088400000| Untracked 
| 105|0x0000000088500000, 0x0000000088500000, 0x0000000088600000|  0%| F|  |TAMS 0x0000000088500000, 0x0000000088500000| Untracked 
| 106|0x0000000088600000, 0x0000000088600000, 0x0000000088700000|  0%| F|  |TAMS 0x0000000088600000, 0x0000000088600000| Untracked 
| 107|0x0000000088700000, 0x0000000088700000, 0x0000000088800000|  0%| F|  |TAMS 0x0000000088700000, 0x0000000088700000| Untracked 
| 108|0x0000000088800000, 0x0000000088800000, 0x0000000088900000|  0%| F|  |TAMS 0x0000000088800000, 0x0000000088800000| Untracked 
| 109|0x0000000088900000, 0x0000000088900000, 0x0000000088a00000|  0%| F|  |TAMS 0x0000000088900000, 0x0000000088900000| Untracked 
| 110|0x0000000088a00000, 0x0000000088a00000, 0x0000000088b00000|  0%| F|  |TAMS 0x0000000088a00000, 0x0000000088a00000| Untracked 
| 111|0x0000000088b00000, 0x0000000088b00000, 0x0000000088c00000|  0%| F|  |TAMS 0x0000000088b00000, 0x0000000088b00000| Untracked 
| 112|0x0000000088c00000, 0x0000000088c00000, 0x0000000088d00000|  0%| F|  |TAMS 0x0000000088c00000, 0x0000000088c00000| Untracked 
| 113|0x0000000088d00000, 0x0000000088d00000, 0x0000000088e00000|  0%| F|  |TAMS 0x0000000088d00000, 0x0000000088d00000| Untracked 
| 114|0x0000000088e00000, 0x0000000088e00000, 0x0000000088f00000|  0%| F|  |TAMS 0x0000000088e00000, 0x0000000088e00000| Untracked 
| 115|0x0000000088f00000, 0x0000000088f00000, 0x0000000089000000|  0%| F|  |TAMS 0x0000000088f00000, 0x0000000088f00000| Untracked 
| 116|0x0000000089000000, 0x0000000089000000, 0x0000000089100000|  0%| F|  |TAMS 0x0000000089000000, 0x0000000089000000| Untracked 
| 117|0x0000000089100000, 0x0000000089100000, 0x0000000089200000|  0%| F|  |TAMS 0x0000000089100000, 0x0000000089100000| Untracked 
| 118|0x0000000089200000, 0x0000000089200000, 0x0000000089300000|  0%| F|  |TAMS 0x0000000089200000, 0x0000000089200000| Untracked 
| 119|0x0000000089300000, 0x0000000089300000, 0x0000000089400000|  0%| F|  |TAMS 0x0000000089300000, 0x0000000089300000| Untracked 
| 120|0x0000000089400000, 0x0000000089400000, 0x0000000089500000|  0%| F|  |TAMS 0x0000000089400000, 0x0000000089400000| Untracked 
| 121|0x0000000089500000, 0x0000000089500000, 0x0000000089600000|  0%| F|  |TAMS 0x0000000089500000, 0x0000000089500000| Untracked 
| 122|0x0000000089600000, 0x0000000089600000, 0x0000000089700000|  0%| F|  |TAMS 0x0000000089600000, 0x0000000089600000| Untracked 
| 123|0x0000000089700000, 0x0000000089700000, 0x0000000089800000|  0%| F|  |TAMS 0x0000000089700000, 0x0000000089700000| Untracked 
| 124|0x0000000089800000, 0x0000000089800000, 0x0000000089900000|  0%| F|  |TAMS 0x0000000089800000, 0x0000000089800000| Untracked 
| 125|0x0000000089900000, 0x0000000089900000, 0x0000000089a00000|  0%| F|  |TAMS 0x0000000089900000, 0x0000000089900000| Untracked 
| 126|0x0000000089a00000, 0x0000000089a00000, 0x0000000089b00000|  0%| F|  |TAMS 0x0000000089a00000, 0x0000000089a00000| Untracked 
| 127|0x0000000089b00000, 0x0000000089b4a1d8, 0x0000000089c00000| 28%| S|CS|TAMS 0x0000000089b00000, 0x0000000089b00000| Complete 
| 128|0x0000000089c00000, 0x0000000089c00000, 0x0000000089d00000|  0%| F|  |TAMS 0x0000000089c00000, 0x0000000089c00000| Untracked 
| 129|0x0000000089d00000, 0x0000000089d00000, 0x0000000089e00000|  0%| F|  |TAMS 0x0000000089d00000, 0x0000000089d00000| Untracked 
| 130|0x0000000089e00000, 0x0000000089e00000, 0x0000000089f00000|  0%| F|  |TAMS 0x0000000089e00000, 0x0000000089e00000| Untracked 
| 131|0x0000000089f00000, 0x0000000089f00000, 0x000000008a000000|  0%| F|  |TAMS 0x0000000089f00000, 0x0000000089f00000| Untracked 
| 132|0x000000008a000000, 0x000000008a000000, 0x000000008a100000|  0%| F|  |TAMS 0x000000008a000000, 0x000000008a000000| Untracked 
| 133|0x000000008a100000, 0x000000008a100000, 0x000000008a200000|  0%| F|  |TAMS 0x000000008a100000, 0x000000008a100000| Untracked 
| 134|0x000000008a200000, 0x000000008a200000, 0x000000008a300000|  0%| F|  |TAMS 0x000000008a200000, 0x000000008a200000| Untracked 
| 135|0x000000008a300000, 0x000000008a300000, 0x000000008a400000|  0%| F|  |TAMS 0x000000008a300000, 0x000000008a300000| Untracked 
| 136|0x000000008a400000, 0x000000008a400000, 0x000000008a500000|  0%| F|  |TAMS 0x000000008a400000, 0x000000008a400000| Untracked 
| 137|0x000000008a500000, 0x000000008a500000, 0x000000008a600000|  0%| F|  |TAMS 0x000000008a500000, 0x000000008a500000| Untracked 
| 138|0x000000008a600000, 0x000000008a600000, 0x000000008a700000|  0%| F|  |TAMS 0x000000008a600000, 0x000000008a600000| Untracked 
| 139|0x000000008a700000, 0x000000008a700000, 0x000000008a800000|  0%| F|  |TAMS 0x000000008a700000, 0x000000008a700000| Untracked 
| 140|0x000000008a800000, 0x000000008a800000, 0x000000008a900000|  0%| F|  |TAMS 0x000000008a800000, 0x000000008a800000| Untracked 
| 141|0x000000008a900000, 0x000000008a900000, 0x000000008aa00000|  0%| F|  |TAMS 0x000000008a900000, 0x000000008a900000| Untracked 
| 142|0x000000008aa00000, 0x000000008aa00000, 0x000000008ab00000|  0%| F|  |TAMS 0x000000008aa00000, 0x000000008aa00000| Untracked 
| 143|0x000000008ab00000, 0x000000008ab00000, 0x000000008ac00000|  0%| F|  |TAMS 0x000000008ab00000, 0x000000008ab00000| Untracked 
| 144|0x000000008ac00000, 0x000000008ac00000, 0x000000008ad00000|  0%| F|  |TAMS 0x000000008ac00000, 0x000000008ac00000| Untracked 
| 145|0x000000008ad00000, 0x000000008ad00000, 0x000000008ae00000|  0%| F|  |TAMS 0x000000008ad00000, 0x000000008ad00000| Untracked 
| 146|0x000000008ae00000, 0x000000008ae00000, 0x000000008af00000|  0%| F|  |TAMS 0x000000008ae00000, 0x000000008ae00000| Untracked 
| 147|0x000000008af00000, 0x000000008af00000, 0x000000008b000000|  0%| F|  |TAMS 0x000000008af00000, 0x000000008af00000| Untracked 
| 148|0x000000008b000000, 0x000000008b000000, 0x000000008b100000|  0%| F|  |TAMS 0x000000008b000000, 0x000000008b000000| Untracked 
| 149|0x000000008b100000, 0x000000008b200000, 0x000000008b200000|100%| E|  |TAMS 0x000000008b100000, 0x000000008b100000| Complete 
| 150|0x000000008b200000, 0x000000008b300000, 0x000000008b300000|100%| E|CS|TAMS 0x000000008b200000, 0x000000008b200000| Complete 
| 151|0x000000008b300000, 0x000000008b400000, 0x000000008b400000|100%| E|CS|TAMS 0x000000008b300000, 0x000000008b300000| Complete 
| 152|0x000000008b400000, 0x000000008b500000, 0x000000008b500000|100%| E|CS|TAMS 0x000000008b400000, 0x000000008b400000| Complete 
| 153|0x000000008b500000, 0x000000008b600000, 0x000000008b600000|100%| E|CS|TAMS 0x000000008b500000, 0x000000008b500000| Complete 
| 154|0x000000008b600000, 0x000000008b700000, 0x000000008b700000|100%| E|CS|TAMS 0x000000008b600000, 0x000000008b600000| Complete 
| 155|0x000000008b700000, 0x000000008b800000, 0x000000008b800000|100%| E|CS|TAMS 0x000000008b700000, 0x000000008b700000| Complete 
| 156|0x000000008b800000, 0x000000008b900000, 0x000000008b900000|100%| E|CS|TAMS 0x000000008b800000, 0x000000008b800000| Complete 
| 157|0x000000008b900000, 0x000000008ba00000, 0x000000008ba00000|100%| E|CS|TAMS 0x000000008b900000, 0x000000008b900000| Complete 
| 158|0x000000008ba00000, 0x000000008bb00000, 0x000000008bb00000|100%| E|CS|TAMS 0x000000008ba00000, 0x000000008ba00000| Complete 
| 159|0x000000008bb00000, 0x000000008bc00000, 0x000000008bc00000|100%| E|CS|TAMS 0x000000008bb00000, 0x000000008bb00000| Complete 
| 160|0x000000008bc00000, 0x000000008bd00000, 0x000000008bd00000|100%| E|CS|TAMS 0x000000008bc00000, 0x000000008bc00000| Complete 
| 161|0x000000008bd00000, 0x000000008be00000, 0x000000008be00000|100%| E|CS|TAMS 0x000000008bd00000, 0x000000008bd00000| Complete 
| 162|0x000000008be00000, 0x000000008bf00000, 0x000000008bf00000|100%| E|CS|TAMS 0x000000008be00000, 0x000000008be00000| Complete 
| 163|0x000000008bf00000, 0x000000008c000000, 0x000000008c000000|100%| E|CS|TAMS 0x000000008bf00000, 0x000000008bf00000| Complete 
| 164|0x000000008c000000, 0x000000008c100000, 0x000000008c100000|100%| E|CS|TAMS 0x000000008c000000, 0x000000008c000000| Complete 
| 165|0x000000008c100000, 0x000000008c200000, 0x000000008c200000|100%| E|CS|TAMS 0x000000008c100000, 0x000000008c100000| Complete 
| 166|0x000000008c200000, 0x000000008c300000, 0x000000008c300000|100%| E|CS|TAMS 0x000000008c200000, 0x000000008c200000| Complete 
| 167|0x000000008c300000, 0x000000008c400000, 0x000000008c400000|100%| E|CS|TAMS 0x000000008c300000, 0x000000008c300000| Complete 
| 168|0x000000008c400000, 0x000000008c500000, 0x000000008c500000|100%| E|CS|TAMS 0x000000008c400000, 0x000000008c400000| Complete 
| 169|0x000000008c500000, 0x000000008c600000, 0x000000008c600000|100%| E|CS|TAMS 0x000000008c500000, 0x000000008c500000| Complete 
| 170|0x000000008c600000, 0x000000008c700000, 0x000000008c700000|100%| E|  |TAMS 0x000000008c600000, 0x000000008c600000| Complete 
| 171|0x000000008c700000, 0x000000008c800000, 0x000000008c800000|100%| E|CS|TAMS 0x000000008c700000, 0x000000008c700000| Complete 
| 172|0x000000008c800000, 0x000000008c900000, 0x000000008c900000|100%| E|CS|TAMS 0x000000008c800000, 0x000000008c800000| Complete 
| 173|0x000000008c900000, 0x000000008ca00000, 0x000000008ca00000|100%| E|CS|TAMS 0x000000008c900000, 0x000000008c900000| Complete 
| 174|0x000000008ca00000, 0x000000008cb00000, 0x000000008cb00000|100%| E|CS|TAMS 0x000000008ca00000, 0x000000008ca00000| Complete 
| 175|0x000000008cb00000, 0x000000008cc00000, 0x000000008cc00000|100%| E|CS|TAMS 0x000000008cb00000, 0x000000008cb00000| Complete 
| 176|0x000000008cc00000, 0x000000008cd00000, 0x000000008cd00000|100%| E|CS|TAMS 0x000000008cc00000, 0x000000008cc00000| Complete 
| 177|0x000000008cd00000, 0x000000008ce00000, 0x000000008ce00000|100%| E|CS|TAMS 0x000000008cd00000, 0x000000008cd00000| Complete 
| 178|0x000000008ce00000, 0x000000008cf00000, 0x000000008cf00000|100%| E|CS|TAMS 0x000000008ce00000, 0x000000008ce00000| Complete 
| 179|0x000000008cf00000, 0x000000008d000000, 0x000000008d000000|100%| E|CS|TAMS 0x000000008cf00000, 0x000000008cf00000| Complete 
| 180|0x000000008d000000, 0x000000008d100000, 0x000000008d100000|100%| E|CS|TAMS 0x000000008d000000, 0x000000008d000000| Complete 
| 181|0x000000008d100000, 0x000000008d200000, 0x000000008d200000|100%| E|CS|TAMS 0x000000008d100000, 0x000000008d100000| Complete 
| 182|0x000000008d200000, 0x000000008d300000, 0x000000008d300000|100%| E|CS|TAMS 0x000000008d200000, 0x000000008d200000| Complete 
|2017|0x00000000ffd00000, 0x00000000ffe00000, 0x00000000ffe00000|100%| E|CS|TAMS 0x00000000ffd00000, 0x00000000ffd00000| Complete 
|2018|0x00000000ffe00000, 0x00000000fff00000, 0x00000000fff00000|100%| E|CS|TAMS 0x00000000ffe00000, 0x00000000ffe00000| Complete 
|2019|0x00000000fff00000, 0x0000000100000000, 0x0000000100000000|100%| E|CS|TAMS 0x00000000fff00000, 0x00000000fff00000| Complete 

Card table byte_map: [0x000002a972780000,0x000002a972b80000] _byte_map_base: 0x000002a972372000

Marking Bits (Prev, Next): (CMBitMap*) 0x000002a96aaa2f60, (CMBitMap*) 0x000002a96aaa2f20
 Prev Bits: [0x000002a974f10000, 0x000002a976ea0000)
 Next Bits: [0x000002a972f80000, 0x000002a974f10000)

Polling page: 0x000002a96a210000

Metaspace:

Usage:
  Non-class:     27.08 MB used.
      Class:      3.22 MB used.
       Both:     30.30 MB used.

Virtual space:
  Non-class space:       64.00 MB reserved,      27.31 MB ( 43%) committed,  1 nodes.
      Class space:        1.00 GB reserved,       3.44 MB ( <1%) committed,  1 nodes.
             Both:        1.06 GB reserved,      30.75 MB (  3%) committed. 

Chunk freelists:
   Non-Class:  704.00 KB
       Class:  614.00 KB
        Both:  1.29 MB

MaxMetaspaceSize: unlimited
CompressedClassSpaceSize: 1.00 GB
Initial GC threshold: 21.00 MB
Current GC threshold: 47.62 MB
CDS: on
MetaspaceReclaimPolicy: balanced
 - commit_granule_bytes: 65536.
 - commit_granule_words: 8192.
 - virtual_space_node_default_size: 8388608.
 - enlarge_chunks_in_place: 1.
 - new_chunks_are_fully_committed: 0.
 - uncommit_free_chunks: 1.
 - use_allocation_guard: 0.


Internal statistics:

num_allocs_failed_limit: 6.
num_arena_births: 452.
num_arena_deaths: 0.
num_vsnodes_births: 2.
num_vsnodes_deaths: 0.
num_space_committed: 492.
num_space_uncommitted: 0.
num_chunks_returned_to_freelist: 6.
num_chunks_taken_from_freelist: 1535.
num_chunk_merges: 6.
num_chunk_splits: 1094.
num_chunks_enlarged: 845.
num_inconsistent_stats: 0.

CodeHeap 'non-profiled nmethods': size=120000Kb used=4114Kb max_used=4114Kb free=115885Kb
 bounds [0x000002a907ad0000, 0x000002a907ee0000, 0x000002a90f000000]
CodeHeap 'profiled nmethods': size=120000Kb used=16064Kb max_used=16064Kb free=103935Kb
 bounds [0x000002a9005a0000, 0x000002a901560000, 0x000002a907ad0000]
CodeHeap 'non-nmethods': size=5760Kb used=1258Kb max_used=1313Kb free=4501Kb
 bounds [0x000002a900000000, 0x000002a900270000, 0x000002a9005a0000]
 total_blobs=7651 nmethods=7090 adapters=473
 compilation: enabled
              stopped_count=0, restarted_count=0
 full_count=0

Compilation events (20 events):
Event: 27.601 Thread 0x000002a979339c20 7949       3       org.apache.maven.plugin.surefire.report.StatelessXmlReporter::isIllegalEscape (34 bytes)
Event: 27.601 Thread 0x000002a979339c20 nmethod 7949 0x000002a901551110 code [0x000002a9015512a0, 0x000002a9015514d8]
Event: 27.602 Thread 0x000002a979339c20 7951       3       java.io.PrintWriter::append (6 bytes)
Event: 27.602 Thread 0x000002a979339c20 nmethod 7951 0x000002a901551590 code [0x000002a901551740, 0x000002a901551908]
Event: 27.602 Thread 0x000002a979339c20 7952       3       java.io.PrintWriter::append (7 bytes)
Event: 27.602 Thread 0x000002a979339c20 nmethod 7952 0x000002a901551a10 code [0x000002a901551ba0, 0x000002a901551ce8]
Event: 27.615 Thread 0x000002a979339c20 7963       1       org.apache.maven.surefire.util.internal.ImmutableMap$Node::getKey (5 bytes)
Event: 27.615 Thread 0x000002a979339c20 nmethod 7963 0x000002a907ecd290 code [0x000002a907ecd420, 0x000002a907ecd4f8]
Event: 27.616 Thread 0x000002a979339c20 7964       1       org.apache.maven.surefire.util.internal.ImmutableMap$Node::getValue (5 bytes)
Event: 27.616 Thread 0x000002a979339c20 nmethod 7964 0x000002a907ecd590 code [0x000002a907ecd720, 0x000002a907ecd7f8]
Event: 27.617 Thread 0x000002a979339c20 7965   !   2       org.apache.maven.surefire.shade.org.apache.maven.shared.utils.xml.XMLEncode::xmlEncodeTextAsPCDATA (285 bytes)
Event: 27.618 Thread 0x000002a979339c20 nmethod 7965 0x000002a901551d90 code [0x000002a901552020, 0x000002a9015528b8]
Event: 27.621 Thread 0x000002a97ed52170 7955       4       sun.nio.cs.StreamEncoder::implWrite (137 bytes)
Event: 27.639 Thread 0x000002a97ed52170 nmethod 7955 0x000002a907ecd890 code [0x000002a907ecdaa0, 0x000002a907ece3d0]
Event: 27.639 Thread 0x000002a97ed52170 7959   !   4       java.io.PrintWriter::write (49 bytes)
Event: 27.672 Thread 0x000002a97ed52170 nmethod 7959 0x000002a907eced10 code [0x000002a907ecef60, 0x000002a907ed02f0]
Event: 27.672 Thread 0x000002a97ed52170 7953   !   4       java.nio.charset.CharsetEncoder::encode (273 bytes)
Event: 27.707 Thread 0x000002a97ed52170 nmethod 7953 0x000002a907ed1290 code [0x000002a907ed15e0, 0x000002a907ed2998]
Event: 27.708 Thread 0x000002a97ed52170 7954   !   4       sun.nio.cs.StreamEncoder::write (78 bytes)
Event: 27.728 Thread 0x000002a97ed52170 nmethod 7954 0x000002a907ed3910 code [0x000002a907ed3ae0, 0x000002a907ed4370]

GC Heap History (20 events):
Event: 9.468 GC heap before
{Heap before GC invocations=10 (full 0):
 garbage-first heap   total 64512K, used 50687K [0x0000000081c00000, 0x0000000100000000)
  region size 1024K, 17 young (17408K), 2 survivors (2048K)
 Metaspace       used 26827K, committed 27200K, reserved 1114112K
  class space    used 2885K, committed 3072K, reserved 1048576K
}
Event: 9.477 GC heap after
{Heap after GC invocations=11 (full 0):
 garbage-first heap   total 64512K, used 35837K [0x0000000081c00000, 0x0000000100000000)
  region size 1024K, 3 young (3072K), 3 survivors (3072K)
 Metaspace       used 26827K, committed 27200K, reserved 1114112K
  class space    used 2885K, committed 3072K, reserved 1048576K
}
Event: 10.336 GC heap before
{Heap before GC invocations=11 (full 0):
 garbage-first heap   total 64512K, used 50173K [0x0000000081c00000, 0x0000000100000000)
  region size 1024K, 17 young (17408K), 3 survivors (3072K)
 Metaspace       used 27224K, committed 27648K, reserved 1114112K
  class space    used 2917K, committed 3136K, reserved 1048576K
}
Event: 10.349 GC heap after
{Heap after GC invocations=12 (full 0):
 garbage-first heap   total 64512K, used 37158K [0x0000000081c00000, 0x0000000100000000)
  region size 1024K, 3 young (3072K), 3 survivors (3072K)
 Metaspace       used 27224K, committed 27648K, reserved 1114112K
  class space    used 2917K, committed 3136K, reserved 1048576K
}
Event: 10.937 GC heap before
{Heap before GC invocations=13 (full 0):
 garbage-first heap   total 68608K, used 49446K [0x0000000081c00000, 0x0000000100000000)
  region size 1024K, 16 young (16384K), 3 survivors (3072K)
 Metaspace       used 27297K, committed 27776K, reserved 1114112K
  class space    used 2918K, committed 3136K, reserved 1048576K
}
Event: 10.951 GC heap after
{Heap after GC invocations=14 (full 0):
 garbage-first heap   total 68608K, used 43133K [0x0000000081c00000, 0x0000000100000000)
  region size 1024K, 2 young (2048K), 2 survivors (2048K)
 Metaspace       used 27297K, committed 27776K, reserved 1114112K
  class space    used 2918K, committed 3136K, reserved 1048576K
}
Event: 10.956 GC heap before
{Heap before GC invocations=14 (full 0):
 garbage-first heap   total 68608K, used 44157K [0x0000000081c00000, 0x0000000100000000)
  region size 1024K, 3 young (3072K), 2 survivors (2048K)
 Metaspace       used 27297K, committed 27776K, reserved 1114112K
  class space    used 2918K, committed 3136K, reserved 1048576K
}
Event: 10.962 GC heap after
{Heap after GC invocations=15 (full 0):
 garbage-first heap   total 82944K, used 39215K [0x0000000081c00000, 0x0000000100000000)
  region size 1024K, 1 young (1024K), 1 survivors (1024K)
 Metaspace       used 27297K, committed 27776K, reserved 1114112K
  class space    used 2918K, committed 3136K, reserved 1048576K
}
Event: 11.492 GC heap before
{Heap before GC invocations=15 (full 0):
 garbage-first heap   total 82944K, used 58671K [0x0000000081c00000, 0x0000000100000000)
  region size 1024K, 21 young (21504K), 1 survivors (1024K)
 Metaspace       used 27326K, committed 27776K, reserved 1114112K
  class space    used 2918K, committed 3136K, reserved 1048576K
}
Event: 11.499 GC heap after
{Heap after GC invocations=16 (full 0):
 garbage-first heap   total 82944K, used 46045K [0x0000000081c00000, 0x0000000100000000)
  region size 1024K, 3 young (3072K), 3 survivors (3072K)
 Metaspace       used 27326K, committed 27776K, reserved 1114112K
  class space    used 2918K, committed 3136K, reserved 1048576K
}
Event: 11.928 GC heap before
{Heap before GC invocations=17 (full 0):
 garbage-first heap   total 82944K, used 61405K [0x0000000081c00000, 0x0000000100000000)
  region size 1024K, 18 young (18432K), 3 survivors (3072K)
 Metaspace       used 27625K, committed 28032K, reserved 1114112K
  class space    used 2951K, committed 3136K, reserved 1048576K
}
Event: 11.938 GC heap after
{Heap after GC invocations=18 (full 0):
 garbage-first heap   total 82944K, used 49937K [0x0000000081c00000, 0x0000000100000000)
  region size 1024K, 3 young (3072K), 3 survivors (3072K)
 Metaspace       used 27625K, committed 28032K, reserved 1114112K
  class space    used 2951K, committed 3136K, reserved 1048576K
}
Event: 12.057 GC heap before
{Heap before GC invocations=18 (full 0):
 garbage-first heap   total 82944K, used 50961K [0x0000000081c00000, 0x0000000100000000)
  region size 1024K, 4 young (4096K), 3 survivors (3072K)
 Metaspace       used 27701K, committed 28096K, reserved 1114112K
  class space    used 2957K, committed 3136K, reserved 1048576K
}
Event: 12.066 GC heap after
{Heap after GC invocations=19 (full 0):
 garbage-first heap   total 82944K, used 42672K [0x0000000081c00000, 0x0000000100000000)
  region size 1024K, 1 young (1024K), 1 survivors (1024K)
 Metaspace       used 27701K, committed 28096K, reserved 1114112K
  class space    used 2957K, committed 3136K, reserved 1048576K
}
Event: 12.566 GC heap before
{Heap before GC invocations=19 (full 0):
 garbage-first heap   total 82944K, used 59056K [0x0000000081c00000, 0x0000000100000000)
  region size 1024K, 18 young (18432K), 1 survivors (1024K)
 Metaspace       used 28662K, committed 29056K, reserved 1114112K
  class space    used 3071K, committed 3264K, reserved 1048576K
}
Event: 12.568 GC heap after
{Heap after GC invocations=20 (full 0):
 garbage-first heap   total 82944K, used 42703K [0x0000000081c00000, 0x0000000100000000)
  region size 1024K, 1 young (1024K), 1 survivors (1024K)
 Metaspace       used 28662K, committed 29056K, reserved 1114112K
  class space    used 3071K, committed 3264K, reserved 1048576K
}
Event: 13.019 GC heap before
{Heap before GC invocations=21 (full 0):
 garbage-first heap   total 82944K, used 60111K [0x0000000081c00000, 0x0000000100000000)
  region size 1024K, 19 young (19456K), 1 survivors (1024K)
 Metaspace       used 29086K, committed 29504K, reserved 1114112K
  class space    used 3113K, committed 3328K, reserved 1048576K
}
Event: 13.025 GC heap after
{Heap after GC invocations=22 (full 0):
 garbage-first heap   total 82944K, used 43534K [0x0000000081c00000, 0x0000000100000000)
  region size 1024K, 2 young (2048K), 2 survivors (2048K)
 Metaspace       used 29086K, committed 29504K, reserved 1114112K
  class space    used 3113K, committed 3328K, reserved 1048576K
}
Event: 13.085 GC heap before
{Heap before GC invocations=22 (full 0):
 garbage-first heap   total 82944K, used 45582K [0x0000000081c00000, 0x0000000100000000)
  region size 1024K, 4 young (4096K), 2 survivors (2048K)
 Metaspace       used 29099K, committed 29568K, reserved 1114112K
  class space    used 3113K, committed 3328K, reserved 1048576K
}
Event: 13.094 GC heap after
{Heap after GC invocations=23 (full 0):
 garbage-first heap   total 190464K, used 41875K [0x0000000081c00000, 0x0000000100000000)
  region size 1024K, 1 young (1024K), 1 survivors (1024K)
 Metaspace       used 29099K, committed 29568K, reserved 1114112K
  class space    used 3113K, committed 3328K, reserved 1048576K
}

Deoptimization events (20 events):
Event: 27.600 Thread 0x000002a90fcdbbb0 Uncommon trap: trap_request=0xffffffc6 fr.pc=0x000002a907e6ba24 relative=0x0000000000000084
Event: 27.600 Thread 0x000002a90fcdbbb0 Uncommon trap: reason=bimorphic_or_optimized_type_check action=maybe_recompile pc=0x000002a907e6ba24 method=java.util.Collections$UnmodifiableMap$UnmodifiableEntrySet$UnmodifiableEntry.getValue()Ljava/lang/Object; @ 4 c2
Event: 27.600 Thread 0x000002a90fcdbbb0 DEOPT PACKING pc=0x000002a907e6ba24 sp=0x000000b0e9aff2c0
Event: 27.600 Thread 0x000002a90fcdbbb0 DEOPT UNPACKING pc=0x000002a9000523a3 sp=0x000000b0e9aff250 mode 2
Event: 27.600 Thread 0x000002a90fcdbbb0 Uncommon trap: trap_request=0xffffffc6 fr.pc=0x000002a907e6b6bc relative=0x000000000000009c
Event: 27.600 Thread 0x000002a90fcdbbb0 Uncommon trap: reason=bimorphic_or_optimized_type_check action=maybe_recompile pc=0x000002a907e6b6bc method=java.util.Collections$UnmodifiableMap$UnmodifiableEntrySet$1.hasNext()Z @ 4 c2
Event: 27.600 Thread 0x000002a90fcdbbb0 DEOPT PACKING pc=0x000002a907e6b6bc sp=0x000000b0e9aff2c0
Event: 27.600 Thread 0x000002a90fcdbbb0 DEOPT UNPACKING pc=0x000002a9000523a3 sp=0x000000b0e9aff250 mode 2
Event: 27.600 Thread 0x000002a90fcdbbb0 Uncommon trap: trap_request=0xffffffc6 fr.pc=0x000002a907e6cc04 relative=0x0000000000000644
Event: 27.600 Thread 0x000002a90fcdbbb0 Uncommon trap: reason=bimorphic_or_optimized_type_check action=maybe_recompile pc=0x000002a907e6cc04 method=java.util.Collections$UnmodifiableMap$UnmodifiableEntrySet$1.next()Ljava/util/Map$Entry; @ 8 c2
Event: 27.600 Thread 0x000002a90fcdbbb0 DEOPT PACKING pc=0x000002a907e6cc04 sp=0x000000b0e9aff270
Event: 27.600 Thread 0x000002a90fcdbbb0 DEOPT UNPACKING pc=0x000002a9000523a3 sp=0x000000b0e9aff1e0 mode 2
Event: 27.600 Thread 0x000002a90fcdbbb0 Uncommon trap: trap_request=0xffffffc6 fr.pc=0x000002a907e71ea4 relative=0x0000000000000084
Event: 27.600 Thread 0x000002a90fcdbbb0 Uncommon trap: reason=bimorphic_or_optimized_type_check action=maybe_recompile pc=0x000002a907e71ea4 method=java.util.Collections$UnmodifiableMap$UnmodifiableEntrySet$UnmodifiableEntry.getKey()Ljava/lang/Object; @ 4 c2
Event: 27.600 Thread 0x000002a90fcdbbb0 DEOPT PACKING pc=0x000002a907e71ea4 sp=0x000000b0e9aff2c0
Event: 27.600 Thread 0x000002a90fcdbbb0 DEOPT UNPACKING pc=0x000002a9000523a3 sp=0x000000b0e9aff250 mode 2
Event: 27.600 Thread 0x000002a90fcdbbb0 Uncommon trap: trap_request=0xffffffc6 fr.pc=0x000002a907e6ba24 relative=0x0000000000000084
Event: 27.600 Thread 0x000002a90fcdbbb0 Uncommon trap: reason=bimorphic_or_optimized_type_check action=maybe_recompile pc=0x000002a907e6ba24 method=java.util.Collections$UnmodifiableMap$UnmodifiableEntrySet$UnmodifiableEntry.getValue()Ljava/lang/Object; @ 4 c2
Event: 27.600 Thread 0x000002a90fcdbbb0 DEOPT PACKING pc=0x000002a907e6ba24 sp=0x000000b0e9aff2c0
Event: 27.600 Thread 0x000002a90fcdbbb0 DEOPT UNPACKING pc=0x000002a9000523a3 sp=0x000000b0e9aff250 mode 2

Classes loaded (20 events):
Event: 13.846 Loading class java/lang/ProcessImpl
Event: 13.846 Loading class java/lang/Process
Event: 13.847 Loading class java/lang/Process done
Event: 13.847 Loading class java/lang/ProcessImpl done
Event: 13.856 Loading class java/lang/ProcessImpl$2
Event: 13.856 Loading class java/lang/ProcessImpl$2 done
Event: 13.856 Loading class java/lang/Process$PipeInputStream
Event: 13.856 Loading class java/lang/Process$PipeInputStream done
Event: 13.857 Loading class jdk/internal/event/ProcessStartEvent
Event: 13.857 Loading class jdk/internal/event/Event
Event: 13.857 Loading class jdk/internal/event/Event done
Event: 13.857 Loading class jdk/internal/event/ProcessStartEvent done
Event: 15.275 Loading class java/io/SequenceInputStream
Event: 15.276 Loading class java/io/SequenceInputStream done
Event: 27.587 Loading class java/text/DecimalFormat$FastPathData
Event: 27.587 Loading class java/text/DecimalFormat$FastPathData done
Event: 27.587 Loading class java/text/DecimalFormat$DigitArrays
Event: 27.587 Loading class java/text/DecimalFormat$DigitArrays done
Event: 27.620 Loading class java/io/CharArrayWriter
Event: 27.620 Loading class java/io/CharArrayWriter done

Classes unloaded (0 events):
No events

Classes redefined (0 events):
No events

Internal exceptions (20 events):
Event: 12.756 Thread 0x000002a96aa452a0 Exception <a 'sun/nio/fs/WindowsException'{0x0000000086cd3e88}> (0x0000000086cd3e88) 
thrown [s\open\src\hotspot\share\prims\jni.cpp, line 516]
Event: 12.760 Thread 0x000002a96aa452a0 Exception <a 'sun/nio/fs/WindowsException'{0x0000000086cebdb0}> (0x0000000086cebdb0) 
thrown [s\open\src\hotspot\share\prims\jni.cpp, line 516]
Event: 12.760 Thread 0x000002a96aa452a0 Exception <a 'sun/nio/fs/WindowsException'{0x0000000086cec518}> (0x0000000086cec518) 
thrown [s\open\src\hotspot\share\prims\jni.cpp, line 516]
Event: 12.760 Thread 0x000002a96aa452a0 Exception <a 'sun/nio/fs/WindowsException'{0x0000000086cecad8}> (0x0000000086cecad8) 
thrown [s\open\src\hotspot\share\prims\jni.cpp, line 516]
Event: 12.760 Thread 0x000002a96aa452a0 Exception <a 'sun/nio/fs/WindowsException'{0x0000000086ced230}> (0x0000000086ced230) 
thrown [s\open\src\hotspot\share\prims\jni.cpp, line 516]
Event: 12.760 Thread 0x000002a96aa452a0 Exception <a 'sun/nio/fs/WindowsException'{0x0000000086ced580}> (0x0000000086ced580) 
thrown [s\open\src\hotspot\share\prims\jni.cpp, line 516]
Event: 12.761 Thread 0x000002a96aa452a0 Exception <a 'sun/nio/fs/WindowsException'{0x0000000086cee248}> (0x0000000086cee248) 
thrown [s\open\src\hotspot\share\prims\jni.cpp, line 516]
Event: 12.761 Thread 0x000002a96aa452a0 Exception <a 'sun/nio/fs/WindowsException'{0x0000000086cee578}> (0x0000000086cee578) 
thrown [s\open\src\hotspot\share\prims\jni.cpp, line 516]
Event: 12.761 Thread 0x000002a96aa452a0 Exception <a 'sun/nio/fs/WindowsException'{0x0000000086cef220}> (0x0000000086cef220) 
thrown [s\open\src\hotspot\share\prims\jni.cpp, line 516]
Event: 12.761 Thread 0x000002a96aa452a0 Exception <a 'sun/nio/fs/WindowsException'{0x0000000086cef520}> (0x0000000086cef520) 
thrown [s\open\src\hotspot\share\prims\jni.cpp, line 516]
Event: 12.761 Thread 0x000002a96aa452a0 Exception <a 'sun/nio/fs/WindowsException'{0x0000000086cf01c8}> (0x0000000086cf01c8) 
thrown [s\open\src\hotspot\share\prims\jni.cpp, line 516]
Event: 13.337 Thread 0x000002a97eba6020 Exception <a 'java/lang/NoSuchMethodError'{0x000000008cd561b8}: 'java.lang.Object java.lang.invoke.DirectMethodHandle$Holder.invokeStaticInit(java.lang.Object, java.lang.Object, long, java.lang.Object)'> (0x000000008cd561b8) 
thrown [s\open\src\hotspot\share\interpreter\linkResolver.cpp, line 766]
Event: 13.338 Thread 0x000002a97eba6020 Exception <a 'java/lang/NoSuchMethodError'{0x000000008cd5c650}: 'java.lang.Object java.lang.invoke.DirectMethodHandle$Holder.newInvokeSpecial(java.lang.Object, java.lang.Object, long)'> (0x000000008cd5c650) 
thrown [s\open\src\hotspot\share\interpreter\linkResolver.cpp, line 766]
Event: 13.341 Thread 0x000002a97eba6020 Exception <a 'java/lang/NoSuchMethodError'{0x000000008cd601c8}: 'java.lang.Object java.lang.invoke.Invokers$Holder.linkToTargetMethod(java.lang.Object, long, java.lang.Object)'> (0x000000008cd601c8) 
thrown [s\open\src\hotspot\share\interpreter\linkResolver.cpp, line 766]
Event: 13.343 Thread 0x000002a97eba6020 Exception <a 'java/lang/NoSuchMethodError'{0x000000008cd63e78}: 'long java.lang.invoke.DirectMethodHandle$Holder.invokeInterface(java.lang.Object, java.lang.Object)'> (0x000000008cd63e78) 
thrown [s\open\src\hotspot\share\interpreter\linkResolver.cpp, line 766]
Event: 13.343 Thread 0x000002a97eba6020 Exception <a 'java/lang/NoSuchMethodError'{0x000000008cd677d8}: 'long java.lang.invoke.DelegatingMethodHandle$Holder.reinvoke_L(java.lang.Object, java.lang.Object)'> (0x000000008cd677d8) 
thrown [s\open\src\hotspot\share\interpreter\linkResolver.cpp, line 766]
Event: 13.351 Thread 0x000002a96aa452a0 Implicit null exception at 0x000002a907e8bee0 to 0x000002a907e8c014
Event: 13.358 Thread 0x000002a96aa452a0 Exception <a 'java/lang/NoSuchMethodError'{0x000000008cb0e418}: 'java.lang.String org.apache.maven.execution.MavenExecutionRequest.getFailureBehavior()'> (0x000000008cb0e418) 
thrown [s\open\src\hotspot\share\interpreter\linkResolver.cpp, line 862]
Event: 13.854 Thread 0x000002a96aa452a0 Exception <a 'java/lang/NoSuchMethodError'{0x000000008b4189c8}: 'void java.lang.invoke.DirectMethodHandle$Holder.invokeStatic(java.lang.Object, long)'> (0x000000008b4189c8) 
thrown [s\open\src\hotspot\share\interpreter\linkResolver.cpp, line 766]
Event: 13.855 Thread 0x000002a96aa452a0 Exception <a 'java/lang/NoSuchMethodError'{0x000000008b41df20}: 'java.lang.Object java.lang.invoke.DirectMethodHandle$Holder.newInvokeSpecial(java.lang.Object, long)'> (0x000000008b41df20) 
thrown [s\open\src\hotspot\share\interpreter\linkResolver.cpp, line 766]

VM Operations (20 events):
Event: 12.770 Executing VM operation: HandshakeAllThreads
Event: 12.770 Executing VM operation: HandshakeAllThreads done
Event: 13.019 Executing VM operation: G1CollectForAllocation
Event: 13.025 Executing VM operation: G1CollectForAllocation done
Event: 13.072 Executing VM operation: HandshakeAllThreads
Event: 13.084 Executing VM operation: HandshakeAllThreads done
Event: 13.085 Executing VM operation: G1CollectForAllocation
Event: 13.094 Executing VM operation: G1CollectForAllocation done
Event: 13.305 Executing VM operation: HandshakeAllThreads
Event: 13.305 Executing VM operation: HandshakeAllThreads done
Event: 13.703 Executing VM operation: HandshakeAllThreads
Event: 13.714 Executing VM operation: HandshakeAllThreads done
Event: 13.857 Executing VM operation: HandshakeAllThreads
Event: 13.857 Executing VM operation: HandshakeAllThreads done
Event: 14.870 Executing VM operation: Cleanup
Event: 14.870 Executing VM operation: Cleanup done
Event: 15.877 Executing VM operation: Cleanup
Event: 15.877 Executing VM operation: Cleanup done
Event: 27.996 Executing VM operation: Cleanup
Event: 27.996 Executing VM operation: Cleanup done

Events (20 events):
Event: 12.858 Thread 0x000002a90fb5bf50 Thread added: 0x000002a90fb5bf50
Event: 13.105 Thread 0x000002a97936bcf0 flushing nmethod 0x000002a900fcea10
Event: 13.107 Thread 0x000002a97936bcf0 flushing nmethod 0x000002a90112cd10
Event: 13.107 Thread 0x000002a97936bcf0 flushing nmethod 0x000002a901179790
Event: 13.107 Thread 0x000002a97936bcf0 flushing nmethod 0x000002a901207910
Event: 13.307 Thread 0x000002a97eba6020 Thread added: 0x000002a97eba6020
Event: 13.345 Thread 0x000002a97eba6020 Thread exited: 0x000002a97eba6020
Event: 13.539 Thread 0x000002a90f8acc50 Thread added: 0x000002a90f8acc50
Event: 13.539 Thread 0x000002a90fcdb210 Thread added: 0x000002a90fcdb210
Event: 13.539 Thread 0x000002a90fcdc550 Thread added: 0x000002a90fcdc550
Event: 13.652 Thread 0x000002a90fcdca20 Thread added: 0x000002a90fcdca20
Event: 13.652 Thread 0x000002a90fcdb6e0 Thread added: 0x000002a90fcdb6e0
Event: 13.690 Thread 0x000002a90fcd9a00 Thread added: 0x000002a90fcd9a00
Event: 13.700 Thread 0x000002a90fcdad40 Thread added: 0x000002a90fcdad40
Event: 13.837 Thread 0x000002a90fcdbbb0 Thread added: 0x000002a90fcdbbb0
Event: 13.862 Thread 0x000002a90fcda870 Thread added: 0x000002a90fcda870
Event: 13.862 Thread 0x000002a90fcd9060 Thread added: 0x000002a90fcd9060
Event: 13.862 Thread 0x000002a90fcd9530 Thread added: 0x000002a90fcd9530
Event: 15.262 Thread 0x000002a90fb5bf50 Thread exited: 0x000002a90fb5bf50
Event: 27.615 Thread 0x000002a97ed52170 Thread added: 0x000002a97ed52170


Dynamic libraries:
0x00007ff74df70000 - 0x00007ff74df7e000 	C:\Users\jagdeep.khatana\.jdks\openjdk-18.0.1.1\bin\java.exe
0x00007ffe76670000 - 0x00007ffe76868000 	C:\WINDOWS\SYSTEM32\ntdll.dll
0x00007ffe752b0000 - 0x00007ffe7536f000 	C:\WINDOWS\System32\KERNEL32.DLL
0x00007ffe743d0000 - 0x00007ffe746a2000 	C:\WINDOWS\System32\KERNELBASE.dll
0x00007ffe73f00000 - 0x00007ffe74000000 	C:\WINDOWS\System32\ucrtbase.dll
0x00007ffe646f0000 - 0x00007ffe64707000 	C:\Users\jagdeep.khatana\.jdks\openjdk-18.0.1.1\bin\jli.dll
0x00007ffe5c7e0000 - 0x00007ffe5c7fa000 	C:\Users\jagdeep.khatana\.jdks\openjdk-18.0.1.1\bin\VCRUNTIME140.dll
0x00007ffe76280000 - 0x00007ffe76421000 	C:\WINDOWS\System32\USER32.dll
0x00007ffe63f80000 - 0x00007ffe6421a000 	C:\WINDOWS\WinSxS\amd64_microsoft.windows.common-controls_6595b64144ccf1df_6.0.19041.1110_none_60b5254171f9507e\COMCTL32.dll
0x00007ffe73ea0000 - 0x00007ffe73ec2000 	C:\WINDOWS\System32\win32u.dll
0x00007ffe74ec0000 - 0x00007ffe74f5e000 	C:\WINDOWS\System32\msvcrt.dll
0x00007ffe74e90000 - 0x00007ffe74ebb000 	C:\WINDOWS\System32\GDI32.dll
0x00007ffe74070000 - 0x00007ffe7417f000 	C:\WINDOWS\System32\gdi32full.dll
0x00007ffe74180000 - 0x00007ffe7421d000 	C:\WINDOWS\System32\msvcp_win.dll
0x00007ffe76570000 - 0x00007ffe765a2000 	C:\WINDOWS\System32\IMM32.DLL
0x00007ffe6f060000 - 0x00007ffe6f06c000 	C:\Users\jagdeep.khatana\.jdks\openjdk-18.0.1.1\bin\vcruntime140_1.dll
0x00007ffe376d0000 - 0x00007ffe3775d000 	C:\Users\jagdeep.khatana\.jdks\openjdk-18.0.1.1\bin\msvcp140.dll
0x00007ffdeb670000 - 0x00007ffdec280000 	C:\Users\jagdeep.khatana\.jdks\openjdk-18.0.1.1\bin\server\jvm.dll
0x00007ffe75a10000 - 0x00007ffe75abe000 	C:\WINDOWS\System32\ADVAPI32.dll
0x00007ffe75800000 - 0x00007ffe7589c000 	C:\WINDOWS\System32\sechost.dll
0x00007ffe76090000 - 0x00007ffe761b5000 	C:\WINDOWS\System32\RPCRT4.dll
0x00007ffe74f60000 - 0x00007ffe74f68000 	C:\WINDOWS\System32\PSAPI.DLL
0x00007ffe5fdc0000 - 0x00007ffe5fdc9000 	C:\WINDOWS\SYSTEM32\WSOCK32.dll
0x00007ffe74f70000 - 0x00007ffe74fdb000 	C:\WINDOWS\System32\WS2_32.dll
0x00007ffe62e10000 - 0x00007ffe62e37000 	C:\WINDOWS\SYSTEM32\WINMM.dll
0x00007ffe6c860000 - 0x00007ffe6c86a000 	C:\WINDOWS\SYSTEM32\VERSION.dll
0x00007ffe72560000 - 0x00007ffe72572000 	C:\WINDOWS\SYSTEM32\kernel.appcore.dll
0x00007ffe6f030000 - 0x00007ffe6f03a000 	C:\Users\jagdeep.khatana\.jdks\openjdk-18.0.1.1\bin\jimage.dll
0x00007ffe72270000 - 0x00007ffe72454000 	C:\WINDOWS\SYSTEM32\DBGHELP.DLL
0x00007ffe5c240000 - 0x00007ffe5c275000 	C:\WINDOWS\SYSTEM32\dbgcore.DLL
0x00007ffe73e10000 - 0x00007ffe73e92000 	C:\WINDOWS\System32\bcryptPrimitives.dll
0x00007ffe6f070000 - 0x00007ffe6f07e000 	C:\Users\jagdeep.khatana\.jdks\openjdk-18.0.1.1\bin\instrument.dll
0x00007ffe52d00000 - 0x00007ffe52d25000 	C:\Users\jagdeep.khatana\.jdks\openjdk-18.0.1.1\bin\java.dll
0x00007ffe33f80000 - 0x00007ffe34056000 	C:\Users\jagdeep.khatana\.jdks\openjdk-18.0.1.1\bin\jsvml.dll
0x00007ffe746b0000 - 0x00007ffe74df4000 	C:\WINDOWS\System32\SHELL32.dll
0x00007ffe71ac0000 - 0x00007ffe72252000 	C:\WINDOWS\SYSTEM32\windows.storage.dll
0x00007ffe75370000 - 0x00007ffe756c5000 	C:\WINDOWS\System32\combase.dll
0x00007ffe73600000 - 0x00007ffe73630000 	C:\WINDOWS\SYSTEM32\Wldp.dll
0x00007ffe75960000 - 0x00007ffe75a0d000 	C:\WINDOWS\System32\SHCORE.dll
0x00007ffe758a0000 - 0x00007ffe758f5000 	C:\WINDOWS\System32\shlwapi.dll
0x00007ffe73ca0000 - 0x00007ffe73cbf000 	C:\WINDOWS\SYSTEM32\profapi.dll
0x00007ffe50790000 - 0x00007ffe507a8000 	C:\Users\jagdeep.khatana\.jdks\openjdk-18.0.1.1\bin\zip.dll
0x00007ffe52b00000 - 0x00007ffe52b13000 	C:\Users\jagdeep.khatana\.jdks\openjdk-18.0.1.1\bin\net.dll
0x00007ffe69f50000 - 0x00007ffe6a05c000 	C:\WINDOWS\SYSTEM32\WINHTTP.dll
0x00007ffe733e0000 - 0x00007ffe7344a000 	C:\WINDOWS\system32\mswsock.dll
0x00007ffe50de0000 - 0x00007ffe50df6000 	C:\Users\jagdeep.khatana\.jdks\openjdk-18.0.1.1\bin\nio.dll
0x00007ffe6deb0000 - 0x00007ffe6deca000 	C:\Program Files\JetBrains\IntelliJ IDEA Community Edition 2022.3.1\bin\breakgen64.dll
0x00007ffe6ef70000 - 0x00007ffe6ef80000 	C:\Users\jagdeep.khatana\.jdks\openjdk-18.0.1.1\bin\verify.dll
0x00007ffe73640000 - 0x00007ffe73658000 	C:\WINDOWS\SYSTEM32\CRYPTSP.dll
0x00007ffe72d20000 - 0x00007ffe72d54000 	C:\WINDOWS\system32\rsaenh.dll
0x00007ffe73ed0000 - 0x00007ffe73ef7000 	C:\WINDOWS\System32\bcrypt.dll
0x00007ffe73c60000 - 0x00007ffe73c8e000 	C:\WINDOWS\SYSTEM32\USERENV.dll
0x00007ffe73570000 - 0x00007ffe7357c000 	C:\WINDOWS\SYSTEM32\CRYPTBASE.dll
0x00007ffe730f0000 - 0x00007ffe7312b000 	C:\WINDOWS\SYSTEM32\IPHLPAPI.DLL
0x00007ffe76270000 - 0x00007ffe76278000 	C:\WINDOWS\System32\NSI.dll
0x00007ffe6e720000 - 0x00007ffe6e737000 	C:\WINDOWS\SYSTEM32\dhcpcsvc6.DLL
0x00007ffe6e160000 - 0x00007ffe6e17d000 	C:\WINDOWS\SYSTEM32\dhcpcsvc.DLL
0x00007ffe73130000 - 0x00007ffe731fa000 	C:\WINDOWS\SYSTEM32\DNSAPI.dll
0x00007ffe6de70000 - 0x00007ffe6de7a000 	C:\Users\jagdeep.khatana\AppData\Local\Temp\jansi-1.17.1-15542937269040118817.dll

dbghelp: loaded successfully - version: 4.0.5 - missing functions: none
symbol engine: initialized successfully - sym options: 0x614 - pdb path: .;C:\Users\jagdeep.khatana\.jdks\openjdk-18.0.1.1\bin;C:\WINDOWS\SYSTEM32;C:\WINDOWS\WinSxS\amd64_microsoft.windows.common-controls_6595b64144ccf1df_6.0.19041.1110_none_60b5254171f9507e;C:\Users\jagdeep.khatana\.jdks\openjdk-18.0.1.1\bin\server;C:\Program Files\JetBrains\IntelliJ IDEA Community Edition 2022.3.1\bin;C:\Users\jagdeep.khatana\AppData\Local\Temp

VM Arguments:
jvm_args: -Dmaven.multiModuleProjectDirectory=D:\New OpenVidu\openvidu-call\openvidu-call-back-java -Djansi.passthrough=true -Dmaven.home=C:\Program Files\JetBrains\IntelliJ IDEA Community Edition 2022.3.1\plugins\maven\lib\maven3 -Dclassworlds.conf=C:\Program Files\JetBrains\IntelliJ IDEA Community Edition 2022.3.1\plugins\maven\lib\maven3\bin\m2.conf -Dmaven.ext.class.path=C:\Program Files\JetBrains\IntelliJ IDEA Community Edition 2022.3.1\plugins\maven\lib\maven-event-listener.jar -javaagent:C:\Program Files\JetBrains\IntelliJ IDEA Community Edition 2022.3.1\lib\idea_rt.jar=56388:C:\Program Files\JetBrains\IntelliJ IDEA Community Edition 2022.3.1\bin -Dfile.encoding=UTF-8 -Dsun.stdout.encoding=UTF-8 -Dsun.stderr.encoding=UTF-8 
java_command: org.codehaus.classworlds.Launcher -Didea.version=2022.3.1 clean package
java_class_path (initial): C:\Program Files\JetBrains\IntelliJ IDEA Community Edition 2022.3.1\plugins\maven\lib\maven3\boot\plexus-classworlds-2.6.0.jar;C:\Program Files\JetBrains\IntelliJ IDEA Community Edition 2022.3.1\plugins\maven\lib\maven3\boot\plexus-classworlds.license
Launcher Type: SUN_STANDARD

[Global flags]
     intx CICompilerCount                          = 3                                         {product} {ergonomic}
     uint ConcGCThreads                            = 1                                         {product} {ergonomic}
     uint G1ConcRefinementThreads                  = 4                                         {product} {ergonomic}
   size_t G1HeapRegionSize                         = 1048576                                   {product} {ergonomic}
    uintx GCDrainStackTargetSize                   = 64                                        {product} {ergonomic}
   size_t InitialHeapSize                          = 134217728                                 {product} {ergonomic}
   size_t MarkStackSize                            = 4194304                                   {product} {ergonomic}
   size_t MaxHeapSize                              = 2118123520                                {product} {ergonomic}
   size_t MaxNewSize                               = 1270874112                                {product} {ergonomic}
   size_t MinHeapDeltaBytes                        = 1048576                                   {product} {ergonomic}
   size_t MinHeapSize                              = 8388608                                   {product} {ergonomic}
    uintx NonNMethodCodeHeapSize                   = 5832780                                {pd product} {ergonomic}
    uintx NonProfiledCodeHeapSize                  = 122912730                              {pd product} {ergonomic}
    uintx ProfiledCodeHeapSize                     = 122912730                              {pd product} {ergonomic}
    uintx ReservedCodeCacheSize                    = 251658240                              {pd product} {ergonomic}
     bool SegmentedCodeCache                       = true                                      {product} {ergonomic}
   size_t SoftMaxHeapSize                          = 2118123520                             {manageable} {ergonomic}
     bool UseCompressedClassPointers               = true                           {product lp64_product} {ergonomic}
     bool UseCompressedOops                        = true                           {product lp64_product} {ergonomic}
     bool UseG1GC                                  = true                                      {product} {ergonomic}
     bool UseLargePagesIndividualAllocation        = false                                  {pd product} {ergonomic}

Logging:
Log output configuration:
 #0: stdout all=warning uptime,level,tags foldmultilines=false
 #1: stderr all=off uptime,level,tags foldmultilines=false

Environment Variables:
PATH=C:\Program Files (x86)\Common Files\Oracle\Java\javapath;C:\Program Files\Java\jre1.8.0_333\bin;C:\WINDOWS\system32;C:\WINDOWS;C:\WINDOWS\System32\Wbem;C:\WINDOWS\System32\WindowsPowerShell\v1.0\;C:\WINDOWS\System32\OpenSSH\;C:\Program Files\PuTTY\;C:\Program Files\apache-maven-3.8.6\bin;C:\Program Files\nodejs\;C:\Users\jagdeep.khatana\AppData\Local\Programs\Python\Python310\Scripts\;C:\Users\jagdeep.khatana\AppData\Local\Programs\Python\Python310\;C:\Users\jagdeep.khatana\AppData\Local\Microsoft\WindowsApps;C:\Users\jagdeep.khatana\AppData\Local\Programs\Microsoft VS Code\bin;C:\Users\jagdeep.khatana\AppData\Roaming\npm;C:\Users\jagdeep.khatana\AppData\Local\Programs\Git\cmd
USERNAME=jagdeep.khatana
OS=Windows_NT
PROCESSOR_IDENTIFIER=Intel64 Family 6 Model 142 Stepping 9, GenuineIntel



---------------  S Y S T E M  ---------------

OS:
 Windows 10 , 64 bit Build 19041 (10.0.19041.2364)
OS uptime: 1 days 22:05 hours
Hyper-V role detected

CPU: total 4 (initial active 4) (2 cores per cpu, 2 threads per core) family 6 model 142 stepping 9 microcode 0xb4, cx8, cmov, fxsr, ht, mmx, 3dnowpref, sse, sse2, sse3, ssse3, sse4.1, sse4.2, popcnt, lzcnt, tsc, tscinvbit, avx, avx2, aes, erms, clmul, bmi1, bmi2, rtm, adx, fma, vzeroupper, clflush, clflushopt, hv

Memory: 4k page, system-wide physical 8074M (668M free)
TotalPageFile size 16467M (AvailPageFile size 2M)
current process WorkingSet (physical memory assigned to process): 277M, peak: 277M
current process commit charge ("private bytes"): 382M, peak: 382M

vm_info: OpenJDK 64-Bit Server VM (18.0.1.1+2-6) for windows-amd64 JRE (18.0.1.1+2-6), built on Apr 25 2022 21:50:56 by "mach5one" with MS VC++ 16.8 / 16.9 (VS2019)

END.
